TN:
SF:scripts/analyzeLeadLagCharts.ts
FNF:6
FNH:1
DA:13,41
DA:15,48
DA:16,56
DA:17,48
DA:18,86
DA:19,64
DA:20,94
DA:21,107
DA:26,63
DA:28,36
DA:30,15
DA:33,3
DA:34,37
DA:35,45
DA:36,42
DA:37,0
DA:38,2
DA:39,37
DA:40,17
DA:41,2
DA:42,51
DA:43,53
DA:44,75
DA:45,0
DA:46,0
DA:49,0
DA:53,0
DA:54,0
DA:55,0
DA:56,0
DA:57,0
DA:58,0
DA:59,0
DA:60,0
DA:76,0
DA:77,0
DA:78,0
DA:79,0
DA:80,0
DA:81,0
DA:82,0
DA:83,0
DA:84,0
DA:85,0
DA:86,0
DA:87,0
DA:88,0
DA:89,0
DA:90,0
DA:91,0
DA:92,0
DA:93,0
DA:94,0
DA:95,0
DA:96,0
DA:97,0
DA:98,0
DA:99,0
DA:100,0
DA:101,0
DA:102,0
DA:106,0
DA:107,0
DA:108,0
DA:109,0
DA:110,0
DA:111,0
DA:112,0
DA:113,0
DA:114,0
DA:115,0
DA:116,0
DA:117,0
DA:118,0
DA:119,0
DA:120,0
DA:121,0
DA:122,0
DA:123,0
DA:124,0
DA:125,0
DA:126,0
DA:127,0
DA:128,0
DA:129,0
DA:130,0
DA:131,0
DA:132,0
DA:133,0
DA:134,0
DA:135,0
DA:136,0
DA:137,0
DA:138,0
DA:139,0
DA:140,0
DA:141,0
DA:142,0
DA:143,0
DA:144,0
DA:145,0
DA:146,0
DA:147,0
DA:148,0
DA:149,0
DA:150,0
DA:151,0
DA:152,0
DA:153,0
DA:154,0
DA:155,0
DA:156,0
DA:157,0
DA:158,0
DA:159,0
DA:160,0
DA:161,0
DA:162,0
DA:163,0
DA:164,0
DA:165,0
DA:166,0
DA:167,0
DA:168,0
DA:169,0
DA:170,0
DA:171,0
DA:172,0
DA:173,0
DA:174,0
DA:175,0
DA:176,0
DA:177,0
DA:178,0
DA:179,0
DA:180,0
DA:181,0
DA:182,0
DA:183,0
DA:184,0
DA:185,0
DA:186,0
DA:187,0
DA:188,0
DA:189,0
DA:190,0
DA:191,0
DA:192,0
DA:193,0
DA:194,0
DA:195,0
DA:196,0
DA:197,0
DA:198,0
DA:199,0
DA:200,0
DA:201,0
DA:202,0
DA:203,0
DA:204,0
DA:205,0
DA:206,0
DA:207,0
DA:208,0
DA:209,0
DA:210,0
DA:211,0
DA:212,0
DA:213,0
DA:214,0
DA:215,0
DA:216,0
DA:217,0
DA:218,0
DA:219,0
DA:220,0
DA:221,1
DA:224,20
DA:225,0
DA:226,0
DA:228,0
LF:181
LH:24
end_of_record
TN:
SF:scripts/backtestPaperLoop.ts
FNF:12
FNH:4
DA:1,43
DA:3,41
DA:5,55
DA:6,48
DA:8,79
DA:10,72
DA:11,83
DA:12,56
DA:13,48
DA:14,119
DA:20,64
DA:52,6
DA:53,6
DA:54,20
DA:55,3
DA:56,41
DA:57,58
DA:58,18
DA:59,92
DA:60,12
DA:61,14
DA:62,93
DA:63,84
DA:64,39
DA:65,35
DA:66,67
DA:67,65
DA:68,1
DA:71,17
DA:72,37
DA:73,57
DA:74,12
DA:75,37
DA:76,32
DA:77,27
DA:78,8
DA:79,28
DA:80,30
DA:81,27
DA:82,10
DA:85,11
DA:86,24
DA:87,7
DA:88,14
DA:89,36
DA:90,38
DA:93,0
DA:94,0
DA:95,0
DA:96,0
DA:97,0
DA:98,0
DA:99,0
DA:100,0
DA:101,0
DA:102,0
DA:103,0
DA:104,0
DA:105,0
DA:106,0
DA:107,0
DA:108,0
DA:109,0
DA:110,0
DA:111,0
DA:112,0
DA:116,0
DA:117,0
DA:118,0
DA:119,0
DA:120,0
DA:121,0
DA:122,0
DA:123,0
DA:124,0
DA:125,0
DA:126,0
DA:127,0
DA:128,0
DA:129,0
DA:130,0
DA:131,0
DA:132,0
DA:133,0
DA:134,0
DA:135,0
DA:136,0
DA:137,0
DA:138,0
DA:139,0
DA:140,0
DA:141,0
DA:142,0
DA:143,0
DA:144,0
DA:145,0
DA:146,0
DA:147,0
DA:148,0
DA:149,0
DA:150,0
DA:151,0
DA:152,0
DA:153,0
DA:154,0
DA:155,0
DA:156,0
DA:157,0
DA:158,0
DA:159,0
DA:160,0
DA:161,0
DA:162,0
DA:163,0
DA:164,0
DA:165,0
DA:166,0
DA:167,0
DA:168,0
DA:169,0
DA:170,0
DA:171,0
DA:172,0
DA:173,0
DA:174,0
DA:175,0
DA:176,0
DA:177,0
DA:178,0
DA:179,0
DA:180,0
DA:181,0
DA:182,0
DA:183,0
DA:184,0
DA:185,0
DA:186,0
DA:187,0
DA:188,0
DA:189,0
DA:190,0
DA:191,0
DA:192,0
DA:193,0
DA:194,0
DA:195,0
DA:196,0
DA:197,0
DA:198,0
DA:199,0
DA:200,0
DA:201,0
DA:202,0
DA:203,0
DA:204,0
DA:205,0
DA:206,0
DA:207,0
DA:208,0
DA:209,0
DA:210,0
DA:211,0
DA:212,0
DA:213,0
DA:214,0
DA:215,0
DA:216,0
DA:217,0
DA:218,0
DA:219,0
DA:220,1
DA:224,0
DA:225,0
DA:226,0
DA:227,0
DA:228,0
DA:229,0
DA:230,0
DA:231,0
DA:232,0
DA:233,0
DA:234,0
DA:235,0
DA:236,0
DA:237,0
DA:238,0
DA:239,0
DA:240,0
DA:241,0
DA:242,0
DA:243,0
DA:244,0
DA:245,0
DA:246,0
DA:247,0
DA:248,0
DA:249,0
DA:250,0
DA:251,0
DA:252,0
DA:253,0
DA:254,0
DA:255,0
DA:256,0
DA:257,0
DA:258,0
DA:259,0
DA:260,0
DA:261,0
DA:262,0
DA:263,0
DA:264,0
DA:265,0
DA:266,0
DA:267,0
DA:268,0
DA:269,0
DA:270,0
DA:271,0
DA:272,0
DA:273,0
DA:274,0
DA:275,0
DA:276,0
DA:277,0
DA:278,0
DA:279,0
DA:280,0
DA:281,0
DA:282,0
DA:283,0
DA:284,0
DA:285,0
DA:286,0
DA:287,0
DA:288,0
DA:289,0
DA:290,0
DA:291,0
DA:292,0
DA:293,0
DA:294,0
DA:295,0
DA:296,0
DA:297,0
DA:298,0
DA:299,0
DA:300,0
DA:304,0
DA:305,0
DA:306,0
DA:307,0
DA:308,0
DA:309,0
DA:310,0
DA:311,0
DA:312,0
DA:313,0
DA:314,0
DA:315,0
DA:316,0
DA:317,0
DA:318,0
DA:319,0
DA:320,0
DA:321,0
DA:322,0
DA:323,0
DA:324,0
DA:325,0
DA:326,0
DA:327,0
DA:328,0
DA:329,0
DA:330,0
DA:331,0
DA:335,0
DA:339,0
DA:340,0
DA:341,0
DA:342,0
DA:343,0
DA:344,0
DA:345,1
DA:348,20
DA:349,0
DA:350,0
DA:351,0
DA:353,0
DA:354,0
DA:357,0
LF:291
LH:49
end_of_record
TN:
SF:scripts/checkBulkPrivateApi.ts
FNF:10
FNH:4
DA:1,41
DA:3,48
DA:4,63
DA:5,56
DA:6,47
DA:24,0
DA:25,0
DA:26,0
DA:27,0
DA:28,0
DA:29,0
DA:30,0
DA:31,0
DA:35,11
DA:36,41
DA:39,11
DA:40,72
DA:41,0
DA:42,2
DA:43,30
DA:44,41
DA:47,11
DA:48,70
DA:49,0
DA:50,2
DA:51,18
DA:54,6
DA:55,7
DA:56,3
DA:57,12
DA:58,25
DA:59,27
DA:60,31
DA:61,24
DA:62,1
DA:65,0
DA:66,0
DA:67,0
DA:68,0
DA:72,0
DA:73,0
DA:74,0
DA:75,0
DA:76,0
DA:77,0
DA:78,0
DA:79,0
DA:80,0
DA:81,0
DA:82,0
DA:83,0
DA:84,1
DA:88,13
DA:90,0
DA:91,0
DA:92,0
DA:93,0
DA:94,0
DA:95,0
DA:96,0
DA:97,0
DA:98,0
DA:99,0
DA:100,0
DA:101,0
DA:102,0
DA:103,0
DA:104,0
DA:105,0
DA:106,0
DA:107,0
DA:108,0
DA:109,0
DA:110,0
DA:111,0
DA:112,0
DA:113,0
DA:114,0
DA:115,0
DA:116,0
DA:117,0
DA:118,0
DA:119,0
DA:120,0
DA:121,0
DA:122,0
DA:123,0
DA:124,0
DA:125,0
DA:126,0
DA:127,0
DA:128,0
DA:129,0
DA:130,0
DA:131,0
DA:132,0
DA:133,0
DA:134,0
DA:135,0
DA:136,0
DA:137,0
DA:138,0
DA:139,0
DA:140,0
DA:141,0
DA:142,0
DA:143,0
DA:144,0
DA:145,0
DA:146,0
DA:147,0
DA:148,0
DA:149,0
DA:150,0
DA:151,0
DA:152,0
DA:153,0
DA:154,0
DA:155,0
DA:156,0
DA:157,0
DA:158,0
DA:159,0
DA:160,0
DA:161,0
DA:162,0
DA:163,0
DA:164,0
DA:165,0
DA:166,0
DA:167,0
DA:168,0
DA:169,0
DA:170,0
DA:171,0
DA:172,0
DA:173,0
DA:174,0
DA:175,0
DA:176,0
DA:177,0
DA:178,0
DA:179,0
DA:180,0
DA:181,0
DA:182,0
DA:183,0
DA:184,0
DA:185,0
DA:186,0
DA:187,0
DA:188,0
DA:189,0
DA:190,0
DA:191,0
DA:192,0
DA:193,0
DA:194,1
DA:197,20
DA:198,0
DA:199,0
DA:201,0
LF:162
LH:29
end_of_record
TN:
SF:scripts/evaluateLiveRun.ts
FNF:21
FNH:17
DA:1,33
DA:3,38
DA:4,41
DA:7,77
DA:8,56
DA:9,72
DA:10,68
DA:11,48
DA:12,64
DA:144,24
DA:145,41
DA:146,42
DA:147,2
DA:148,41
DA:149,42
DA:150,2
DA:151,40
DA:152,33
DA:153,2
DA:154,40
DA:155,33
DA:156,0
DA:157,0
DA:160,0
DA:161,0
DA:162,0
DA:163,0
DA:164,0
DA:165,0
DA:166,0
DA:167,0
DA:168,1
DA:172,24
DA:173,54
DA:174,9
DA:175,15
DA:176,58
DA:177,15
DA:178,17
DA:179,0
DA:180,4
DA:181,23
DA:182,6
DA:183,84
DA:184,2
DA:185,15
DA:186,21
DA:187,6
DA:188,151
DA:195,2
DA:196,15
DA:197,18
DA:198,3
DA:199,6
DA:200,60
DA:201,2
DA:202,27
DA:203,26
DA:204,6
DA:205,1455
DA:224,2
DA:225,15
DA:226,19
DA:227,6
DA:228,187
DA:234,2
DA:235,15
DA:236,22
DA:237,6
DA:238,179
DA:245,2
DA:246,11
DA:247,40
DA:248,28
DA:249,6
DA:250,3491
DA:346,2
DA:347,36
DA:348,32
DA:349,6
DA:350,219
DA:357,2
DA:358,15
DA:359,31
DA:360,6
DA:361,266
DA:368,2
DA:369,15
DA:370,30
DA:371,6
DA:372,188
DA:379,2
DA:380,15
DA:381,28
DA:382,6
DA:383,270
DA:390,2
DA:391,15
DA:392,25
DA:393,6
DA:394,324
DA:403,2
DA:404,15
DA:406,64
DA:407,57
DA:409,19
DA:410,21
DA:411,21
DA:412,23
DA:413,25
DA:414,36
DA:415,38
DA:416,28
DA:417,48
DA:418,57
DA:419,32
DA:420,41
DA:421,25
DA:422,53
DA:423,6
DA:424,65
DA:425,45
DA:426,16
DA:427,85
DA:428,35
DA:429,83
DA:430,85
DA:431,84
DA:432,8
DA:433,59
DA:434,37
DA:435,69
DA:436,31
DA:437,35
DA:438,24
DA:439,48
DA:440,57
DA:441,41
DA:442,89
DA:443,68
DA:444,70
DA:445,64
DA:446,66
DA:447,68
DA:448,42
DA:449,22
DA:450,86
DA:451,24
DA:452,86
DA:453,82
DA:454,84
DA:455,65
DA:456,68
DA:457,59
DA:458,50
DA:459,37
DA:460,35
DA:461,39
DA:462,39
DA:463,61
DA:464,44
DA:465,44
DA:466,51
DA:467,64
DA:468,83
DA:469,85
DA:470,73
DA:471,86
DA:472,86
DA:473,55
DA:474,64
DA:475,86
DA:476,60
DA:477,56
DA:478,85
DA:479,79
DA:480,7
DA:481,82
DA:482,5
DA:483,13
DA:487,15
DA:488,12
DA:489,99
DA:490,23
DA:491,4
DA:492,7
DA:493,84
DA:494,6
DA:495,21
DA:496,4
DA:497,7
DA:498,374
DA:508,3
DA:509,1
DA:512,33
DA:513,10
DA:514,6
DA:515,183
DA:524,3633
DA:613,2
DA:614,10
DA:617,24
DA:618,36
DA:619,68
DA:622,21
DA:623,12
DA:624,13
DA:625,10
DA:626,37
DA:627,1
DA:630,21
DA:631,37
DA:634,12
DA:635,29
DA:636,44
DA:637,2
DA:638,12
DA:639,39
DA:640,39
DA:641,39
DA:642,23
DA:643,1
DA:646,12
DA:647,50
DA:648,0
DA:649,2
DA:650,31
DA:651,66
DA:652,11
DA:653,2
DA:654,42
DA:655,86
DA:656,0
DA:657,2
DA:658,17
DA:661,1
DA:662,6
DA:663,12
DA:675,3
DA:676,27
DA:677,14
DA:678,21
DA:679,30
DA:680,30
DA:681,30
DA:682,29
DA:683,29
DA:684,27
DA:685,35
DA:686,42
DA:687,23
DA:688,1
DA:689,2
DA:691,28
DA:692,27
DA:693,27
DA:694,25
DA:695,33
DA:696,40
DA:698,28
DA:699,60
DA:700,28
DA:701,13
DA:702,4
DA:703,97
DA:704,48
DA:705,4
DA:706,95
DA:707,46
DA:708,4
DA:709,95
DA:710,46
DA:711,4
DA:712,91
DA:713,42
DA:714,4
DA:715,4
DA:716,51
DA:717,45
DA:718,7
DA:719,58
DA:720,4
DA:721,4
DA:722,55
DA:723,49
DA:724,7
DA:725,79
DA:726,2
DA:727,2
DA:729,44
DA:730,67
DA:731,22
DA:732,47
DA:733,2
DA:734,78
DA:736,12
DA:737,16
DA:738,55
DA:739,56
DA:740,81
DA:741,54
DA:742,54
DA:743,50
DA:744,66
DA:745,80
DA:746,15
DA:747,1
DA:750,13
DA:751,21
DA:752,0
DA:753,2
DA:754,9
DA:755,39
DA:756,57
DA:757,13
DA:758,0
DA:759,0
DA:760,0
DA:762,0
DA:765,16
DA:766,29
DA:767,0
DA:768,2
DA:769,9
DA:770,29
DA:771,0
DA:772,0
DA:776,24
DA:777,71
DA:778,25
DA:781,24
DA:782,24
DA:783,0
DA:784,2
DA:785,55
DA:786,77
DA:787,34
DA:790,0
DA:791,0
DA:792,0
DA:793,0
DA:794,0
DA:795,0
DA:796,0
DA:797,0
DA:798,0
DA:799,0
DA:800,0
DA:801,0
DA:802,0
DA:803,0
DA:804,0
DA:805,0
DA:806,0
DA:807,0
DA:808,0
DA:809,0
DA:810,0
DA:811,0
DA:812,0
DA:813,0
DA:814,1
DA:817,20
DA:818,0
DA:819,0
DA:820,0
DA:821,0
DA:824,0
LF:368
LH:317
end_of_record
TN:
SF:scripts/generateMetricsReport.ts
FNF:19
FNH:16
DA:1,33
DA:2,41
DA:5,65
DA:7,92
DA:8,56
DA:9,72
DA:10,66
DA:11,48
DA:19,17
DA:20,37
DA:21,90
DA:22,12
DA:23,27
DA:24,7
DA:25,23
DA:26,26
DA:27,28
DA:28,41
DA:29,30
DA:30,30
DA:31,7
DA:32,21
DA:33,7
DA:34,55
DA:35,87
DA:36,101
DA:37,103
DA:38,105
DA:39,90
DA:40,85
DA:41,7
DA:42,13
DA:43,7
DA:44,53
DA:45,57
DA:46,46
DA:47,67
DA:48,62
DA:49,66
DA:50,64
DA:51,70
DA:52,73
DA:53,63
DA:54,7
DA:55,28
DA:56,7
DA:57,71
DA:58,77
DA:59,79
DA:60,73
DA:61,75
DA:62,77
DA:63,281
DA:64,96
DA:65,96
DA:66,101
DA:67,103
DA:68,79
DA:69,81
DA:70,75
DA:71,85
DA:72,79
DA:73,79
DA:74,101
DA:75,79
DA:76,75
DA:77,80
DA:78,96
DA:79,72
DA:80,92
DA:81,94
DA:82,71
DA:83,7
DA:84,14
DA:85,7
DA:86,87
DA:87,87
DA:88,71
DA:89,58
DA:90,67
DA:91,88
DA:92,7
DA:93,21
DA:94,7
DA:95,78
DA:96,115
DA:97,125
DA:98,91
DA:99,95
DA:100,80
DA:101,88
DA:102,93
DA:103,80
DA:104,126
DA:105,131
DA:106,7
DA:107,51
DA:108,7
DA:109,18
DA:110,7
DA:111,39
DA:112,56
DA:113,52
DA:114,68
DA:115,67
DA:116,62
DA:117,66
DA:118,7
DA:119,17
DA:120,7
DA:121,59
DA:122,55
DA:123,7
DA:124,25
DA:125,47
DA:126,212
DA:127,79
DA:128,79
DA:129,74
DA:130,93
DA:131,101
DA:132,87
DA:133,7
DA:134,52
DA:135,68
DA:136,10
DA:139,20
DA:140,38
DA:141,9
DA:142,2
DA:143,12
DA:144,25
DA:145,7
DA:146,22
DA:147,7
DA:148,49
DA:149,7
DA:150,22
DA:151,7
DA:152,49
DA:153,7
DA:154,20
DA:155,7
DA:156,44
DA:157,1
DA:160,10
DA:161,27
DA:162,18
DA:163,2
DA:164,12
DA:165,153
DA:166,98
DA:167,11
DA:168,9
DA:169,555
DA:170,3
DA:171,10
DA:174,11
DA:175,46
DA:178,11
DA:179,41
DA:182,11
DA:183,46
DA:186,11
DA:187,46
DA:190,11
DA:191,55
DA:194,11
DA:195,60
DA:198,11
DA:199,54
DA:202,11
DA:203,54
DA:206,11
DA:207,55
DA:210,11
DA:211,60
DA:214,11
DA:215,81
DA:218,11
DA:219,52
DA:222,0
DA:223,0
DA:224,0
DA:225,0
DA:226,0
DA:227,0
DA:228,0
DA:229,0
DA:230,0
DA:231,0
DA:232,0
DA:233,0
DA:234,0
DA:235,0
DA:236,0
DA:237,0
DA:238,1
DA:241,20
DA:242,0
DA:243,0
DA:244,0
DA:245,0
DA:248,0
LF:204
LH:183
end_of_record
TN:
SF:scripts/lib/BulkConfigTuning.ts
FNF:3
FNH:3
DA:1,40
DA:55,6
DA:56,10
DA:57,12
DA:58,3
DA:59,35
DA:60,81
DA:61,2
DA:63,33
DA:64,54
DA:65,44
DA:66,21
DA:67,85
DA:69,25
DA:70,0
DA:71,2
DA:73,5
DA:74,72
DA:75,52
DA:76,47
DA:77,5
DA:78,58
DA:79,83
DA:80,61
DA:81,13
DA:82,52
DA:83,58
DA:85,28
DA:86,58
DA:87,83
DA:88,62
DA:89,13
DA:90,50
DA:91,57
DA:93,10
DA:94,44
DA:95,68
DA:96,5
DA:97,97
DA:98,83
DA:99,66
DA:100,0
DA:101,0
DA:102,2
DA:104,3
DA:106,54
DA:107,0
DA:108,0
DA:109,2
DA:111,4
DA:112,25
DA:113,70
DA:114,0
DA:115,0
DA:116,0
DA:117,0
DA:118,0
DA:119,0
DA:120,0
DA:121,0
DA:122,2
DA:124,25
DA:125,0
DA:126,2
DA:128,12
DA:129,18
DA:130,31
DA:131,9
DA:132,1
DA:135,23
DA:136,32
DA:139,11
DA:140,31
LF:73
LH:59
end_of_record
TN:
SF:scripts/lib/CoverageSummary.ts
FNF:28
FNH:27
DA:1,62
DA:2,46
DA:41,52
DA:42,55
DA:43,36
DA:45,40
DA:46,23
DA:47,23
DA:48,40
DA:49,38
DA:51,12
DA:52,15
DA:53,54
DA:54,62
DA:55,57
DA:56,6
DA:57,7
DA:58,2
DA:61,18
DA:62,40
DA:63,45
DA:64,80
DA:65,37
DA:66,23
DA:67,7
DA:68,14
DA:69,46
DA:70,44
DA:71,47
DA:72,6
DA:73,7
DA:74,18
DA:75,50
DA:76,48
DA:77,51
DA:78,6
DA:79,7
DA:80,17
DA:81,49
DA:82,47
DA:83,50
DA:84,3
DA:85,4
DA:86,19
DA:87,32
DA:88,2
DA:89,36
DA:90,23
DA:91,29
DA:92,33
DA:93,29
DA:94,3
DA:96,76
DA:102,80
DA:103,11
DA:104,12
DA:105,12
DA:106,9
DA:107,35
DA:111,81
DA:112,11
DA:113,12
DA:114,12
DA:115,9
DA:116,5
DA:120,0
DA:121,0
DA:122,0
DA:123,0
DA:124,0
DA:125,0
DA:126,0
DA:127,0
DA:128,0
DA:132,17
DA:133,21
DA:134,13
DA:135,18
DA:136,20
DA:137,22
DA:138,24
DA:139,21
DA:140,20
DA:141,4
DA:143,44
DA:144,32
DA:145,29
DA:146,13
DA:147,4
DA:148,34
DA:149,63
DA:150,8
DA:151,4
DA:152,33
DA:153,2
DA:155,35
DA:156,11
DA:157,2
DA:159,12
DA:160,23
DA:161,62
DA:162,74
DA:163,68
DA:164,1
DA:167,19
DA:168,32
DA:169,51
DA:170,6
DA:171,2
DA:172,32
DA:173,53
DA:174,6
DA:175,2
DA:176,33
DA:177,55
DA:178,6
DA:179,2
DA:180,33
DA:181,57
DA:182,6
DA:183,2
DA:184,33
DA:185,54
DA:186,6
DA:187,2
DA:188,33
DA:189,54
DA:190,1
DA:193,15
DA:194,26
DA:195,0
DA:196,2
DA:197,43
DA:198,52
DA:201,11
DA:202,44
DA:203,38
DA:206,13
DA:207,73
DA:208,69
DA:209,31
DA:212,20
DA:213,12
DA:214,12
DA:215,10
DA:216,49
DA:217,1
DA:220,12
DA:221,77
DA:224,13
DA:225,31
DA:228,1
DA:229,9
DA:230,6
DA:231,12
DA:232,3
DA:233,51
DA:234,76
DA:235,4
DA:236,28
DA:237,11
DA:238,31
DA:239,53
DA:240,84
DA:241,2
DA:242,17
DA:243,29
DA:244,12
DA:245,32
DA:246,47
DA:247,47
DA:248,4
DA:249,24
DA:250,2
DA:251,17
DA:253,79
LF:176
LH:166
end_of_record
TN:
SF:scripts/lib/DesignIssuePlanner.ts
FNF:2
FNH:2
DA:13,19
DA:14,25
DA:15,75
DA:16,35
DA:17,8
DA:18,100
DA:19,4
DA:20,36
DA:21,75
DA:22,36
DA:23,8
DA:24,104
DA:25,4
DA:26,17
DA:27,71
DA:28,36
DA:29,82
DA:30,4
DA:31,28
DA:32,77
DA:33,35
DA:34,8
DA:35,131
DA:36,4
DA:37,25
DA:38,88
DA:39,37
DA:40,97
DA:41,2
DA:42,2
DA:44,16
DA:45,64
DA:46,45
DA:47,35
DA:48,31
DA:49,9
DA:50,4
DA:51,14
DA:52,9
DA:53,27
DA:54,27
DA:55,17
DA:56,23
DA:57,13
DA:58,40
DA:59,40
DA:60,13
DA:61,27
DA:62,16
DA:63,5
DA:64,1
DA:65,1
LF:52
LH:52
end_of_record
TN:
SF:scripts/lib/MetricsEvaluation.ts
FNF:14
FNH:14
DA:186,16
DA:187,47
DA:188,61
DA:189,68
DA:190,22
DA:191,81
DA:192,12
DA:193,19
DA:194,33
DA:195,45
DA:196,31
DA:197,52
DA:198,58
DA:199,6
DA:200,12
DA:201,45
DA:202,27
DA:203,31
DA:204,21
DA:205,55
DA:206,59
DA:207,50
DA:208,43
DA:209,75
DA:210,34
DA:211,6
DA:212,17
DA:213,38
DA:214,48
DA:215,50
DA:216,44
DA:217,46
DA:218,48
DA:219,73
DA:220,55
DA:221,89
DA:222,69
DA:223,71
DA:224,52
DA:225,51
DA:226,6
DA:227,21
DA:228,31
DA:229,35
DA:230,35
DA:231,60
DA:232,40
DA:233,44
DA:234,43
DA:235,49
DA:236,43
DA:237,6
DA:238,18
DA:239,44
DA:240,51
DA:241,51
DA:242,42
DA:243,50
DA:244,51
DA:245,35
DA:246,6
DA:247,15
DA:248,50
DA:249,68
DA:250,70
DA:251,35
DA:252,6
DA:253,22
DA:254,44
DA:255,40
DA:256,28
DA:257,33
DA:258,26
DA:259,5
DA:260,6
DA:261,29
DA:262,33
DA:263,31
DA:264,62
DA:265,18
DA:266,72
DA:267,1
DA:270,11
DA:271,78
DA:272,47
DA:273,70
DA:274,34
DA:275,12
DA:276,30
DA:277,42
DA:278,95
DA:279,34
DA:280,60
DA:281,20
DA:282,38
DA:283,66
DA:284,20
DA:285,38
DA:286,66
DA:287,21
DA:288,20
DA:289,23
DA:290,31
DA:291,34
DA:292,1
DA:295,11
DA:296,38
DA:297,26
DA:298,28
DA:299,26
DA:300,24
DA:301,26
DA:302,29
DA:303,8
DA:304,8
DA:307,1
DA:308,7
DA:309,15
DA:310,3
DA:311,24
DA:312,31
DA:313,2
DA:314,70
DA:315,81
DA:316,39
DA:317,2
DA:318,44
DA:319,0
DA:320,2
DA:321,26
DA:322,0
DA:323,2
DA:324,4
DA:325,22
DA:326,62
DA:327,37
DA:328,22
DA:329,0
DA:330,0
DA:331,2
DA:332,13
DA:335,1
DA:336,7
DA:337,14
DA:338,20
DA:339,3
DA:340,52
DA:341,40
DA:342,32
DA:343,2
DA:344,52
DA:345,38
DA:346,2
DA:347,52
DA:348,55
DA:349,42
DA:350,2
DA:351,56
DA:352,43
DA:353,2
DA:354,65
DA:355,35
DA:356,2
DA:357,67
DA:358,38
DA:359,2
DA:360,99
DA:361,39
DA:362,2
DA:363,4
DA:364,35
DA:365,48
DA:366,48
DA:367,5
DA:368,36
DA:369,2
DA:370,38
DA:371,38
DA:372,44
DA:373,2
DA:374,38
DA:375,44
DA:376,2
DA:377,43
DA:378,40
DA:379,2
DA:380,39
DA:381,39
DA:382,2
DA:383,19
DA:386,11
DA:387,54
DA:388,37
DA:389,2
DA:390,71
DA:391,22
DA:392,13
DA:393,27
DA:394,33
DA:395,4
DA:396,12
DA:397,19
DA:398,20
DA:399,18
DA:400,1
DA:403,11
DA:404,63
DA:405,61
DA:406,61
DA:407,58
DA:408,58
DA:409,54
DA:410,63
DA:411,55
DA:412,100
DA:413,14
DA:414,45
DA:415,17
DA:416,24
DA:417,24
DA:418,31
DA:419,28
DA:420,34
DA:421,31
DA:422,23
DA:423,23
DA:424,41
DA:425,21
DA:426,21
DA:427,22
DA:428,1
DA:429,2
DA:430,60
DA:431,55
DA:432,39
DA:434,12
DA:435,35
DA:436,15
DA:437,22
DA:438,22
DA:439,23
DA:440,20
DA:441,79
DA:442,92
DA:443,21
DA:444,21
DA:445,39
DA:446,19
DA:447,21
DA:448,20
DA:449,1
DA:452,11
DA:453,35
DA:456,11
DA:457,42
DA:460,11
DA:461,42
DA:464,11
DA:465,46
DA:468,11
DA:469,46
DA:472,24
DA:473,55
DA:474,11
DA:475,2
DA:476,33
DA:479,11
DA:480,12
DA:481,19
DA:482,28
DA:483,28
DA:484,28
DA:485,27
DA:486,27
DA:487,25
DA:488,33
DA:489,40
DA:490,21
DA:491,1
LF:279
LH:275
end_of_record
TN:
SF:scripts/lib/binanceKlines.ts
FNF:5
FNH:0
DA:3,65
DA:9,0
DA:10,0
DA:11,0
DA:12,0
DA:13,0
DA:14,0
DA:15,0
DA:16,0
DA:17,0
DA:18,0
DA:19,0
DA:23,0
DA:24,0
DA:25,0
DA:26,0
DA:27,0
DA:28,0
DA:29,0
DA:30,0
DA:31,0
DA:32,0
DA:36,0
DA:37,0
DA:38,0
DA:39,0
DA:40,0
DA:41,0
DA:42,1
DA:53,63
DA:59,0
DA:60,0
DA:61,0
DA:62,0
DA:63,0
DA:64,0
DA:65,0
DA:66,0
DA:67,0
DA:68,0
DA:69,0
DA:70,0
DA:71,0
DA:72,0
DA:73,0
DA:74,0
DA:75,0
DA:76,0
DA:77,0
DA:78,0
DA:79,0
DA:80,0
DA:81,0
DA:82,0
DA:83,0
DA:84,0
DA:85,0
DA:86,0
DA:87,0
DA:88,0
DA:89,0
DA:90,0
DA:91,0
DA:92,0
DA:93,0
DA:94,0
DA:95,0
DA:96,0
DA:97,0
DA:98,0
DA:99,0
DA:100,0
DA:101,0
DA:102,0
DA:103,0
DA:104,0
DA:105,0
DA:106,0
DA:107,0
DA:108,0
DA:109,0
DA:110,0
DA:111,0
DA:112,0
DA:113,0
DA:114,0
DA:115,0
DA:116,0
DA:117,0
DA:118,0
DA:119,0
DA:120,0
DA:121,0
DA:122,0
DA:123,0
DA:127,0
DA:128,0
DA:129,0
DA:130,0
DA:131,0
DA:132,0
DA:133,0
DA:134,0
DA:135,0
DA:136,0
LF:105
LH:3
end_of_record
TN:
SF:scripts/lib/bulkKlinesRange.ts
FNF:3
FNH:0
DA:14,0
DA:15,0
DA:16,0
DA:17,0
DA:18,0
DA:19,0
DA:20,0
DA:21,0
DA:22,0
DA:23,0
DA:24,0
DA:25,0
DA:26,0
DA:27,0
DA:28,0
DA:29,0
DA:30,0
DA:31,0
DA:32,0
DA:33,0
DA:34,0
DA:35,0
DA:36,0
DA:37,0
DA:38,0
DA:39,0
DA:40,0
DA:41,0
DA:42,0
DA:43,0
DA:44,0
DA:45,0
DA:46,0
DA:47,0
DA:48,0
DA:49,0
DA:50,0
DA:51,0
DA:52,0
DA:53,0
DA:54,0
DA:55,0
DA:56,0
DA:57,0
DA:58,0
DA:59,0
DA:60,0
DA:61,0
DA:62,0
DA:63,0
DA:64,0
DA:65,0
DA:66,0
DA:67,0
DA:68,0
DA:69,0
DA:70,0
DA:71,0
DA:72,0
DA:73,0
DA:74,0
DA:75,0
DA:76,0
DA:77,0
DA:78,0
DA:79,0
DA:80,0
DA:81,0
DA:82,0
DA:83,0
DA:84,0
DA:85,0
DA:86,0
DA:87,0
DA:88,0
DA:89,0
DA:90,0
DA:91,0
DA:92,0
DA:93,0
DA:94,0
DA:95,0
DA:96,0
DA:97,0
DA:101,0
DA:102,0
DA:103,0
DA:104,0
DA:105,0
DA:106,0
DA:107,0
DA:108,0
DA:109,0
DA:110,0
LF:94
LH:0
end_of_record
TN:
SF:scripts/lib/leadLagMath.ts
FNF:6
FNH:6
DA:11,17
DA:12,17
DA:13,46
DA:14,31
DA:15,26
DA:16,77
DA:17,0
DA:18,0
DA:19,4
DA:20,33
DA:21,2
DA:22,11
DA:25,15
DA:26,41
DA:27,10
DA:28,0
DA:29,2
DA:30,15
DA:31,15
DA:32,16
DA:33,34
DA:34,19
DA:35,19
DA:36,54
DA:37,13
DA:38,4
DA:39,14
DA:40,14
DA:41,13
DA:42,2
DA:43,14
DA:44,0
DA:45,2
DA:46,29
DA:47,29
DA:48,14
DA:49,15
DA:50,15
DA:51,15
DA:52,34
DA:53,19
DA:54,19
DA:55,54
DA:56,13
DA:57,4
DA:58,25
DA:59,25
DA:60,19
DA:61,20
DA:62,20
DA:63,12
DA:64,2
DA:65,39
DA:66,0
DA:67,2
DA:68,36
DA:76,20
DA:77,18
DA:78,51
DA:79,12
DA:80,0
DA:81,4
DA:82,31
DA:83,39
DA:84,22
DA:85,2
DA:86,17
DA:87,47
DA:88,12
DA:89,0
DA:90,2
DA:91,33
DA:92,29
DA:93,23
DA:101,23
DA:102,17
DA:103,52
DA:104,60
DA:105,2
DA:106,11
DA:109,17
DA:110,18
DA:111,32
DA:112,38
DA:113,13
DA:114,4
DA:115,85
DA:116,62
DA:117,2
DA:118,2
DA:119,12
DA:123,6
DA:124,6
DA:125,7
DA:130,3
DA:131,28
DA:132,29
DA:133,29
DA:134,2
DA:135,18
DA:136,18
DA:137,16
DA:138,28
DA:139,40
DA:140,31
DA:141,21
DA:142,23
DA:143,20
DA:144,2
DA:145,2
DA:146,38
LF:111
LH:104
end_of_record
TN:
SF:scripts/lib/leadLagSvg.ts
FNF:7
FNH:0
DA:13,0
DA:14,0
DA:15,0
DA:16,0
DA:17,0
DA:18,0
DA:19,0
DA:20,0
DA:21,0
DA:22,0
DA:23,0
DA:24,0
DA:25,0
DA:26,0
DA:27,0
DA:28,0
DA:29,0
DA:30,0
DA:31,0
DA:32,0
DA:33,0
DA:34,0
DA:35,0
DA:36,0
DA:37,0
DA:38,0
DA:39,0
DA:40,0
DA:41,0
DA:42,0
DA:43,0
DA:44,0
DA:45,0
DA:46,0
DA:47,0
DA:48,0
DA:49,0
DA:50,0
DA:51,0
DA:52,0
DA:53,0
DA:54,0
DA:55,0
DA:56,0
DA:57,0
DA:58,0
DA:59,0
DA:60,0
DA:61,0
DA:62,0
DA:63,0
DA:64,1
DA:69,0
DA:70,0
DA:71,0
DA:72,0
DA:73,0
DA:74,0
DA:75,0
DA:76,0
DA:77,0
DA:78,0
DA:79,0
DA:80,0
DA:81,0
DA:82,0
DA:83,0
DA:84,0
DA:85,0
DA:86,0
DA:87,0
DA:88,0
DA:89,0
DA:90,0
DA:91,0
DA:92,0
DA:93,0
DA:94,0
DA:95,0
DA:96,0
DA:97,0
DA:98,0
DA:99,0
DA:100,0
DA:101,0
DA:102,0
DA:103,0
DA:104,0
DA:105,0
DA:106,0
DA:107,0
DA:108,0
DA:109,0
DA:110,0
DA:111,0
DA:112,0
DA:113,0
DA:114,0
DA:115,0
DA:116,0
DA:117,1
DA:121,0
DA:122,0
DA:123,0
DA:124,0
DA:125,0
DA:126,0
DA:127,0
DA:128,0
DA:129,0
DA:130,0
DA:131,0
DA:132,0
DA:133,0
DA:134,0
DA:135,0
DA:136,0
DA:137,0
DA:138,0
DA:139,0
DA:140,0
DA:141,0
DA:142,0
DA:143,0
DA:144,0
DA:145,0
DA:146,0
DA:147,0
DA:148,0
DA:149,0
DA:150,0
DA:151,0
DA:152,0
DA:153,0
DA:154,0
DA:155,0
DA:156,0
DA:157,0
DA:158,0
DA:159,0
DA:160,0
DA:161,0
DA:162,0
DA:163,0
DA:164,0
DA:165,0
DA:166,0
DA:167,0
DA:168,0
DA:169,0
DA:170,0
DA:171,0
DA:172,0
DA:173,0
DA:174,0
DA:179,0
DA:180,0
DA:181,0
DA:182,0
DA:183,0
DA:184,0
DA:185,0
DA:186,0
DA:187,0
DA:188,0
DA:189,0
DA:190,0
DA:191,0
DA:195,0
DA:196,0
DA:197,0
DA:198,0
DA:199,0
DA:200,0
DA:201,0
DA:202,0
DA:206,0
DA:207,0
DA:208,0
DA:209,0
DA:210,0
DA:215,0
DA:216,0
DA:217,0
DA:218,0
DA:219,0
DA:220,0
LF:187
LH:2
end_of_record
TN:
SF:scripts/lib/paths.ts
FNF:1
FNH:1
DA:1,75
DA:2,59
DA:3,65
DA:5,51
DA:6,54
DA:7,50
DA:8,42
DA:10,64
DA:11,84
DA:12,82
DA:13,61
LF:11
LH:11
end_of_record
TN:
SF:src/adapters/bulk/BulkMarketFeed.ts
FNF:70
FNH:67
DA:9,156
DA:10,94
DA:11,132
DA:75,74
DA:76,92
DA:77,102
DA:78,100
DA:79,69
DA:81,44
DA:82,62
DA:83,20
DA:84,5
DA:85,149
DA:88,83
DA:89,134
DA:92,40
DA:93,63
DA:96,39
DA:97,71
DA:100,98
DA:101,80
DA:102,50
DA:103,33
DA:104,5
DA:105,123
DA:108,49
DA:109,24
DA:110,56
DA:111,60
DA:112,60
DA:113,72
DA:114,68
DA:115,92
DA:116,68
DA:117,68
DA:118,84
DA:119,92
DA:120,88
DA:121,96
DA:122,116
DA:123,124
DA:124,92
DA:125,96
DA:126,100
DA:127,76
DA:128,76
DA:129,98
DA:130,5
DA:133,40
DA:134,110
DA:135,12
DA:136,5
DA:137,50
DA:138,54
DA:139,121
DA:142,67
DA:143,62
DA:144,69
DA:145,58
DA:146,167
DA:147,31
DA:148,5
DA:149,5
DA:150,25
DA:153,70
DA:154,183
DA:157,43
DA:158,62
DA:159,62
DA:160,65
DA:161,31
DA:162,3
DA:163,12
DA:181,1
DA:183,13
DA:184,66
DA:185,66
DA:186,10
DA:188,27
DA:189,54
DA:192,23
DA:193,24
DA:194,198
DA:195,12
DA:196,52
DA:197,22
DA:198,70
DA:199,62
DA:200,66
DA:201,70
DA:202,153
DA:203,42
DA:204,58
DA:205,42
DA:209,26
DA:210,152
DA:211,54
DA:212,60
DA:213,64
DA:214,82
DA:215,132
DA:216,12
DA:217,73
DA:218,76
DA:219,92
DA:220,9
DA:221,9
DA:222,66
DA:223,162
DA:226,27
DA:227,62
DA:228,33
DA:229,9
DA:230,62
DA:231,62
DA:232,9
DA:233,48
DA:236,41
DA:237,66
DA:238,0
DA:239,49
DA:243,31
DA:244,122
DA:245,104
DA:246,188
DA:247,54
DA:248,14
DA:249,130
DA:250,24
DA:251,548
DA:252,12
DA:253,70
DA:256,45
DA:257,84
DA:258,112
DA:259,11
DA:260,9
DA:261,96
DA:262,104
DA:263,182
DA:264,14
DA:265,56
DA:266,11
DA:267,9
DA:268,108
DA:269,94
DA:270,138
DA:271,130
DA:272,110
DA:273,128
DA:274,14
DA:275,54
DA:276,24
DA:277,524
DA:278,12
DA:279,70
DA:282,27
DA:283,56
DA:284,11
DA:285,9
DA:286,78
DA:287,78
DA:288,82
DA:289,92
DA:290,95
DA:291,75
DA:292,12
DA:293,88
DA:294,97
DA:295,71
DA:296,12
DA:297,92
DA:298,14
DA:299,42
DA:300,66
DA:301,134
DA:302,5
DA:303,75
DA:304,12
DA:305,47
DA:306,60
DA:307,56
DA:308,57
DA:309,12
DA:310,24
DA:311,180
DA:312,18
DA:315,39
DA:316,112
DA:317,11
DA:318,9
DA:319,72
DA:320,66
DA:321,22
DA:322,24
DA:323,170
DA:324,16
DA:325,82
DA:326,132
DA:327,16
DA:328,77
DA:329,78
DA:330,93
DA:331,13
DA:332,13
DA:333,70
DA:334,67
DA:335,19
DA:336,13
DA:337,62
DA:338,24
DA:339,244
DA:340,31
DA:341,14
DA:342,84
DA:346,14
DA:347,16
DA:348,12
DA:349,26
DA:350,10
DA:351,64
DA:352,108
DA:353,70
DA:354,62
DA:355,75
DA:356,9
DA:357,76
DA:358,76
DA:359,68
DA:360,60
DA:361,149
DA:362,64
DA:363,146
DA:364,28
DA:365,66
DA:366,28
DA:367,28
DA:368,166
DA:369,106
DA:370,68
DA:371,22
DA:372,182
DA:373,56
DA:374,64
DA:375,68
DA:376,66
DA:377,70
DA:378,56
DA:379,60
DA:380,56
DA:381,106
DA:382,110
DA:383,86
DA:384,86
DA:385,108
DA:386,9
DA:389,41
DA:390,62
DA:391,11
DA:392,9
DA:393,68
DA:394,94
DA:395,96
DA:396,164
DA:397,72
DA:398,11
DA:399,9
DA:400,52
DA:401,138
DA:402,52
DA:403,70
DA:404,32
DA:405,56
DA:406,68
DA:407,70
DA:408,92
DA:409,12
DA:410,26
DA:411,276
DA:412,12
DA:413,64
DA:416,39
DA:417,62
DA:418,11
DA:419,9
DA:420,68
DA:421,100
DA:422,100
DA:423,90
DA:424,136
DA:425,77
DA:426,17
DA:427,9
DA:428,108
DA:429,70
DA:430,62
DA:431,47
DA:432,11
DA:433,9
DA:434,76
DA:435,76
DA:436,61
DA:437,98
DA:438,17
DA:439,9
DA:440,52
DA:441,149
DA:442,52
DA:443,70
DA:444,28
DA:445,28
DA:446,166
DA:447,106
DA:448,68
DA:449,56
DA:450,64
DA:451,66
DA:452,88
DA:453,12
DA:454,141
DA:455,26
DA:456,408
DA:457,12
DA:458,9
DA:459,64
DA:462,41
DA:463,62
DA:464,11
DA:465,9
DA:466,142
DA:467,73
DA:468,58
DA:469,9
DA:472,35
DA:473,62
DA:474,11
DA:475,9
DA:476,126
DA:477,64
DA:478,64
DA:479,62
DA:480,66
DA:481,68
DA:482,8
DA:483,54
DA:484,52
DA:485,52
DA:486,50
DA:487,54
DA:488,51
DA:489,7
DA:490,11
DA:491,9
DA:492,66
DA:493,122
DA:494,11
DA:495,9
DA:496,54
DA:498,52
DA:499,40
DA:500,46
DA:501,40
DA:502,52
DA:503,22
DA:504,22
DA:505,20
DA:506,24
DA:507,20
DA:508,12
DA:509,24
DA:510,328
DA:511,12
DA:512,64
DA:515,35
DA:516,137
DA:517,17
DA:518,9
DA:519,186
DA:520,97
DA:521,77
DA:522,19
DA:523,13
DA:524,76
DA:525,64
DA:526,51
DA:527,24
DA:528,180
DA:529,17
DA:530,4
DA:531,45
DA:532,79
DA:533,17
DA:534,32
DA:535,68
DA:536,24
DA:537,192
DA:538,12
DA:541,34
DA:542,85
DA:543,17
DA:544,9
DA:545,82
DA:546,66
DA:549,37
DA:550,88
DA:551,11
DA:552,9
DA:553,124
DA:554,107
DA:555,120
DA:556,13
DA:557,13
DA:558,126
DA:559,69
DA:560,19
DA:561,13
DA:562,24
DA:563,548
DA:564,16
DA:565,0
DA:566,0
DA:567,0
DA:568,9
DA:569,17
DA:570,32
DA:571,78
DA:572,24
DA:573,302
DA:574,12
DA:577,36
DA:578,88
DA:579,11
DA:580,9
DA:581,92
DA:582,76
DA:585,40
DA:586,173
DA:589,45
DA:590,94
DA:591,60
DA:592,16
DA:593,9
DA:594,114
DA:595,148
DA:596,105
DA:597,49
DA:598,9
DA:599,8
DA:600,80
DA:601,108
DA:602,119
DA:603,14
DA:604,49
DA:605,9
DA:606,156
DA:607,102
DA:608,29
DA:609,9
DA:610,8
DA:611,84
DA:612,112
DA:613,123
DA:614,14
DA:615,53
DA:616,9
DA:617,34
DA:620,35
DA:621,62
DA:622,11
DA:623,9
DA:624,138
DA:625,52
DA:626,40
DA:627,106
DA:628,110
DA:629,86
DA:630,86
DA:631,108
DA:632,12
DA:633,26
DA:634,566
DA:635,12
DA:636,65
DA:639,40
DA:640,54
DA:641,54
DA:642,122
DA:643,122
DA:646,51
DA:647,69
DA:648,76
DA:649,72
DA:650,8
DA:651,46
DA:652,54
DA:653,52
DA:654,28
DA:655,21
DA:656,18
DA:657,30
DA:658,13
DA:659,52
DA:660,9
DA:663,38
DA:664,92
DA:665,92
DA:666,48
DA:667,146
DA:668,146
DA:669,35
DA:672,54
DA:673,48
DA:674,69
DA:675,76
DA:676,72
DA:677,201
DA:678,30
DA:679,13
DA:680,47
DA:681,96
DA:682,23
DA:683,13
DA:684,56
DA:685,38
DA:686,9
DA:687,35
DA:690,39
DA:691,86
DA:692,78
DA:693,68
DA:694,86
DA:695,78
DA:696,68
DA:697,108
DA:698,44
DA:699,107
DA:700,60
DA:701,60
DA:702,105
DA:703,30
DA:704,13
DA:705,76
DA:706,76
DA:707,116
DA:708,9
DA:709,33
DA:712,49
DA:713,68
DA:714,11
DA:715,9
DA:716,74
DA:717,72
DA:718,0
DA:719,0
DA:720,0
DA:721,7
DA:722,4
DA:723,41
DA:724,77
DA:725,17
DA:728,56
DA:729,69
DA:730,32
DA:731,52
DA:732,66
DA:733,62
DA:734,52
DA:735,58
DA:736,7
DA:737,9
DA:738,81
DA:739,141
DA:740,14
DA:741,148
DA:742,110
DA:743,62
DA:744,95
DA:745,24
DA:746,248
DA:747,25
DA:749,2
DA:750,12
DA:751,108
DA:752,100
DA:753,168
DA:754,72
DA:755,9
DA:756,68
DA:757,140
DA:758,28
DA:759,106
DA:760,50
DA:761,70
DA:762,150
DA:763,66
DA:764,10
DA:767,39
DA:768,91
DA:769,56
DA:770,8
DA:772,2
LF:601
LH:594
end_of_record
TN:
SF:src/adapters/bulk/BulkOhlcvFetcher.ts
FNF:6
FNH:6
DA:18,95
DA:20,75
DA:21,110
DA:22,42
DA:23,52
DA:24,44
DA:25,30
DA:26,14
DA:28,30
DA:29,114
DA:30,75
DA:32,1
DA:34,83
DA:35,60
DA:36,64
DA:37,64
DA:38,62
DA:39,66
DA:40,68
DA:41,8
DA:42,48
DA:43,52
DA:44,52
DA:45,50
DA:46,54
DA:47,51
DA:48,5
DA:49,14
DA:50,5
DA:52,24
DA:53,22
DA:54,28
DA:55,14
DA:56,18
DA:57,18
DA:58,16
DA:59,20
DA:60,16
DA:61,5
LF:39
LH:39
end_of_record
TN:
SF:src/adapters/bulk/BulkOrderGateway.ts
FNF:84
FNH:77
DA:1,82
DA:13,94
DA:115,110
DA:116,80
DA:117,84
DA:118,96
DA:119,94
DA:120,90
DA:121,76
DA:122,28
DA:123,46
DA:124,52
DA:125,48
DA:126,30
DA:127,5
DA:129,44
DA:130,67
DA:131,37
DA:132,5
DA:133,149
DA:136,49
DA:137,95
DA:140,41
DA:141,61
DA:144,45
DA:145,64
DA:146,24
DA:147,12
DA:148,5
DA:149,51
DA:152,43
DA:153,80
DA:154,52
DA:155,156
DA:158,48
DA:159,80
DA:160,64
DA:161,109
DA:164,48
DA:165,64
DA:166,24
DA:167,20
DA:168,5
DA:169,67
DA:170,29
DA:171,5
DA:172,71
DA:173,33
DA:174,5
DA:175,71
DA:176,53
DA:177,5
DA:178,72
DA:179,21
DA:180,5
DA:181,37
DA:184,61
DA:185,131
DA:188,46
DA:189,107
DA:190,64
DA:191,77
DA:192,31
DA:193,3
DA:194,3
DA:195,32
DA:196,45
DA:197,13
DA:198,3
DA:199,91
DA:200,13
DA:201,3
DA:202,14
DA:205,52
DA:206,82
DA:207,81
DA:210,50
DA:211,64
DA:212,36
DA:213,5
DA:214,82
DA:215,141
DA:216,29
DA:217,38
DA:220,49
DA:221,24
DA:222,50
DA:223,42
DA:224,48
DA:225,5
DA:228,57
DA:229,107
DA:230,56
DA:231,99
DA:232,27
DA:233,5
DA:234,67
DA:235,16
DA:236,3
DA:237,3
DA:239,32
DA:240,90
DA:243,31
DA:244,20
DA:245,6
DA:246,135
DA:259,1
DA:261,13
DA:262,66
DA:263,66
DA:264,10
DA:265,95
DA:266,87
DA:267,79
DA:268,58
DA:269,54
DA:270,14
DA:273,31
DA:274,122
DA:275,100
DA:276,145
DA:277,70
DA:278,24
DA:279,514
DA:280,12
DA:281,72
DA:282,46
DA:283,102
DA:284,74
DA:285,66
DA:286,44
DA:287,70
DA:288,62
DA:289,90
DA:290,88
DA:291,14
DA:292,178
DA:293,80
DA:294,18
DA:295,13
DA:296,136
DA:297,90
DA:298,133
DA:299,98
DA:300,24
DA:301,282
DA:302,16
DA:303,76
DA:304,50
DA:305,106
DA:306,32
DA:307,78
DA:308,70
DA:309,48
DA:310,74
DA:311,66
DA:312,94
DA:313,98
DA:314,88
DA:315,54
DA:316,36
DA:317,30
DA:318,88
DA:319,18
DA:320,32
DA:321,52
DA:322,44
DA:323,70
DA:324,52
DA:325,14
DA:326,9
DA:327,12
DA:328,87
DA:329,63
DA:330,9
DA:332,126
DA:333,188
DA:334,98
DA:335,104
DA:336,98
DA:337,292
DA:338,67
DA:339,168
DA:340,27
DA:341,71
DA:343,72
DA:344,107
DA:345,102
DA:346,28
DA:347,74
DA:348,66
DA:349,44
DA:350,70
DA:351,62
DA:352,90
DA:353,94
DA:354,84
DA:355,26
DA:356,42
DA:357,26
DA:358,86
DA:359,14
DA:360,28
DA:361,36
DA:362,62
DA:363,20
DA:364,15
DA:367,40
DA:368,86
DA:369,53
DA:370,29
DA:371,9
DA:375,61
DA:376,87
DA:377,71
DA:378,34
DA:379,88
DA:380,9
DA:382,28
DA:383,179
DA:384,8
DA:385,42
DA:386,46
DA:387,70
DA:388,65
DA:389,7
DA:390,16
DA:391,112
DA:392,6
DA:393,9
DA:395,75
DA:398,27
DA:399,77
DA:400,94
DA:401,9
DA:402,73
DA:405,31
DA:406,91
DA:407,27
DA:408,9
DA:409,120
DA:410,158
DA:411,58
DA:412,87
DA:413,9
DA:414,28
DA:415,88
DA:416,84
DA:417,64
DA:418,60
DA:419,70
DA:420,15
DA:423,14
DA:424,14
DA:425,11
DA:426,10
DA:427,53
DA:428,100
DA:429,54
DA:430,46
DA:431,44
DA:432,64
DA:433,9
DA:434,98
DA:435,54
DA:436,46
DA:437,50
DA:438,44
DA:439,58
DA:440,64
DA:441,17
DA:444,43
DA:445,187
DA:446,17
DA:447,9
DA:448,82
DA:449,16
DA:450,110
DA:451,6
DA:452,9
DA:454,162
DA:455,95
DA:456,91
DA:457,32
DA:458,62
DA:459,16
DA:460,175
DA:461,6
DA:462,9
DA:463,93
DA:464,32
DA:465,352
DA:466,7
DA:467,9
DA:469,24
DA:470,254
DA:471,12
DA:472,70
DA:475,26
DA:476,196
DA:477,70
DA:478,174
DA:479,72
DA:480,46
DA:481,36
DA:482,84
DA:483,84
DA:484,20
DA:487,25
DA:488,176
DA:489,70
DA:490,150
DA:491,72
DA:492,46
DA:493,84
DA:494,142
DA:495,15
DA:498,46
DA:499,66
DA:500,0
DA:501,44
DA:505,52
DA:506,76
DA:507,0
DA:508,0
DA:509,0
DA:510,0
DA:511,0
DA:512,0
DA:513,44
DA:516,29
DA:517,80
DA:518,14
DA:519,9
DA:520,166
DA:521,36
DA:522,82
DA:523,155
DA:526,27
DA:527,82
DA:528,92
DA:529,9
DA:530,162
DA:531,198
DA:533,28
DA:534,62
DA:535,74
DA:536,94
DA:537,15
DA:540,23
DA:541,72
DA:542,80
DA:545,35
DA:546,71
DA:547,72
DA:548,52
DA:549,14
DA:552,35
DA:553,0
DA:554,0
DA:555,0
DA:556,7
DA:557,18
DA:560,34
DA:561,77
DA:562,17
DA:563,9
DA:564,113
DA:565,97
DA:566,24
DA:567,200
DA:568,20
DA:569,19
DA:570,7
DA:571,13
DA:572,90
DA:573,7
DA:574,18
DA:577,35
DA:578,70
DA:579,30
DA:580,11
DA:581,9
DA:582,76
DA:583,58
DA:584,22
DA:585,49
DA:586,14
DA:587,81
DA:588,62
DA:589,24
DA:593,29
DA:594,146
DA:595,26
DA:596,238
DA:597,12
DA:598,65
DA:599,100
DA:600,145
DA:601,30
DA:602,13
DA:603,8
DA:604,98
DA:605,109
DA:606,18
DA:607,30
DA:608,13
DA:609,109
DA:610,30
DA:611,13
DA:612,72
DA:613,24
DA:614,328
DA:615,16
DA:616,76
DA:617,46
DA:618,72
DA:619,48
DA:620,60
DA:621,54
DA:622,64
DA:623,56
DA:624,50
DA:625,74
DA:626,18
DA:627,95
DA:628,66
DA:629,9
DA:630,10
DA:633,36
DA:634,98
DA:635,182
DA:636,84
DA:637,56
DA:640,47
DA:641,144
DA:642,132
DA:643,157
DA:646,32
DA:647,144
DA:648,83
DA:649,136
DA:650,111
DA:651,74
DA:652,36
DA:653,13
DA:654,13
DA:655,86
DA:656,126
DA:657,9
DA:659,152
DA:660,93
DA:661,38
DA:662,66
DA:663,111
DA:664,83
DA:665,48
DA:666,68
DA:667,13
DA:668,13
DA:669,64
DA:670,13
DA:671,13
DA:672,76
DA:673,9
DA:676,38
DA:677,14
DA:678,72
DA:679,150
DA:680,195
DA:684,37
DA:685,70
DA:686,191
DA:687,56
DA:688,159
DA:689,8
DA:690,34
DA:691,50
DA:692,58
DA:693,58
DA:694,51
DA:695,7
DA:696,16
DA:697,9
DA:698,102
DA:699,28
DA:700,144
DA:701,40
DA:702,52
DA:703,22
DA:704,48
DA:705,46
DA:706,50
DA:707,36
DA:708,68
DA:709,46
DA:710,68
DA:711,141
DA:712,9
DA:715,30
DA:716,66
DA:717,16
DA:718,9
DA:719,97
DA:720,71
DA:721,9
DA:722,97
DA:723,64
DA:724,5
DA:725,23
DA:728,43
DA:729,101
DA:730,52
DA:731,9
DA:733,2
DA:735,48
DA:736,54
DA:737,60
DA:738,114
DA:739,158
DA:740,14
DA:741,5
DA:742,112
DA:743,51
DA:744,25
DA:745,5
DA:746,24
DA:747,14
DA:748,22
DA:749,87
DA:750,46
DA:751,66
DA:752,84
DA:753,98
DA:754,22
DA:755,74
DA:756,5
DA:759,56
DA:760,77
DA:761,53
DA:762,5
DA:763,203
DA:764,29
DA:765,5
DA:766,25
DA:769,62
DA:770,63
DA:771,27
DA:772,5
DA:773,68
DA:774,15
DA:775,5
DA:776,27
DA:779,53
DA:780,24
DA:781,58
DA:782,127
DA:783,84
DA:784,62
DA:785,72
DA:786,9
DA:787,5
DA:790,41
DA:791,24
DA:792,86
DA:793,86
DA:794,114
DA:795,114
DA:796,86
DA:797,96
DA:798,5
DA:801,70
DA:802,121
DA:803,47
DA:804,117
DA:805,113
DA:806,5
DA:807,89
DA:808,107
DA:809,3
DA:810,15
DA:813,55
DA:814,117
DA:815,123
DA:816,3
DA:817,44
DA:818,53
DA:819,3
DA:820,14
DA:823,65
DA:824,117
DA:825,121
DA:826,3
DA:827,44
DA:828,52
DA:829,3
DA:830,14
DA:833,75
DA:834,104
DA:835,163
DA:838,74
DA:839,104
DA:840,161
DA:843,0
DA:844,0
DA:845,59
DA:848,0
DA:849,0
DA:850,58
DA:853,68
DA:854,81
DA:857,0
DA:858,0
DA:859,0
DA:860,0
DA:861,0
DA:862,0
DA:863,0
DA:864,31
LF:619
LH:598
end_of_record
TN:
SF:src/adapters/hyperliquid/HyperliquidMarketFeed.ts
FNF:24
FNH:19
DA:9,93
DA:11,27
DA:12,18
DA:13,18
DA:14,18
DA:15,18
DA:16,6
DA:17,80
DA:18,50
DA:19,33
DA:20,5
DA:21,123
DA:24,96
DA:25,50
DA:26,14
DA:27,5
DA:28,137
DA:36,1
DA:38,13
DA:39,54
DA:40,54
DA:41,71
DA:46,10
DA:48,23
DA:49,160
DA:50,66
DA:51,48
DA:52,72
DA:53,170
DA:56,26
DA:57,166
DA:58,71
DA:59,72
DA:60,52
DA:61,9
DA:62,58
DA:63,58
DA:64,52
DA:65,52
DA:66,176
DA:69,27
DA:70,62
DA:71,33
DA:72,9
DA:73,62
DA:74,69
DA:75,9
DA:76,48
DA:79,0
DA:80,0
DA:81,0
DA:82,44
DA:86,28
DA:87,83
DA:88,0
DA:89,0
DA:90,0
DA:91,9
DA:92,17
DA:93,80
DA:94,24
DA:95,238
DA:96,17
DA:99,34
DA:100,0
DA:101,20
DA:102,12
DA:104,0
DA:105,0
DA:106,0
DA:107,0
DA:108,0
DA:109,0
DA:110,0
DA:111,0
DA:112,0
DA:113,0
DA:114,0
DA:115,0
DA:116,0
DA:117,6
DA:118,12
DA:119,24
DA:120,180
DA:121,13
DA:124,0
DA:125,0
DA:126,0
DA:127,0
DA:128,0
DA:129,0
DA:130,0
DA:131,0
DA:132,0
DA:133,0
DA:134,0
DA:135,0
DA:136,0
DA:137,0
DA:138,0
DA:139,0
DA:140,0
DA:141,0
DA:142,0
DA:143,0
DA:144,39
DA:147,31
DA:148,118
DA:149,92
DA:150,58
DA:151,54
DA:152,14
DA:154,66
DA:155,66
DA:156,58
DA:157,70
DA:158,9
DA:160,115
DA:161,77
DA:162,57
DA:163,45
DA:164,13
DA:165,55
DA:166,31
DA:167,13
DA:168,80
DA:170,46
DA:171,66
DA:172,58
DA:173,58
DA:174,188
DA:175,162
DA:176,54
DA:177,62
DA:178,68
DA:179,56
DA:180,158
DA:181,162
DA:182,48
DA:183,30
DA:184,12
DA:185,24
DA:186,428
DA:187,12
DA:188,70
DA:191,32
DA:192,72
DA:193,16
DA:194,9
DA:195,22
DA:196,172
DA:197,144
DA:198,26
DA:199,35
DA:203,39
DA:204,84
DA:205,28
DA:206,8
DA:208,2
LF:159
LH:119
end_of_record
TN:
SF:src/adapters/hyperliquid/HyperliquidOhlcvFetcher.ts
FNF:2
FNH:0
DA:5,0
DA:6,0
DA:7,0
DA:8,0
DA:9,0
DA:10,0
DA:11,0
DA:12,0
DA:13,0
DA:14,0
DA:15,0
DA:16,0
DA:17,0
DA:18,0
DA:19,0
DA:20,0
DA:21,0
DA:22,0
DA:23,0
DA:24,9
DA:26,1
LF:21
LH:2
end_of_record
TN:
SF:src/adapters/hyperliquid/HyperliquidOrderGateway.ts
FNF:11
FNH:0
DA:1,82
DA:12,93
DA:18,1
DA:20,0
DA:21,0
DA:22,0
DA:23,0
DA:24,0
DA:25,0
DA:26,0
DA:27,0
DA:28,0
DA:29,0
DA:30,0
DA:31,0
DA:32,0
DA:33,0
DA:34,0
DA:35,0
DA:36,0
DA:37,0
DA:38,0
DA:39,0
DA:40,0
DA:41,0
DA:42,0
DA:43,0
DA:44,0
DA:45,0
DA:46,0
DA:47,0
DA:48,0
DA:49,0
DA:50,0
DA:51,0
DA:52,0
DA:53,0
DA:54,0
DA:55,0
DA:56,0
DA:57,0
DA:58,0
DA:59,0
DA:60,0
DA:61,0
DA:62,0
DA:63,0
DA:64,0
DA:65,0
DA:66,0
DA:67,0
DA:68,0
DA:69,0
DA:70,0
DA:71,0
DA:72,47
DA:75,0
DA:76,0
DA:77,0
DA:78,0
DA:79,0
DA:80,0
DA:81,0
DA:82,0
DA:83,0
DA:84,0
DA:85,0
DA:86,0
DA:87,0
DA:88,0
DA:89,0
DA:90,0
DA:91,0
DA:92,0
DA:93,0
DA:94,0
DA:95,68
DA:98,0
DA:99,0
DA:100,0
DA:101,0
DA:102,0
DA:103,0
DA:104,0
DA:105,0
DA:106,0
DA:107,0
DA:108,0
DA:109,0
DA:110,0
DA:111,0
DA:112,0
DA:113,0
DA:114,0
DA:115,0
DA:116,0
DA:117,0
DA:118,0
DA:119,0
DA:120,0
DA:121,0
DA:122,0
DA:123,0
DA:124,0
DA:125,0
DA:126,0
DA:127,0
DA:128,0
DA:129,0
DA:130,0
DA:131,0
DA:132,0
DA:133,0
DA:134,0
DA:135,0
DA:136,0
DA:137,0
DA:138,0
DA:139,0
DA:140,0
DA:141,93
DA:145,0
DA:146,0
DA:147,0
DA:148,0
DA:149,0
DA:150,0
DA:151,0
DA:152,0
DA:153,0
DA:154,0
DA:155,0
DA:156,0
DA:157,0
DA:158,0
DA:159,0
DA:160,0
DA:161,0
DA:162,0
DA:163,0
DA:164,0
DA:165,0
DA:166,0
DA:167,0
DA:168,0
DA:169,0
DA:170,0
DA:171,0
DA:172,84
DA:174,2
LF:150
LH:8
end_of_record
TN:
SF:src/adapters/paper/HistoricalMarketFeed.ts
FNF:8
FNH:2
DA:7,93
DA:16,1
DA:18,13
DA:19,120
DA:20,72
DA:21,0
DA:22,0
DA:23,0
DA:24,0
DA:25,0
DA:26,0
DA:27,0
DA:28,0
DA:29,0
DA:30,0
DA:31,0
DA:32,0
DA:33,0
DA:34,0
DA:35,0
DA:36,0
DA:37,0
DA:38,0
DA:39,0
DA:40,0
DA:41,0
DA:42,0
DA:43,0
DA:44,0
DA:45,0
DA:46,0
DA:47,0
DA:48,0
DA:49,0
DA:50,0
DA:51,0
DA:52,0
DA:53,0
DA:54,0
DA:55,0
DA:56,0
DA:57,0
DA:58,0
DA:59,0
DA:60,0
DA:61,0
DA:62,0
DA:63,0
DA:64,0
DA:65,0
DA:66,0
DA:67,0
DA:68,0
DA:69,0
DA:70,0
DA:71,0
DA:72,0
DA:73,0
DA:74,0
DA:75,0
DA:76,0
DA:77,0
DA:78,0
DA:79,0
DA:80,0
DA:81,0
DA:82,0
DA:83,8
DA:86,41
DA:87,66
DA:88,0
DA:89,0
DA:90,0
DA:91,0
DA:92,0
DA:93,0
DA:94,0
DA:95,0
DA:96,0
DA:97,0
DA:98,0
DA:99,0
DA:100,0
DA:101,0
DA:102,0
DA:103,0
DA:104,0
DA:105,18
DA:108,0
DA:109,0
DA:110,0
DA:111,0
DA:112,0
DA:113,7
DA:115,2
LF:95
LH:11
end_of_record
TN:
SF:src/adapters/paper/PaperOrderGateway.ts
FNF:17
FNH:13
DA:1,82
DA:12,93
DA:23,1
DA:25,13
DA:26,24
DA:27,114
DA:28,10
DA:29,121
DA:30,74
DA:31,73
DA:32,17
DA:35,31
DA:36,102
DA:37,127
DA:38,24
DA:39,398
DA:40,12
DA:41,72
DA:42,46
DA:43,48
DA:44,54
DA:45,46
DA:46,32
DA:47,50
DA:48,42
DA:49,70
DA:50,68
DA:51,14
DA:52,44
DA:53,18
DA:54,42
DA:55,42
DA:56,48
DA:57,12
DA:59,72
DA:60,43
DA:61,68
DA:62,45
DA:63,16
DA:64,36
DA:65,40
DA:66,27
DA:67,28
DA:68,22
DA:69,31
DA:70,27
DA:71,20
DA:72,29
DA:73,25
DA:74,39
DA:75,41
DA:76,27
DA:77,11
DA:78,99
DA:80,18
DA:81,9
DA:83,72
DA:84,72
DA:85,40
DA:86,48
DA:87,36
DA:88,54
DA:89,46
DA:90,32
DA:91,50
DA:92,42
DA:93,70
DA:94,74
DA:95,36
DA:96,14
DA:97,180
DA:98,81
DA:99,94
DA:100,9
DA:101,0
DA:102,0
DA:103,0
DA:104,0
DA:105,0
DA:106,0
DA:107,0
DA:108,0
DA:109,0
DA:110,0
DA:111,0
DA:112,14
DA:115,25
DA:116,56
DA:117,120
DA:118,72
DA:119,46
DA:120,80
DA:121,15
DA:124,0
DA:125,0
DA:126,0
DA:127,44
DA:131,52
DA:132,76
DA:133,0
DA:134,49
DA:138,0
DA:139,0
DA:140,50
DA:143,48
DA:144,105
DA:145,132
DA:146,49
DA:147,26
DA:148,236
DA:149,20
DA:150,86
DA:151,9
DA:152,9
DA:155,56
DA:156,146
DA:157,40
DA:158,79
DA:159,29
DA:160,13
DA:161,122
DA:162,18
DA:163,13
DA:164,123
DA:165,5
DA:167,38
DA:168,16
DA:169,5
DA:170,66
DA:171,16
DA:172,5
DA:173,71
DA:176,55
DA:177,74
DA:178,56
DA:179,36
DA:180,150
DA:181,113
DA:182,150
DA:183,164
DA:184,40
DA:185,38
DA:186,42
DA:187,70
DA:188,62
DA:189,46
DA:190,58
DA:191,100
DA:192,36
DA:193,70
DA:194,48
DA:195,84
DA:196,58
DA:197,56
DA:198,12
DA:199,24
DA:200,258
DA:201,12
DA:202,72
DA:203,42
DA:204,60
DA:205,48
DA:206,70
DA:207,62
DA:208,133
DA:209,46
DA:210,58
DA:211,86
DA:212,90
DA:213,40
DA:214,14
DA:215,84
DA:216,25
DA:217,15
DA:220,43
DA:221,101
DA:222,52
DA:223,9
DA:225,2
LF:179
LH:162
end_of_record
TN:
SF:src/application/Bot.ts
FNF:52
FNH:49
DA:4,88
DA:5,129
DA:34,1
DA:36,13
DA:37,78
DA:38,90
DA:39,102
DA:40,90
DA:41,72
DA:42,149
DA:43,10
DA:45,37
DA:46,48
DA:47,62
DA:48,34
DA:49,54
DA:50,190
DA:52,22
DA:53,88
DA:54,78
DA:55,69
DA:56,38
DA:57,66
DA:58,75
DA:59,31
DA:60,46
DA:61,198
DA:63,14
DA:64,96
DA:65,88
DA:68,108
DA:69,44
DA:70,13
DA:71,54
DA:72,24
DA:73,154
DA:74,20
DA:77,69
DA:78,33
DA:79,9
DA:80,89
DA:81,53
DA:82,10
DA:85,20
DA:86,60
DA:87,50
DA:90,25
DA:91,45
DA:94,32
DA:95,62
DA:98,35
DA:99,72
DA:100,90
DA:101,68
DA:102,108
DA:103,48
DA:104,93
DA:105,125
DA:106,6
DA:107,99
DA:108,24
DA:109,190
DA:110,16
DA:111,78
DA:112,90
DA:113,124
DA:114,13
DA:115,2
DA:116,12
DA:117,129
DA:118,48
DA:119,117
DA:120,82
DA:121,96
DA:122,17
DA:123,2
DA:124,12
DA:125,9
DA:126,118
DA:127,96
DA:128,134
DA:131,32
DA:132,107
DA:133,17
DA:134,9
DA:136,124
DA:137,76
DA:138,18
DA:139,13
DA:140,154
DA:141,80
DA:142,16
DA:143,64
DA:144,26
DA:145,14
DA:146,18
DA:149,39
DA:150,36
DA:152,63
DA:153,58
DA:154,112
DA:155,38
DA:157,201
DA:158,24
DA:159,13
DA:161,74
DA:162,15
DA:165,37
DA:166,22
DA:167,70
DA:168,42
DA:169,85
DA:170,29
DA:171,13
DA:172,164
DA:173,192
DA:174,20
DA:175,18
DA:176,52
DA:180,31
DA:181,130
DA:182,96
DA:183,130
DA:185,85
DA:186,80
DA:187,18
DA:188,56
DA:189,76
DA:190,76
DA:191,16
DA:192,138
DA:193,82
DA:194,31
DA:195,9
DA:196,83
DA:197,80
DA:198,16
DA:199,54
DA:200,68
DA:201,76
DA:202,16
DA:203,120
DA:204,27
DA:205,95
DA:208,66
DA:209,170
DA:210,107
DA:211,100
DA:212,52
DA:213,9
DA:214,83
DA:217,41
DA:218,99
DA:219,39
DA:220,5
DA:222,44
DA:223,22
DA:224,5
DA:226,74
DA:227,21
DA:230,64
DA:231,109
DA:232,29
DA:233,9
DA:235,126
DA:236,34
DA:239,23
DA:240,54
DA:241,50
DA:242,78
DA:243,102
DA:244,48
DA:245,24
DA:246,85
DA:247,104
DA:248,95
DA:249,135
DA:250,66
DA:251,129
DA:252,16
DA:253,112
DA:254,9
DA:255,78
DA:256,125
DA:257,36
DA:258,9
DA:259,66
DA:260,80
DA:261,89
DA:262,144
DA:263,27
DA:264,201
DA:266,58
DA:269,44
DA:270,178
DA:273,27
DA:274,12
DA:275,27
DA:276,10
DA:277,85
DA:278,17
DA:279,9
DA:281,66
DA:282,118
DA:283,22
DA:284,84
DA:285,88
DA:286,94
DA:287,168
DA:288,80
DA:289,16
DA:290,52
DA:291,110
DA:292,80
DA:293,14
DA:294,21
DA:295,47
DA:296,92
DA:297,40
DA:298,9
DA:299,26
DA:300,62
DA:301,63
DA:302,21
DA:306,42
DA:307,128
DA:308,178
DA:309,202
DA:310,22
DA:311,16
DA:312,18
DA:315,43
DA:316,110
DA:317,0
DA:318,0
DA:319,0
DA:320,0
DA:321,0
DA:322,0
DA:323,0
DA:324,8
DA:325,13
DA:328,40
DA:329,115
DA:332,31
DA:333,82
DA:334,82
DA:335,84
DA:336,132
DA:337,14
DA:339,69
DA:340,17
DA:341,9
DA:343,106
DA:344,144
DA:345,80
DA:346,16
DA:347,58
DA:348,102
DA:349,26
DA:350,12
DA:351,0
DA:352,75
DA:353,12
DA:354,89
DA:355,80
DA:356,10
DA:359,39
DA:360,162
DA:362,2
DA:364,47
DA:365,127
DA:368,28
DA:369,12
DA:370,20
DA:371,6
DA:372,72
DA:373,39
DA:374,5
DA:375,82
DA:376,93
LF:281
LH:273
end_of_record
TN:
SF:src/application/MetricsRecorder.ts
FNF:80
FNH:74
DA:1,82
DA:15,88
DA:69,1
DA:71,51
DA:72,112
DA:73,122
DA:76,41
DA:77,91
DA:78,76
DA:79,17
DA:80,9
DA:81,68
DA:84,40
DA:85,42
DA:86,141
DA:87,102
DA:88,75
DA:89,56
DA:90,9
DA:91,9
DA:92,137
DA:93,98
DA:94,75
DA:95,56
DA:96,9
DA:97,9
DA:98,31
DA:101,28
DA:102,123
DA:105,0
DA:106,39
DA:109,31
DA:110,106
DA:113,50
DA:114,130
DA:115,74
DA:116,93
DA:119,47
DA:120,117
DA:121,56
DA:122,9
DA:123,115
DA:124,78
DA:125,17
DA:126,5
DA:127,38
DA:130,49
DA:131,125
DA:132,80
DA:133,26
DA:134,288
DA:135,16
DA:136,83
DA:137,64
DA:138,86
DA:139,19
DA:140,7
DA:141,65
DA:142,51
DA:143,38
DA:144,38
DA:145,7
DA:146,5
DA:147,9
DA:148,78
DA:151,32
DA:152,90
DA:153,67
DA:154,68
DA:155,9
DA:158,34
DA:159,123
DA:161,2
DA:170,64
DA:171,16
DA:172,38
DA:173,28
DA:174,40
DA:175,24
DA:176,34
DA:177,25
DA:179,13
DA:180,84
DA:181,102
DA:182,10
DA:183,92
DA:184,114
DA:185,96
DA:188,21
DA:189,66
DA:190,11
DA:191,9
DA:192,0
DA:193,31
DA:194,47
DA:197,25
DA:198,51
DA:199,17
DA:200,9
DA:201,86
DA:202,60
DA:205,28
DA:206,50
DA:207,22
DA:208,118
DA:209,80
DA:210,79
DA:211,30
DA:212,62
DA:213,25
DA:214,109
DA:215,22
DA:216,77
DA:218,13
DA:219,85
DA:220,14
DA:221,56
DA:222,81
DA:226,90
DA:227,42
DA:228,66
DA:229,149
DA:230,80
DA:231,31
DA:232,15
DA:233,13
DA:234,54
DA:235,9
DA:236,78
DA:237,27
DA:238,9
DA:239,66
DA:240,136
DA:241,40
DA:242,12
DA:243,119
DA:244,6
DA:245,10
DA:248,30
DA:249,167
DA:252,25
DA:253,73
DA:254,17
DA:255,9
DA:256,60
DA:257,59
DA:260,31
DA:261,100
DA:262,162
DA:263,143
DA:264,17
DA:265,5
DA:266,12
DA:267,126
DA:268,6
DA:269,0
DA:270,78
DA:271,8
DA:273,2
DA:275,78
DA:276,16
DA:277,50
DA:278,46
DA:279,50
DA:280,52
DA:281,86
DA:282,42
DA:283,24
DA:284,35
DA:286,13
DA:287,116
DA:288,92
DA:289,124
DA:290,10
DA:291,94
DA:292,116
DA:293,87
DA:294,19
DA:297,65
DA:298,76
DA:299,42
DA:300,60
DA:301,64
DA:302,88
DA:303,68
DA:304,92
DA:305,84
DA:306,68
DA:307,76
DA:308,32
DA:309,42
DA:310,14
DA:311,54
DA:312,56
DA:315,9
DA:316,44
DA:317,44
DA:318,23
DA:319,10
DA:320,51
DA:321,60
DA:322,9
DA:323,160
DA:326,46
DA:327,42
DA:328,11
DA:329,9
DA:330,98
DA:331,54
DA:334,53
DA:335,112
DA:336,66
DA:337,118
DA:338,48
DA:339,64
DA:340,60
DA:341,34
DA:342,64
DA:343,64
DA:344,70
DA:345,76
DA:346,72
DA:347,72
DA:348,74
DA:349,184
DA:350,76
DA:351,12
DA:352,120
DA:353,140
DA:354,12
DA:355,83
DA:356,72
DA:357,138
DA:358,52
DA:359,68
DA:360,64
DA:361,38
DA:362,84
DA:363,88
DA:364,16
DA:365,114
DA:366,158
DA:367,12
DA:368,14
DA:371,14
DA:372,20
DA:373,26
DA:374,14
DA:375,118
DA:376,10
DA:377,68
DA:378,146
DA:379,48
DA:380,64
DA:381,60
DA:382,74
DA:383,36
DA:384,80
DA:385,36
DA:386,48
DA:387,70
DA:388,54
DA:389,46
DA:390,46
DA:391,62
DA:392,62
DA:393,58
DA:394,58
DA:395,118
DA:396,128
DA:397,128
DA:398,84
DA:399,10
DA:400,12
DA:401,110
DA:402,154
DA:403,12
DA:404,98
DA:405,48
DA:406,64
DA:407,30
DA:408,36
DA:409,24
DA:410,32
DA:411,21
DA:412,116
DA:413,118
DA:414,12
DA:415,14
DA:418,102
DA:419,94
DA:420,173
DA:421,54
DA:422,86
DA:423,24
DA:424,40
DA:425,16
DA:426,18
DA:427,20
DA:428,20
DA:429,6
DA:430,12
DA:431,118
DA:432,138
DA:433,12
DA:434,131
DA:435,98
DA:436,17
DA:437,9
DA:438,8
DA:439,52
DA:440,124
DA:441,130
DA:442,147
DA:443,7
DA:444,11
DA:445,9
DA:446,158
DA:447,118
DA:448,110
DA:449,12
DA:450,66
DA:453,17
DA:454,18
DA:455,60
DA:456,36
DA:457,10
DA:458,113
DA:459,75
DA:460,12
DA:461,101
DA:462,68
DA:463,28
DA:464,48
DA:465,64
DA:466,74
DA:467,94
DA:468,16
DA:469,122
DA:470,130
DA:471,16
DA:472,64
DA:473,136
DA:474,52
DA:475,68
DA:476,58
DA:477,50
DA:478,86
DA:479,82
DA:480,50
DA:481,58
DA:482,70
DA:483,64
DA:484,66
DA:485,78
DA:486,54
DA:487,74
DA:488,48
DA:489,94
DA:490,16
DA:491,122
DA:492,142
DA:493,16
DA:494,74
DA:495,9
DA:498,41
DA:499,120
DA:500,65
DA:501,17
DA:502,9
DA:503,99
DA:506,15
DA:507,18
DA:508,20
DA:509,10
DA:510,16
DA:511,20
DA:512,10
DA:513,40
DA:514,161
DA:515,80
DA:516,38
DA:517,163
DA:518,28
DA:519,98
DA:520,48
DA:521,64
DA:522,82
DA:523,164
DA:524,124
DA:525,16
DA:526,163
DA:527,52
DA:528,11
DA:529,21
DA:530,24
DA:531,56
DA:532,56
DA:533,55
DA:534,73
DA:535,18
DA:536,17
DA:537,97
DA:538,135
DA:539,52
DA:540,70
DA:541,70
DA:542,64
DA:543,9
DA:546,42
DA:547,82
DA:548,89
DA:549,112
DA:550,9
DA:551,8
DA:552,72
DA:553,72
DA:554,63
DA:555,14
DA:556,78
DA:557,17
DA:558,9
DA:559,82
DA:562,30
DA:563,194
DA:564,28
DA:565,84
DA:566,40
DA:567,78
DA:568,14
DA:571,35
DA:572,96
DA:573,82
DA:574,82
DA:575,160
DA:576,62
DA:577,42
DA:578,90
DA:579,12
DA:580,193
DA:581,50
DA:582,36
DA:583,48
DA:584,36
DA:585,57
DA:586,23
DA:587,121
DA:588,48
DA:589,52
DA:590,54
DA:591,66
DA:592,44
DA:593,48
DA:594,50
DA:595,40
DA:596,30
DA:597,94
DA:598,60
DA:599,104
DA:600,12
DA:601,108
DA:602,108
DA:603,17
DA:606,22
DA:607,14
DA:608,12
DA:609,18
DA:610,24
DA:611,10
DA:612,68
DA:613,42
DA:614,96
DA:615,48
DA:616,64
DA:617,68
DA:618,34
DA:619,24
DA:620,22
DA:621,28
DA:622,46
DA:623,12
DA:624,112
DA:625,118
DA:626,12
DA:629,39
DA:630,166
DA:631,127
DA:632,74
DA:633,88
DA:634,42
DA:636,161
DA:637,146
DA:638,120
DA:639,134
DA:640,176
DA:641,27
DA:642,156
DA:643,22
DA:644,37
DA:645,92
DA:646,57
DA:648,55
DA:649,56
DA:650,132
DA:651,74
DA:652,19
DA:655,54
DA:656,98
DA:657,77
DA:660,9
DA:661,12
DA:662,20
DA:663,10
DA:664,10
DA:665,0
DA:666,0
DA:667,0
DA:668,0
DA:669,0
DA:670,0
DA:671,0
DA:672,0
DA:673,0
DA:674,0
DA:675,0
DA:676,0
DA:677,0
DA:678,0
DA:679,0
DA:680,0
DA:681,0
DA:682,0
DA:683,0
DA:684,0
DA:685,0
DA:686,0
DA:687,0
DA:688,0
DA:689,0
DA:690,0
DA:691,0
DA:692,0
DA:693,0
DA:694,0
DA:695,0
DA:696,6
DA:698,2
DA:700,107
DA:702,44
DA:703,99
DA:706,45
DA:707,111
DA:710,55
DA:711,36
DA:712,11
DA:713,5
DA:714,75
DA:717,50
DA:718,87
DA:721,66
DA:722,61
DA:725,29
DA:726,14
DA:727,14
DA:728,16
DA:729,18
DA:730,20
DA:731,20
DA:732,24
DA:733,6
DA:734,170
DA:735,24
DA:736,126
DA:737,20
DA:738,20
DA:739,78
DA:740,54
DA:741,136
DA:742,120
DA:743,82
DA:744,94
DA:745,112
DA:746,98
DA:747,96
DA:748,124
DA:749,16
DA:750,165
DA:751,66
DA:752,30
DA:753,60
DA:754,5
DA:757,42
DA:764,6
DA:765,84
DA:766,14
DA:767,30
DA:768,54
DA:769,54
DA:770,70
DA:771,70
DA:772,78
DA:773,78
DA:774,110
DA:775,104
DA:776,6
DA:777,8
DA:778,90
DA:779,36
DA:780,46
DA:781,46
DA:782,68
DA:783,74
DA:784,74
DA:785,58
DA:786,62
DA:787,70
DA:788,78
DA:789,84
DA:790,80
DA:791,82
DA:792,44
DA:793,6
DA:794,142
DA:795,12
DA:796,22
DA:797,8
DA:798,75
DA:799,20
DA:800,22
DA:801,136
DA:802,36
DA:803,50
DA:804,102
DA:805,46
DA:806,60
DA:807,104
DA:808,158
DA:809,12
DA:810,20
DA:811,22
DA:812,138
DA:813,38
DA:814,50
DA:815,102
DA:816,46
DA:817,60
DA:818,104
DA:819,158
DA:820,6
DA:821,6
DA:824,51
DA:825,74
DA:826,18
DA:827,5
DA:828,58
DA:829,20
DA:830,5
DA:831,31
DA:834,21
DA:835,18
DA:836,6
DA:837,118
DA:838,69
DA:839,33
DA:840,5
DA:841,73
DA:842,37
DA:843,5
DA:844,68
DA:845,20
DA:846,5
DA:847,75
DA:848,39
DA:849,5
DA:850,70
DA:851,20
DA:852,5
DA:853,70
DA:854,20
DA:855,5
DA:856,128
DA:857,18
DA:858,5
DA:859,37
DA:862,30
DA:863,16
DA:864,6
DA:865,61
DA:866,25
DA:867,5
DA:868,84
DA:869,67
DA:870,33
DA:871,5
DA:872,66
DA:873,20
DA:874,5
DA:875,8
DA:876,60
DA:877,58
DA:878,76
DA:879,69
DA:880,10
DA:881,37
DA:882,5
DA:883,25
DA:886,72
DA:887,73
DA:888,53
DA:889,5
DA:890,159
DA:891,95
DA:892,3
DA:893,58
DA:896,51
DA:897,24
DA:898,68
DA:899,84
DA:900,92
DA:901,88
DA:902,96
DA:903,116
DA:904,124
DA:905,92
DA:906,96
DA:907,100
DA:908,76
DA:909,76
DA:910,68
DA:911,92
DA:912,28
DA:913,62
DA:914,62
DA:915,60
DA:916,64
DA:917,62
DA:918,5
LF:737
LH:703
end_of_record
TN:
SF:src/application/OrderManager.ts
FNF:26
FNH:25
DA:3,88
DA:38,104
DA:39,13
DA:40,18
DA:41,75
DA:42,10
DA:43,38
DA:44,95
DA:46,2
DA:48,50
DA:49,64
DA:50,68
DA:51,44
DA:52,72
DA:53,32
DA:54,3
DA:61,1
DA:63,13
DA:64,102
DA:65,28
DA:66,10
DA:67,106
DA:70,21
DA:71,78
DA:72,28
DA:73,106
DA:74,84
DA:75,110
DA:76,96
DA:77,108
DA:78,108
DA:79,152
DA:80,14
DA:83,49
DA:84,138
DA:85,65
DA:86,74
DA:87,54
DA:88,126
DA:89,12
DA:90,9
DA:91,140
DA:92,58
DA:93,107
DA:94,69
DA:95,162
DA:96,9
DA:97,9
DA:99,56
DA:100,58
DA:101,83
DA:102,114
DA:103,155
DA:104,58
DA:105,52
DA:106,56
DA:107,64
DA:108,46
DA:109,22
DA:110,23
DA:111,13
DA:112,73
DA:113,166
DA:114,13
DA:115,105
DA:116,24
DA:117,300
DA:118,20
DA:119,23
DA:120,13
DA:121,62
DA:122,9
DA:124,74
DA:125,192
DA:126,28
DA:127,44
DA:128,118
DA:129,15
DA:132,33
DA:133,90
DA:134,155
DA:135,86
DA:136,24
DA:137,396
DA:138,16
DA:139,18
DA:140,12
DA:141,65
DA:142,17
DA:143,9
DA:144,81
DA:145,86
DA:146,17
DA:147,9
DA:148,182
DA:149,165
DA:152,21
DA:153,10
DA:154,16
DA:155,15
DA:156,10
DA:157,22
DA:158,108
DA:159,72
DA:160,73
DA:161,42
DA:162,161
DA:166,23
DA:167,14
DA:168,15
DA:169,10
DA:170,22
DA:171,94
DA:172,113
DA:173,42
DA:174,187
DA:178,26
DA:179,10
DA:180,14
DA:181,16
DA:182,13
DA:183,10
DA:184,58
DA:185,78
DA:186,26
DA:187,228
DA:188,12
DA:189,0
DA:190,0
DA:191,0
DA:192,7
DA:193,12
DA:194,80
DA:195,206
DA:196,10
DA:197,10
DA:200,15
DA:201,20
DA:202,12
DA:203,10
DA:204,167
DA:205,27
DA:206,9
DA:207,102
DA:208,8
DA:209,76
DA:210,100
DA:211,104
DA:212,79
DA:213,14
DA:214,27
DA:215,9
DA:216,96
DA:217,72
DA:218,16
DA:219,9
DA:220,170
DA:221,133
DA:222,27
DA:223,9
DA:224,88
DA:225,46
DA:226,167
DA:227,138
DA:230,38
DA:231,115
DA:232,29
DA:233,9
DA:235,142
DA:236,160
DA:237,74
DA:238,107
DA:239,103
DA:240,76
DA:241,68
DA:242,9
DA:243,9
DA:245,64
DA:246,126
DA:247,12
DA:248,36
DA:249,38
DA:250,98
DA:251,156
DA:252,12
DA:253,62
DA:256,53
DA:257,174
DA:259,2
LF:189
LH:186
end_of_record
TN:
SF:src/application/QuotingStrategyFactory.ts
FNF:1
FNH:1
DA:3,111
DA:7,25
DA:8,43
DA:9,47
DA:10,69
DA:11,2
DA:12,59
LF:7
LH:7
end_of_record
TN:
SF:src/application/di.ts
FNF:13
FNH:12
DA:1,64
DA:2,82
DA:4,136
DA:5,144
DA:6,144
DA:7,178
DA:8,186
DA:9,186
DA:10,162
DA:11,150
DA:12,142
DA:13,110
DA:19,132
DA:20,142
DA:21,186
DA:22,158
DA:23,220
DA:24,228
DA:25,150
DA:26,216
DA:27,208
DA:28,172
DA:29,156
DA:30,188
DA:31,62
DA:32,140
DA:34,134
DA:35,172
DA:36,148
DA:37,132
DA:38,168
DA:39,140
DA:40,156
DA:41,148
DA:42,176
DA:56,95
DA:58,25
DA:59,102
DA:60,124
DA:61,162
DA:62,96
DA:63,88
DA:64,186
DA:66,30
DA:67,14
DA:68,80
DA:69,12
DA:70,18
DA:71,40
DA:72,26
DA:73,18
DA:74,74
DA:75,74
DA:76,88
DA:77,16
DA:78,124
DA:79,100
DA:80,18
DA:81,40
DA:82,80
DA:83,16
DA:84,160
DA:85,88
DA:86,108
DA:87,26
DA:88,16
DA:89,88
DA:90,18
DA:91,40
DA:92,12
DA:93,66
DA:94,38
DA:95,18
DA:96,120
DA:97,116
DA:98,136
DA:99,118
DA:100,2
DA:101,16
DA:102,80
DA:103,18
DA:104,40
DA:105,12
DA:106,34
DA:107,10
DA:108,6
DA:109,12
DA:110,18
DA:111,56
DA:112,18
DA:113,130
DA:114,9
DA:117,32
DA:118,152
DA:119,46
DA:120,20
DA:121,48
DA:122,72
DA:123,78
DA:124,6
DA:125,50
DA:126,14
DA:127,122
DA:128,122
DA:129,114
DA:130,146
DA:131,138
DA:132,128
DA:133,116
DA:134,148
DA:135,148
DA:136,164
DA:137,164
DA:138,26
DA:139,166
DA:140,84
DA:141,2
DA:142,9
DA:145,34
DA:146,130
DA:147,40
DA:148,55
DA:149,16
DA:150,64
DA:151,65
DA:152,6
DA:153,9
DA:155,140
DA:156,138
DA:157,28
DA:158,120
DA:159,48
DA:160,90
DA:161,9
DA:164,22
DA:165,24
DA:166,16
DA:167,10
DA:168,54
DA:169,24
DA:170,14
DA:171,58
DA:172,62
DA:173,102
DA:174,64
DA:175,160
DA:176,94
DA:177,40
DA:178,6
DA:179,12
DA:180,9
DA:183,61
DA:184,81
DA:185,101
DA:186,5
DA:188,46
DA:189,76
DA:191,32
DA:192,102
DA:193,44
DA:194,50
DA:195,52
DA:196,45
DA:197,9
DA:198,16
DA:199,13
DA:200,76
DA:201,6
DA:202,5
DA:204,54
DA:205,43
DA:206,44
DA:207,7
DA:208,64
DA:209,45
DA:210,58
DA:211,7
DA:213,14
DA:214,11
DA:215,9
DA:216,18
DA:217,28
DA:218,9
DA:219,36
DA:220,49
DA:221,74
DA:222,4
DA:223,42
DA:224,4
DA:225,65
DA:226,8
DA:229,65
DA:230,62
DA:231,64
DA:232,74
DA:233,9
DA:235,56
DA:236,80
DA:237,74
DA:238,56
DA:239,48
DA:240,68
DA:241,58
DA:242,14
DA:243,92
DA:245,63
DA:246,188
DA:247,78
DA:248,90
DA:249,94
DA:250,80
DA:251,18
DA:252,32
DA:253,26
DA:254,152
DA:255,7
DA:256,9
DA:258,94
DA:259,52
DA:260,56
DA:261,32
DA:262,130
DA:263,78
DA:264,14
DA:266,57
DA:267,32
DA:268,26
DA:269,152
DA:270,7
DA:271,9
DA:273,85
DA:274,159
DA:275,9
DA:277,28
DA:278,22
DA:279,94
DA:280,56
DA:281,36
DA:282,76
DA:283,58
DA:284,74
DA:285,12
DA:286,9
DA:289,0
DA:290,0
DA:291,0
DA:292,0
DA:293,23
DA:296,26
DA:297,75
DA:298,73
DA:299,49
DA:302,35
DA:303,46
DA:304,102
DA:305,56
DA:306,9
DA:307,34
DA:309,2
DA:311,62
DA:312,67
DA:313,31
DA:314,5
DA:315,73
DA:316,37
DA:317,5
DA:318,167
DA:319,39
DA:320,5
DA:321,29
DA:324,53
DA:329,6
DA:330,119
DA:331,21
DA:332,5
DA:333,24
DA:334,42
DA:335,46
DA:336,56
DA:337,54
DA:338,5
DA:341,44
DA:342,67
DA:343,34
DA:344,26
DA:345,44
DA:346,40
DA:347,68
DA:348,187
DA:349,14
DA:350,10
DA:351,5
DA:352,3
DA:353,15
DA:354,11
DA:355,20
DA:356,25
DA:357,39
DA:358,11
DA:359,87
DA:360,5
DA:361,3
DA:362,4
LF:303
LH:299
end_of_record
TN:
SF:src/application/shutdown.ts
FNF:2
FNH:2
DA:1,44
DA:3,46
DA:11,27
DA:12,28
DA:14,42
DA:15,35
DA:16,18
DA:17,0
DA:18,6
DA:19,27
DA:20,54
DA:21,17
DA:22,29
DA:23,4
DA:24,1
LF:15
LH:14
end_of_record
TN:
SF:src/application/usecases/BufferedRecordOhlcvUseCase.ts
FNF:2
FNH:1
DA:9,13
DA:10,78
DA:11,0
DA:12,0
DA:13,0
DA:14,0
DA:15,0
DA:16,0
DA:17,0
DA:18,0
DA:19,0
DA:20,0
DA:21,8
DA:23,1
LF:14
LH:4
end_of_record
TN:
SF:src/application/usecases/ClosePositionUseCase.ts
FNF:27
FNH:22
DA:1,82
DA:7,140
DA:8,94
DA:10,56
DA:11,97
DA:20,49
DA:21,65
DA:24,53
DA:25,183
DA:28,92
DA:29,104
DA:30,164
DA:34,1
DA:36,13
DA:37,102
DA:38,138
DA:39,90
DA:40,66
DA:41,188
DA:42,151
DA:43,10
DA:45,31
DA:46,0
DA:47,98
DA:48,12
DA:50,85
DA:51,89
DA:52,9
DA:54,0
DA:55,0
DA:56,0
DA:57,0
DA:58,48
DA:59,15
DA:62,31
DA:63,100
DA:64,96
DA:65,43
DA:68,35
DA:69,113
DA:70,42
DA:71,31
DA:72,13
DA:73,0
DA:74,0
DA:75,0
DA:76,9
DA:77,12
DA:78,10
DA:81,62
DA:82,28
DA:83,28
DA:84,89
DA:85,62
DA:86,14
DA:89,23
DA:90,62
DA:91,58
DA:92,40
DA:93,56
DA:95,141
DA:96,104
DA:97,91
DA:98,19
DA:99,13
DA:101,128
DA:102,70
DA:103,66
DA:105,67
DA:106,159
DA:107,57
DA:108,20
DA:109,71
DA:110,86
DA:111,21
DA:112,17
DA:113,79
DA:114,78
DA:115,25
DA:116,13
DA:117,13
DA:119,0
DA:120,27
DA:121,16
DA:122,54
DA:123,67
DA:124,82
DA:125,19
DA:126,7
DA:127,33
DA:128,9
DA:130,32
DA:131,292
DA:132,15
DA:135,19
DA:136,28
DA:137,27
DA:138,10
DA:139,96
DA:140,24
DA:141,292
DA:142,12
DA:144,78
DA:145,26
DA:146,52
DA:147,22
DA:148,20
DA:149,46
DA:150,50
DA:151,68
DA:152,38
DA:153,6
DA:154,43
DA:155,64
DA:156,76
DA:157,111
DA:158,72
DA:159,41
DA:160,7
DA:161,12
DA:162,142
DA:163,8
DA:164,12
DA:165,12
DA:167,67
DA:168,39
DA:169,9
DA:170,145
DA:173,18
DA:174,28
DA:175,34
DA:176,27
DA:177,10
DA:178,96
DA:179,114
DA:180,118
DA:181,176
DA:183,24
DA:184,372
DA:185,12
DA:187,78
DA:188,26
DA:189,52
DA:190,22
DA:191,24
DA:192,20
DA:193,46
DA:194,50
DA:195,68
DA:196,38
DA:197,6
DA:198,0
DA:199,0
DA:200,0
DA:201,0
DA:202,0
DA:203,12
DA:204,12
DA:206,140
DA:209,20
DA:210,16
DA:211,28
DA:212,28
DA:213,10
DA:214,79
DA:215,35
DA:216,9
DA:217,65
DA:218,68
DA:219,24
DA:220,362
DA:221,12
DA:222,9
DA:223,50
DA:226,31
DA:227,70
DA:228,44
DA:229,9
DA:231,2
LF:179
LH:165
end_of_record
TN:
SF:src/application/usecases/GuardRiskUseCase.ts
FNF:10
FNH:10
DA:2,94
DA:27,56
DA:28,62
DA:29,64
DA:30,66
DA:31,85
DA:34,13
DA:35,90
DA:36,96
DA:37,10
DA:39,23
DA:40,114
DA:41,134
DA:42,146
DA:43,73
DA:44,24
DA:45,456
DA:46,16
DA:47,153
DA:48,9
DA:50,90
DA:52,58
DA:53,79
DA:54,43
DA:55,9
DA:56,96
DA:57,12
DA:58,119
DA:59,8
DA:60,83
DA:61,9
DA:62,96
DA:63,12
DA:64,118
DA:65,8
DA:66,82
DA:67,9
DA:68,174
DA:69,83
DA:71,2
DA:73,25
DA:74,20
DA:75,24
DA:76,6
DA:77,24
DA:78,56
DA:79,76
DA:80,72
DA:81,72
DA:82,70
DA:83,78
DA:84,82
DA:85,80
DA:86,5
DA:89,27
DA:90,20
DA:91,24
DA:92,6
DA:93,188
DA:94,24
DA:95,5
DA:96,167
DA:97,157
DA:98,43
DA:99,5
DA:100,5
DA:101,175
DA:102,169
DA:103,47
DA:104,5
DA:105,5
DA:106,175
DA:107,175
DA:108,49
DA:109,5
DA:110,5
DA:111,179
DA:112,181
DA:113,51
DA:114,3
DA:115,5
DA:116,25
DA:119,45
DA:120,91
DA:121,7
DA:122,99
DA:125,47
DA:126,95
DA:127,7
DA:128,103
DA:131,48
DA:132,173
DA:133,7
DA:134,105
DA:137,49
DA:138,177
DA:139,7
DA:140,107
DA:143,47
DA:144,83
LF:100
LH:100
end_of_record
TN:
SF:src/application/usecases/InitializePositionUseCase.ts
FNF:6
FNH:5
DA:3,94
DA:4,131
DA:13,13
DA:14,102
DA:15,138
DA:16,88
DA:17,10
DA:19,23
DA:20,111
DA:21,17
DA:22,9
DA:24,83
DA:25,119
DA:26,14
DA:27,96
DA:28,98
DA:29,64
DA:30,95
DA:31,24
DA:32,182
DA:33,25
DA:35,2
DA:36,12
DA:37,96
DA:38,24
DA:39,236
DA:40,12
DA:42,2
DA:44,0
DA:45,72
LF:30
LH:29
end_of_record
TN:
SF:src/application/usecases/RecordOhlcvUseCase.ts
FNF:6
FNH:6
DA:3,93
DA:6,1
DA:8,13
DA:9,120
DA:10,98
DA:11,117
DA:12,10
DA:14,39
DA:15,90
DA:16,12
DA:17,102
DA:18,8
DA:19,11
DA:20,9
DA:22,83
DA:23,48
DA:24,64
DA:25,68
DA:26,62
DA:27,56
DA:28,56
DA:29,52
DA:30,60
DA:31,68
DA:32,16
DA:33,186
DA:34,104
DA:35,26
DA:36,272
DA:37,16
DA:38,17
DA:39,9
DA:41,83
DA:42,17
DA:43,9
DA:45,180
DA:46,134
DA:47,82
DA:48,142
DA:49,70
DA:50,50
DA:51,22
DA:52,104
DA:53,100
DA:54,64
DA:55,64
DA:56,12
DA:58,68
DA:59,100
DA:60,26
DA:61,272
DA:62,18
DA:65,64
DA:66,112
DA:67,34
DA:68,32
DA:69,20
DA:70,16
DA:71,12
DA:72,65
DA:73,31
DA:74,9
DA:76,28
DA:77,60
DA:78,64
DA:79,38
DA:80,62
DA:81,62
DA:82,60
DA:83,64
DA:84,26
DA:85,10
DA:88,16
DA:89,20
DA:91,10
DA:92,14
DA:93,62
DA:94,62
DA:95,60
DA:96,62
DA:99,2
LF:81
LH:81
end_of_record
TN:
SF:src/application/usecases/ReduceInventoryUseCase.ts
FNF:22
FNH:19
DA:1,82
DA:7,94
DA:9,70
DA:10,97
DA:22,1
DA:24,13
DA:25,102
DA:26,138
DA:27,90
DA:28,114
DA:29,66
DA:30,87
DA:31,10
DA:33,31
DA:34,110
DA:35,96
DA:36,164
DA:37,160
DA:38,160
DA:39,8
DA:40,76
DA:41,26
DA:42,91
DA:43,14
DA:44,29
DA:45,9
DA:47,114
DA:48,102
DA:49,80
DA:50,28
DA:51,38
DA:52,40
DA:53,24
DA:54,12
DA:55,151
DA:56,88
DA:57,29
DA:58,9
DA:60,112
DA:61,88
DA:62,152
DA:63,144
DA:64,44
DA:65,17
DA:66,9
DA:68,99
DA:69,124
DA:70,34
DA:71,44
DA:72,17
DA:73,9
DA:74,8
DA:75,68
DA:76,22
DA:77,42
DA:78,84
DA:79,30
DA:80,30
DA:81,30
DA:82,7
DA:83,14
DA:84,24
DA:85,450
DA:86,16
DA:87,88
DA:88,29
DA:89,9
DA:91,80
DA:92,68
DA:93,52
DA:94,22
DA:95,20
DA:96,46
DA:97,50
DA:98,68
DA:99,40
DA:100,12
DA:102,166
DA:103,95
DA:104,82
DA:105,172
DA:106,88
DA:107,27
DA:108,9
DA:110,180
DA:111,67
DA:112,24
DA:113,300
DA:114,12
DA:115,9
DA:116,78
DA:117,50
DA:118,54
DA:119,62
DA:120,12
DA:121,178
DA:122,84
DA:123,71
DA:124,27
DA:125,9
DA:126,88
DA:127,194
DA:128,35
DA:131,51
DA:132,0
DA:133,0
DA:134,0
DA:135,7
DA:136,12
DA:137,85
DA:138,35
DA:139,5
DA:141,50
DA:142,0
DA:143,0
DA:144,23
DA:146,0
DA:147,0
DA:148,0
DA:149,0
DA:150,21
DA:152,14
DA:155,19
DA:156,28
DA:157,13
DA:158,10
DA:159,149
DA:160,69
DA:161,124
DA:162,31
DA:163,24
DA:164,282
DA:165,29
DA:167,28
DA:168,10
DA:171,42
DA:172,14
DA:173,195
DA:177,44
DA:178,8
DA:179,54
DA:180,58
DA:181,73
DA:182,14
DA:183,82
DA:184,17
DA:185,9
DA:187,106
DA:190,20
DA:191,12
DA:192,10
DA:193,14
DA:194,36
DA:195,34
DA:196,10
DA:197,24
DA:198,410
DA:199,12
DA:202,63
DA:203,80
DA:204,142
DA:205,24
DA:206,336
DA:207,12
DA:208,115
DA:209,32
DA:210,196
DA:211,7
DA:212,9
DA:215,46
DA:216,70
DA:217,179
DA:218,21
DA:219,9
DA:220,163
DA:223,54
DA:224,105
DA:226,2
DA:228,86
DA:229,14
DA:230,187
DA:234,29
DA:235,26
DA:236,20
DA:237,22
DA:238,18
DA:239,6
DA:240,175
DA:241,27
DA:242,5
DA:244,32
DA:245,36
DA:246,45
DA:247,81
DA:248,89
DA:251,85
DA:252,94
DA:253,161
DA:254,65
DA:257,50
DA:264,6
DA:265,185
DA:266,27
DA:267,5
DA:268,61
DA:269,127
DA:270,3
DA:271,64
DA:274,44
DA:275,99
LF:210
LH:201
end_of_record
TN:
SF:src/application/usecases/RefreshQuotesUseCase.ts
FNF:25
FNH:25
DA:1,82
DA:4,144
DA:16,100
DA:21,94
DA:23,90
DA:24,90
DA:25,92
DA:26,86
DA:27,84
DA:28,96
DA:29,72
DA:30,65
DA:38,1
DA:40,13
DA:41,90
DA:42,102
DA:43,138
DA:44,96
DA:45,72
DA:46,162
DA:47,38
DA:48,38
DA:49,56
DA:50,38
DA:51,46
DA:52,54
DA:53,6
DA:54,28
DA:55,10
DA:56,154
DA:57,70
DA:58,133
DA:61,28
DA:62,46
DA:64,22
DA:65,14
DA:66,12
DA:67,18
DA:68,23
DA:69,10
DA:70,193
DA:71,17
DA:72,9
DA:73,22
DA:74,157
DA:75,42
DA:76,24
DA:77,162
DA:78,27
DA:82,23
DA:83,76
DA:84,80
DA:85,108
DA:86,72
DA:87,66
DA:88,14
DA:89,76
DA:90,86
DA:91,74
DA:92,6
DA:93,118
DA:94,12
DA:95,78
DA:96,6
DA:97,122
DA:98,12
DA:100,88
DA:101,42
DA:102,145
DA:103,9
DA:104,124
DA:105,60
DA:106,124
DA:107,91
DA:108,9
DA:109,131
DA:110,90
DA:111,13
DA:112,120
DA:114,90
DA:115,158
DA:116,58
DA:117,14
DA:118,156
DA:119,76
DA:120,124
DA:121,24
DA:122,870
DA:123,12
DA:124,62
DA:125,16
DA:126,46
DA:127,64
DA:128,50
DA:129,60
DA:130,38
DA:131,64
DA:132,24
DA:133,26
DA:134,40
DA:135,38
DA:136,66
DA:137,4
DA:138,12
DA:139,88
DA:140,162
DA:141,120
DA:142,124
DA:143,98
DA:144,34
DA:145,141
DA:146,155
DA:147,11
DA:148,90
DA:149,56
DA:150,88
DA:151,50
DA:152,69
DA:153,143
DA:154,125
DA:155,122
DA:156,60
DA:157,68
DA:158,44
DA:159,54
DA:160,58
DA:161,122
DA:162,72
DA:163,112
DA:164,94
DA:165,32
DA:166,22
DA:167,81
DA:168,76
DA:169,35
DA:170,65
DA:172,13
DA:173,125
DA:174,122
DA:175,60
DA:176,68
DA:177,46
DA:178,54
DA:179,58
DA:180,122
DA:181,72
DA:182,112
DA:183,94
DA:184,32
DA:185,22
DA:186,81
DA:187,76
DA:188,35
DA:189,65
DA:191,9
DA:192,9
DA:193,120
DA:194,74
DA:195,178
DA:196,107
DA:197,75
DA:198,35
DA:199,80
DA:200,94
DA:201,84
DA:202,146
DA:203,112
DA:204,112
DA:205,70
DA:206,6
DA:207,154
DA:208,12
DA:209,64
DA:210,138
DA:211,110
DA:212,62
DA:213,16
DA:214,50
DA:215,68
DA:216,14
DA:217,60
DA:218,40
DA:219,42
DA:220,40
DA:221,40
DA:222,36
DA:223,42
DA:224,52
DA:225,56
DA:226,48
DA:227,36
DA:228,32
DA:229,60
DA:230,88
DA:231,88
DA:232,38
DA:233,48
DA:234,32
DA:235,2
DA:236,12
DA:237,75
DA:238,24
DA:239,234
DA:240,16
DA:241,62
DA:242,16
DA:243,72
DA:244,68
DA:245,122
DA:246,16
DA:247,17
DA:248,9
DA:249,156
DA:250,158
DA:251,24
DA:252,438
DA:253,18
DA:256,35
DA:267,10
DA:268,124
DA:269,86
DA:270,120
DA:271,122
DA:272,63
DA:273,24
DA:274,410
DA:275,16
DA:276,62
DA:277,16
DA:278,44
DA:279,78
DA:280,18
DA:281,58
DA:282,50
DA:283,58
DA:284,54
DA:285,34
DA:286,110
DA:287,2
DA:288,16
DA:289,17
DA:290,9
DA:291,34
DA:292,28
DA:293,50
DA:294,24
DA:295,26
DA:296,38
DA:297,36
DA:298,30
DA:299,16
DA:300,10
DA:301,9
DA:303,2
DA:305,41
DA:320,6
DA:321,97
DA:322,46
DA:323,38
DA:324,38
DA:325,54
DA:326,54
DA:327,62
DA:328,62
DA:329,106
DA:330,100
DA:331,11
DA:332,24
DA:333,50
DA:334,74
DA:335,70
DA:336,62
DA:337,34
DA:338,54
DA:339,54
DA:340,70
DA:341,64
DA:342,12
DA:343,40
DA:344,82
DA:345,134
DA:346,94
DA:347,106
DA:348,102
DA:349,92
DA:350,12
DA:351,78
DA:352,111
DA:353,46
DA:354,103
DA:355,78
DA:356,82
DA:357,100
DA:358,13
DA:359,15
DA:360,40
DA:361,86
DA:362,80
DA:363,12
DA:364,16
DA:365,5
DA:368,26
DA:369,16
DA:377,12
DA:378,6
DA:379,111
DA:380,123
DA:381,157
DA:382,42
DA:383,36
DA:384,48
DA:385,32
DA:386,32
DA:387,8
DA:388,48
DA:389,66
DA:390,65
DA:391,106
DA:392,50
DA:393,63
DA:394,46
DA:395,9
DA:396,93
DA:397,62
DA:398,5
DA:399,5
DA:400,24
DA:401,24
DA:402,36
DA:403,91
DA:404,99
DA:405,26
DA:406,74
DA:407,5
DA:410,50
DA:411,111
DA:412,29
DA:413,5
DA:414,51
DA:417,35
DA:425,6
DA:426,14
DA:427,42
DA:428,14
DA:429,30
DA:430,46
DA:431,42
DA:432,42
DA:433,58
DA:434,58
DA:435,133
DA:436,127
DA:437,6
DA:438,5
DA:442,60
DA:443,83
DA:446,43
DA:447,115
DA:450,25
DA:451,14
DA:457,20
DA:458,6
DA:459,69
DA:460,25
DA:461,5
DA:462,81
DA:463,43
DA:464,5
DA:465,181
DA:466,57
DA:467,5
DA:468,176
DA:469,28
DA:470,5
DA:471,25
DA:474,56
DA:475,140
DA:476,153
DA:477,27
DA:478,5
DA:479,14
DA:480,84
DA:481,127
DA:485,52
DA:486,14
DA:487,62
DA:488,62
DA:489,60
DA:490,59
DA:494,52
DA:495,161
DA:498,27
DA:499,12
DA:500,14
DA:501,16
DA:502,24
DA:503,20
DA:504,20
DA:505,6
DA:506,48
DA:507,15
DA:508,5
DA:510,53
DA:511,187
DA:512,5
DA:514,80
DA:515,75
DA:516,67
DA:517,67
DA:518,50
DA:519,178
DA:520,49
DA:521,142
DA:522,106
DA:523,105
DA:524,107
DA:525,9
DA:526,41
DA:527,5
DA:529,138
DA:530,102
DA:531,99
DA:532,105
DA:533,5
DA:534,41
DA:537,44
DA:538,99
LF:427
LH:427
end_of_record
TN:
SF:src/application/usecases/UpdatePositionOnFillUseCase.ts
FNF:2
FNH:1
DA:3,93
DA:6,0
DA:7,0
DA:8,0
DA:9,0
DA:10,0
DA:11,0
DA:12,0
DA:13,70
DA:15,2
LF:10
LH:3
end_of_record
TN:
SF:src/config.ts
FNF:12
FNH:9
DA:2,29
DA:3,42
DA:7,31
DA:9,51
DA:10,72
DA:12,61
DA:13,62
DA:14,66
DA:15,79
DA:16,76
DA:17,64
DA:18,52
DA:20,60
DA:21,40
DA:22,31
DA:23,7
DA:24,3
DA:25,37
DA:26,37
DA:27,46
DA:28,57
DA:29,57
DA:30,58
DA:31,56
DA:32,3
DA:33,36
DA:34,38
DA:35,30
DA:36,3
DA:37,41
DA:38,12
DA:39,42
DA:40,50
DA:41,52
DA:42,56
DA:43,50
DA:44,94
DA:45,3
DA:46,3
DA:47,17
DA:48,26
DA:49,17
DA:50,21
DA:51,26
DA:53,3
DA:55,49
DA:56,60
DA:57,30
DA:58,55
DA:59,3
DA:61,34
DA:62,40
DA:63,38
DA:64,3
DA:66,33
DA:67,12
DA:68,84
DA:69,3
DA:70,33
DA:71,3
DA:73,30
DA:74,19
DA:75,27
DA:76,38
DA:77,43
DA:78,41
DA:79,41
DA:80,54
DA:81,48
DA:82,61
DA:83,30
DA:84,74
DA:85,40
DA:86,26
DA:87,5
DA:88,20
DA:89,37
DA:90,37
DA:91,41
DA:92,55
DA:93,57
DA:94,59
DA:95,56
DA:96,52
DA:97,54
DA:98,55
DA:99,53
DA:100,5
DA:101,19
DA:102,38
DA:103,49
DA:104,5
DA:105,27
DA:106,18
DA:107,14
DA:108,56
DA:109,4
DA:110,23
DA:111,4
DA:112,24
DA:113,33
DA:114,36
DA:115,31
DA:116,26
DA:117,3
DA:118,2
DA:120,45
DA:121,17
DA:122,24
DA:123,36
DA:124,29
DA:125,31
DA:126,31
DA:127,33
DA:128,37
DA:129,42
DA:130,44
DA:131,6
DA:132,4
DA:133,5
DA:134,17
DA:135,24
DA:136,29
DA:137,29
DA:138,24
DA:139,31
DA:140,33
DA:141,37
DA:142,76
DA:143,51
DA:144,53
DA:145,83
DA:146,68
DA:147,40
DA:148,6
DA:149,4
DA:150,3
DA:151,2
DA:160,10
DA:161,46
DA:164,9
DA:165,31
DA:168,12
DA:169,33
DA:170,17
DA:171,13
DA:172,44
DA:173,22
DA:174,20
DA:175,34
DA:176,86
DA:177,7
DA:178,5
DA:179,1
DA:180,0
DA:182,0
DA:183,0
DA:184,0
DA:185,0
DA:186,0
DA:187,0
DA:188,0
DA:189,0
DA:190,0
DA:191,0
DA:192,0
DA:193,0
DA:194,0
DA:195,0
DA:198,18
DA:199,59
DA:201,0
DA:203,19
DA:204,11
DA:205,8
DA:206,82
DA:207,77
DA:208,1
DA:210,1
DA:213,19
DA:214,19
DA:215,45
DA:216,26
DA:217,18
DA:218,4
DA:219,21
DA:221,1
LF:187
LH:171
end_of_record
TN:
SF:src/domain/FairPriceCalculator.ts
FNF:3
FNH:3
DA:6,13
DA:7,90
DA:8,141
DA:9,10
DA:11,39
DA:12,36
DA:13,67
DA:14,87
DA:15,47
DA:16,164
DA:18,2
DA:20,67
DA:21,40
DA:22,44
DA:24,65
DA:25,8
DA:26,72
DA:27,72
DA:28,70
DA:29,70
DA:30,44
DA:31,39
DA:32,14
DA:33,26
DA:34,9
DA:35,162
DA:36,94
DA:37,5
DA:39,55
DA:40,15
DA:41,5
DA:42,63
LF:32
LH:32
end_of_record
TN:
SF:src/domain/MarketContextBuilder.ts
FNF:4
FNH:3
DA:21,20
DA:22,13
DA:23,40
DA:24,31
DA:25,63
DA:26,71
DA:27,75
DA:28,63
DA:29,77
DA:30,62
DA:31,24
DA:32,50
DA:33,12
DA:34,50
DA:36,17
DA:37,15
DA:38,15
DA:39,20
DA:40,22
DA:41,23
DA:42,24
DA:43,24
DA:44,43
DA:45,47
DA:46,81
DA:47,84
DA:48,84
DA:49,68
DA:50,69
DA:51,80
DA:52,63
DA:53,41
DA:54,2
DA:55,9
DA:56,42
DA:57,44
DA:58,67
DA:59,2
DA:60,9
DA:61,49
DA:62,40
DA:63,2
DA:64,9
DA:65,43
DA:66,39
DA:67,31
DA:68,2
DA:72,20
DA:73,35
DA:76,22
DA:77,17
DA:78,0
DA:79,2
DA:80,42
LF:54
LH:53
end_of_record
TN:
SF:src/domain/QuoteControlPolicy.ts
FNF:7
FNH:7
DA:19,90
DA:21,13
DA:22,18
DA:23,30
DA:24,10
DA:25,65
DA:26,23
DA:27,9
DA:29,50
DA:30,83
DA:31,160
DA:32,73
DA:33,30
DA:34,13
DA:35,58
DA:36,9
DA:38,48
DA:39,81
DA:40,75
DA:41,76
DA:42,31
DA:43,85
DA:45,9
DA:46,37
DA:49,13
DA:50,12
DA:51,20
DA:52,10
DA:53,143
DA:54,158
DA:55,8
DA:56,50
DA:57,76
DA:58,96
DA:59,125
DA:60,18
DA:61,25
DA:62,13
DA:64,32
DA:65,22
DA:66,210
DA:67,104
DA:68,14
DA:69,8
DA:70,12
DA:72,61
DA:73,23
DA:74,14
DA:75,22
DA:76,36
DA:77,52
DA:78,168
DA:79,10
DA:80,8
DA:82,1
DA:89,45
DA:90,116
LF:57
LH:57
end_of_record
TN:
SF:src/domain/QuoteEngine.ts
FNF:34
FNH:34
DA:2,118
DA:31,81
DA:34,13
DA:35,78
DA:36,78
DA:37,66
DA:38,67
DA:39,10
DA:41,89
DA:46,108
DA:47,154
DA:48,110
DA:49,96
DA:50,32
DA:51,24
DA:52,32
DA:53,64
DA:54,98
DA:55,98
DA:56,90
DA:57,122
DA:58,114
DA:59,74
DA:60,14
DA:61,66
DA:62,66
DA:63,48
DA:64,40
DA:65,72
DA:66,78
DA:67,80
DA:68,86
DA:69,84
DA:70,6
DA:71,16
DA:72,2
DA:73,6
DA:74,16
DA:75,2
DA:76,6
DA:77,16
DA:78,6
DA:79,16
DA:80,6
DA:81,20
DA:82,16
DA:83,9
DA:86,80
DA:87,80
DA:88,14
DA:89,78
DA:90,74
DA:91,9
DA:94,76
DA:95,72
DA:96,14
DA:97,70
DA:98,66
DA:99,9
DA:102,73
DA:103,116
DA:104,116
DA:105,77
DA:106,99
DA:107,9
DA:109,101
DA:110,146
DA:111,146
DA:112,38
DA:113,28
DA:114,94
DA:115,94
DA:116,111
DA:117,111
DA:118,104
DA:119,98
DA:120,8
DA:121,12
DA:122,56
DA:123,142
DA:124,142
DA:126,62
DA:127,20
DA:128,24
DA:129,104
DA:130,65
DA:131,80
DA:132,80
DA:133,10
DA:134,3
DA:135,8
DA:136,8
DA:139,64
DA:140,34
DA:141,24
DA:142,100
DA:143,100
DA:144,99
DA:145,28
DA:146,104
DA:147,98
DA:148,13
DA:149,9
DA:152,50
DA:153,131
DA:154,67
DA:155,9
DA:157,159
DA:160,66
DA:161,89
DA:162,29
DA:163,9
DA:165,111
DA:166,101
DA:167,12
DA:168,52
DA:169,52
DA:170,17
DA:171,9
DA:173,34
DA:174,24
DA:175,38
DA:176,38
DA:177,54
DA:178,54
DA:179,20
DA:180,9
DA:183,63
DA:184,80
DA:185,14
DA:186,80
DA:187,76
DA:188,9
DA:191,29
DA:192,14
DA:193,46
DA:194,46
DA:195,10
DA:196,141
DA:197,29
DA:198,9
DA:200,69
DA:201,143
DA:202,69
DA:203,143
DA:204,109
DA:205,24
DA:206,76
DA:207,70
DA:208,15
DA:210,34
DA:211,24
DA:212,76
DA:213,76
DA:214,20
DA:215,9
DA:218,59
DA:219,72
DA:220,14
DA:221,72
DA:222,68
DA:223,9
DA:226,25
DA:227,14
DA:228,38
DA:229,38
DA:230,10
DA:231,125
DA:232,29
DA:233,9
DA:235,109
DA:236,24
DA:237,98
DA:238,92
DA:239,15
DA:241,34
DA:242,24
DA:243,98
DA:244,98
DA:245,20
DA:246,9
DA:249,40
DA:250,203
DA:251,29
DA:252,9
DA:254,132
DA:255,132
DA:256,85
DA:257,29
DA:258,9
DA:260,118
DA:261,166
DA:262,166
DA:263,167
DA:264,167
DA:265,89
DA:266,29
DA:267,9
DA:269,107
DA:270,24
DA:271,80
DA:272,74
DA:273,15
DA:274,52
DA:275,52
DA:276,17
DA:277,9
DA:278,34
DA:279,24
DA:280,54
DA:281,54
DA:282,20
DA:283,9
DA:286,17
DA:287,14
DA:288,20
DA:289,26
DA:290,14
DA:291,10
DA:292,114
DA:293,130
DA:294,160
DA:295,110
DA:296,160
DA:297,40
DA:298,168
DA:299,40
DA:300,168
DA:301,48
DA:302,87
DA:303,77
DA:304,36
DA:305,48
DA:306,87
DA:307,77
DA:308,36
DA:309,144
DA:310,144
DA:311,164
DA:312,164
DA:313,94
DA:314,94
DA:316,28
DA:317,38
DA:318,40
DA:319,20
DA:320,20
DA:321,28
DA:322,22
DA:323,9
DA:326,64
DA:327,64
DA:328,65
DA:329,80
DA:330,18
DA:331,22
DA:332,38
DA:333,54
DA:334,50
DA:335,50
DA:336,66
DA:337,60
DA:338,14
DA:339,6
DA:340,24
DA:341,16
DA:342,58
DA:343,19
DA:344,13
DA:345,38
DA:346,28
DA:347,62
DA:348,62
DA:349,70
DA:350,64
DA:351,7
DA:352,9
DA:354,142
DA:355,64
DA:356,52
DA:357,17
DA:358,9
DA:359,34
DA:360,24
DA:361,54
DA:362,54
DA:363,62
DA:364,62
DA:365,48
DA:366,9
DA:369,86
DA:370,132
DA:371,61
DA:372,29
DA:373,9
DA:375,64
DA:376,65
DA:377,32
DA:378,135
DA:379,83
DA:380,26
DA:381,32
DA:382,135
DA:383,85
DA:384,39
DA:385,44
DA:386,96
DA:387,105
DA:388,44
DA:389,147
DA:390,39
DA:391,15
DA:392,182
DA:393,191
DA:394,38
DA:395,28
DA:396,62
DA:397,62
DA:398,121
DA:399,115
DA:400,7
DA:401,9
DA:403,75
DA:404,153
DA:405,2
DA:406,12
DA:407,75
DA:408,153
DA:409,2
DA:410,12
DA:411,42
DA:412,137
DA:413,38
DA:414,11
DA:415,42
DA:416,137
DA:417,71
DA:418,11
DA:419,198
DA:420,44
DA:421,167
DA:422,93
DA:423,11
DA:424,100
DA:425,100
DA:426,89
DA:427,29
DA:428,9
DA:430,99
DA:431,193
DA:432,193
DA:433,38
DA:434,28
DA:435,32
DA:436,32
DA:437,121
DA:438,115
DA:439,8
DA:440,12
DA:441,64
DA:442,52
DA:443,17
DA:444,9
DA:445,34
DA:446,24
DA:447,54
DA:448,54
DA:449,62
DA:450,62
DA:451,48
DA:452,9
DA:455,18
DA:456,14
DA:457,20
DA:458,20
DA:459,10
DA:460,58
DA:461,11
DA:462,9
DA:464,38
DA:465,95
DA:466,114
DA:467,9
DA:468,46
DA:469,8
DA:470,90
DA:471,80
DA:472,72
DA:473,77
DA:474,14
DA:475,56
DA:476,172
DA:477,44
DA:478,158
DA:479,9
DA:481,131
DA:482,23
DA:483,66
DA:485,2
DA:487,55
DA:488,87
DA:491,33
DA:492,16
DA:493,26
DA:494,6
DA:495,151
DA:496,110
DA:497,67
DA:498,148
DA:499,150
DA:500,64
DA:501,64
DA:503,89
DA:504,120
DA:505,68
DA:506,9
DA:507,89
DA:508,120
DA:509,68
DA:510,9
DA:512,34
DA:513,24
DA:514,28
DA:515,28
DA:516,105
DA:517,99
DA:518,6
DA:519,5
DA:522,76
DA:523,34
DA:524,20
DA:525,5
DA:526,87
DA:527,53
DA:528,5
DA:529,89
DA:530,53
DA:531,5
DA:532,41
LF:439
LH:439
end_of_record
TN:
SF:src/domain/VolatilityEstimator.ts
FNF:2
FNH:2
DA:4,1
DA:6,95
DA:8,80
DA:9,161
DA:10,79
DA:11,9
DA:13,133
DA:14,66
DA:15,68
DA:16,79
DA:17,9
DA:19,137
DA:20,79
DA:21,9
DA:23,168
DA:24,118
DA:25,114
DA:26,44
DA:27,160
DA:28,62
DA:29,64
DA:30,80
DA:32,1
LF:23
LH:23
end_of_record
TN:
SF:src/domain/entities/Position.ts
FNF:1
FNH:1
DA:7,30
DA:8,9
DA:9,14
DA:10,17
DA:11,2
DA:13,66
DA:15,14
DA:16,24
LF:8
LH:8
end_of_record
TN:
SF:src/domain/strategy/avellaneda-stoikov/AvellanedaStoikovStrategy.ts
FNF:4
FNH:4
DA:6,1
DA:8,89
DA:10,42
DA:14,94
DA:15,86
DA:16,108
DA:17,30
DA:18,169
DA:19,15
DA:20,61
DA:22,28
DA:23,108
DA:24,108
DA:25,66
DA:26,66
DA:27,26
DA:28,70
DA:29,48
DA:30,9
DA:33,43
DA:34,82
DA:35,138
DA:36,36
DA:37,185
DA:39,47
DA:41,79
DA:42,9
DA:45,187
DA:48,41
DA:51,176
DA:52,14
DA:53,186
DA:56,1
LF:33
LH:33
end_of_record
TN:
SF:src/env.ts
FNF:1
FNH:1
DA:1,45
DA:2,29
DA:4,31
DA:5,13
DA:6,95
DA:7,64
DA:8,58
DA:9,74
DA:10,63
DA:11,55
DA:12,57
DA:13,66
DA:14,71
DA:15,69
DA:16,86
DA:17,4
DA:18,22
DA:19,29
DA:20,2
LF:19
LH:19
end_of_record
TN:
SF:src/infrastructure/GitMetadata.ts
FNF:2
FNH:2
DA:6,11
DA:7,55
DA:8,51
DA:9,12
DA:10,29
DA:11,25
DA:12,1
DA:15,10
DA:16,87
DA:17,20
DA:18,0
DA:19,2
DA:20,53
LF:13
LH:12
end_of_record
TN:
SF:src/infrastructure/InMemoryPositionRepository.ts
FNF:4
FNH:2
DA:2,123
DA:6,69
DA:7,70
DA:9,20
DA:10,66
DA:13,36
DA:14,0
DA:15,0
DA:16,0
DA:17,0
DA:18,0
DA:19,0
DA:20,0
DA:21,0
DA:22,0
DA:23,0
DA:24,0
DA:25,0
DA:26,0
DA:27,0
DA:28,0
DA:29,0
DA:30,0
DA:31,0
DA:32,0
DA:33,0
DA:34,23
DA:36,2
LF:28
LH:8
end_of_record
TN:
SF:src/infrastructure/db/postgres/client.ts
FNF:1
FNH:0
DA:1,32
DA:2,50
DA:4,38
DA:6,0
DA:7,0
DA:8,0
DA:9,0
DA:10,0
LF:8
LH:3
end_of_record
TN:
SF:src/infrastructure/db/postgres/repository/PostgresMetricsRepository.ts
FNF:21
FNH:0
DA:1,66
DA:14,447
DA:29,0
DA:30,0
DA:31,0
DA:32,0
DA:33,0
DA:34,0
DA:35,0
DA:36,0
DA:37,0
DA:38,0
DA:39,0
DA:40,0
DA:41,0
DA:42,0
DA:43,0
DA:44,0
DA:45,0
DA:46,0
DA:47,0
DA:48,0
DA:49,0
DA:50,0
DA:51,0
DA:52,0
DA:53,0
DA:54,0
DA:55,0
DA:56,0
DA:57,0
DA:58,0
DA:59,0
DA:60,0
DA:61,0
DA:62,0
DA:63,0
DA:64,0
DA:65,0
DA:66,0
DA:67,0
DA:68,0
DA:69,0
DA:70,0
DA:71,0
DA:72,0
DA:73,0
DA:74,0
DA:75,0
DA:76,0
DA:77,0
DA:78,0
DA:79,0
DA:80,0
DA:81,0
DA:82,0
DA:83,0
DA:84,0
DA:85,0
DA:86,0
DA:87,0
DA:88,0
DA:89,0
DA:90,0
DA:91,0
DA:92,0
DA:93,0
DA:94,0
DA:95,0
DA:96,0
DA:97,0
DA:98,0
DA:99,0
DA:100,0
DA:101,0
DA:102,0
DA:103,0
DA:104,0
DA:105,0
DA:106,0
DA:107,0
DA:108,0
DA:109,0
DA:110,0
DA:111,0
DA:112,0
DA:113,0
DA:114,0
DA:115,0
DA:116,0
DA:117,0
DA:118,0
DA:119,0
DA:120,0
DA:121,0
DA:122,0
DA:123,0
DA:124,0
DA:125,0
DA:126,0
DA:127,0
DA:128,0
DA:129,0
DA:130,0
DA:131,0
DA:132,0
DA:133,0
DA:134,0
DA:135,0
DA:136,0
DA:137,0
DA:138,0
DA:139,0
DA:140,0
DA:141,0
DA:142,0
DA:143,0
DA:144,0
DA:145,0
DA:146,0
DA:147,0
DA:148,59
DA:150,2
DA:152,0
DA:153,0
DA:154,0
DA:155,0
DA:156,0
DA:157,0
DA:158,0
DA:159,0
DA:160,0
DA:161,0
DA:162,0
DA:163,0
DA:164,0
DA:165,0
DA:166,0
DA:167,4
DA:170,0
DA:171,0
DA:172,0
DA:173,0
DA:174,0
DA:175,0
DA:176,0
DA:177,0
DA:178,0
DA:179,0
DA:180,0
DA:181,0
DA:182,0
DA:183,0
DA:184,0
DA:185,4
DA:188,0
DA:189,0
DA:190,0
DA:191,0
DA:192,0
DA:193,0
DA:194,4
DA:197,0
DA:198,0
DA:199,0
DA:200,0
DA:201,0
DA:202,0
DA:203,4
DA:206,0
DA:207,0
DA:208,0
DA:209,0
DA:210,4
DA:213,0
DA:214,0
DA:215,0
DA:216,0
DA:217,0
DA:218,0
DA:219,4
DA:222,0
DA:223,0
DA:224,0
DA:225,0
DA:226,0
DA:227,0
DA:228,4
DA:231,0
DA:232,0
DA:233,0
DA:234,0
DA:235,0
DA:236,0
DA:237,0
DA:238,4
DA:241,0
DA:242,0
DA:243,0
DA:244,0
DA:245,0
DA:246,0
DA:247,4
DA:250,0
DA:251,65
LF:205
LH:14
end_of_record
TN:
SF:src/infrastructure/db/postgres/repository/PostgresOhlcvRepository.ts
FNF:3
FNH:0
DA:1,104
DA:4,83
DA:9,0
DA:10,0
DA:11,0
DA:12,0
DA:13,0
DA:14,0
DA:15,0
DA:16,0
DA:17,0
DA:18,0
DA:19,0
DA:20,0
DA:21,0
DA:22,0
DA:23,0
DA:24,0
DA:25,0
DA:26,0
DA:27,0
DA:28,0
DA:29,0
DA:30,0
DA:31,0
DA:32,0
DA:33,0
DA:34,0
DA:35,0
DA:36,0
DA:37,0
DA:38,0
DA:39,0
DA:40,0
DA:41,0
DA:42,0
DA:43,0
DA:44,0
DA:45,8
DA:47,2
LF:40
LH:4
end_of_record
TN:
SF:src/infrastructure/db/postgres/schema.ts
FNF:7
FNH:0
DA:1,122
DA:12,45
DA:13,35
DA:14,41
DA:15,49
DA:16,42
DA:17,42
DA:18,40
DA:19,44
DA:20,44
DA:21,3
DA:23,58
DA:24,30
DA:25,31
DA:26,33
DA:27,35
DA:28,46
DA:29,48
DA:30,44
DA:31,26
DA:32,43
DA:33,64
DA:34,50
DA:35,35
DA:36,32
DA:37,3
DA:39,46
DA:40,23
DA:41,3
DA:42,30
DA:43,34
DA:44,33
DA:45,35
DA:46,66
DA:47,49
DA:48,49
DA:49,51
DA:50,55
DA:51,43
DA:52,53
DA:53,53
DA:54,68
DA:55,26
DA:56,1
DA:57,0
DA:58,0
DA:59,0
DA:60,0
DA:61,0
DA:64,3
DA:66,43
DA:67,20
DA:68,3
DA:69,30
DA:70,34
DA:71,33
DA:72,35
DA:73,51
DA:74,39
DA:75,35
DA:76,31
DA:77,42
DA:78,45
DA:79,50
DA:80,47
DA:81,68
DA:82,56
DA:83,56
DA:84,56
DA:85,46
DA:86,38
DA:87,54
DA:88,26
DA:89,1
DA:90,0
DA:91,0
DA:92,0
DA:93,0
DA:96,3
DA:98,38
DA:99,15
DA:100,3
DA:101,30
DA:102,34
DA:103,47
DA:104,33
DA:105,35
DA:106,47
DA:107,39
DA:108,31
DA:109,44
DA:110,50
DA:111,40
DA:112,51
DA:113,44
DA:114,62
DA:115,26
DA:116,1
DA:117,0
DA:120,3
DA:122,52
DA:123,30
DA:124,3
DA:125,30
DA:126,34
DA:127,33
[...]
DA:51,0
DA:52,0
DA:53,0
DA:54,0
DA:55,0
DA:56,0
DA:57,0
DA:58,0
DA:59,0
DA:60,0
DA:61,0
DA:62,0
DA:63,0
DA:64,0
DA:65,0
DA:66,0
DA:67,0
DA:68,0
DA:69,0
DA:70,0
DA:71,0
DA:72,0
DA:73,0
DA:74,0
DA:75,0
DA:76,0
DA:77,0
DA:78,0
DA:79,0
DA:80,0
DA:81,0
DA:82,0
DA:83,0
DA:84,0
DA:85,0
DA:86,0
DA:87,0
DA:88,0
DA:89,0
DA:90,0
DA:91,0
DA:92,0
DA:93,0
DA:94,0
DA:95,0
DA:96,0
DA:97,0
DA:98,0
DA:99,0
DA:100,0
DA:101,0
DA:102,0
DA:103,0
DA:104,0
DA:105,0
DA:106,0
DA:107,0
DA:108,0
DA:109,0
DA:110,0
DA:111,0
DA:112,0
DA:113,0
DA:114,0
DA:115,0
DA:116,0
DA:117,0
DA:118,0
DA:119,9
DA:121,2
LF:102
LH:8
end_of_record
TN:
SF:src/lib/hyperliquid/HyperliquidSubscriptionApi.ts
FNF:4
FNH:0
DA:1,154
DA:3,101
DA:6,0
DA:7,74
DA:11,1
DA:13,0
DA:14,0
DA:15,0
DA:16,0
DA:17,0
DA:18,0
DA:19,0
DA:20,0
DA:21,0
DA:22,0
DA:23,0
DA:24,0
DA:25,0
DA:26,0
DA:27,0
DA:28,0
DA:29,0
DA:30,0
DA:31,0
DA:32,0
DA:33,0
DA:34,0
DA:35,0
DA:36,0
DA:37,0
DA:38,0
DA:39,0
DA:40,0
DA:41,0
DA:42,0
DA:43,0
DA:44,0
DA:45,0
DA:46,42
DA:48,2
LF:40
LH:6
end_of_record
TN:
SF:src/lib/hyperliquid/detectTestnet.ts
FNF:1
FNH:0
DA:1,0
LF:1
LH:0
end_of_record
TN:
SF:src/lib/hyperliquid/types.ts
FNF:1
FNH:1
DA:63,37
DA:64,7
DA:65,7
DA:66,7
DA:67,8
DA:68,8
DA:69,7
DA:70,7
DA:71,7
DA:72,7
DA:73,8
DA:74,7
DA:75,7
DA:76,7
DA:77,5
DA:78,1
LF:16
LH:16
end_of_record
TN:
SF:src/lib/reporting/metrics/adverseRate.ts
FNF:3
FNH:3
DA:9,27
DA:11,16
DA:12,58
DA:13,9
DA:14,17
DA:15,16
DA:16,5
DA:17,55
DA:18,30
DA:19,90
DA:20,14
DA:21,21
DA:22,41
DA:23,43
DA:24,55
DA:25,33
DA:26,42
DA:27,26
DA:28,73
DA:29,2
DA:30,40
DA:31,33
DA:32,42
DA:33,93
DA:34,2
DA:35,14
LF:26
LH:26
end_of_record
TN:
SF:src/lib/reporting/metrics/drawdown.ts
FNF:2
FNH:2
DA:8,22
DA:9,15
DA:10,38
DA:11,39
DA:12,67
DA:13,1
LF:6
LH:6
end_of_record
TN:
SF:src/lib/reporting/metrics/histogram.ts
FNF:2
FNH:2
DA:7,32
DA:8,55
DA:9,27
DA:10,27
DA:11,32
DA:12,36
DA:13,34
DA:14,2
DA:15,21
DA:16,57
DA:17,15
DA:18,13
DA:19,2
DA:20,25
DA:21,31
DA:22,65
DA:23,27
DA:24,33
DA:25,10
DA:26,5
DA:27,32
DA:28,54
DA:29,64
DA:30,28
DA:31,43
DA:32,2
DA:33,11
LF:27
LH:27
end_of_record
TN:
SF:src/lib/reporting/metrics/hourlyBucket.ts
FNF:6
FNH:6
DA:15,29
DA:17,6
DA:18,86
DA:21,6
DA:22,7
DA:23,16
DA:24,3
DA:25,40
DA:26,46
DA:27,30
DA:28,58
DA:29,85
DA:30,48
DA:31,14
DA:32,95
DA:33,51
DA:34,55
DA:35,33
DA:36,42
DA:37,26
DA:38,39
DA:39,2
DA:40,40
DA:41,33
DA:42,42
DA:43,86
DA:44,2
DA:45,15
DA:48,16
DA:49,58
DA:50,9
DA:51,11
DA:52,9
DA:53,5
DA:54,30
DA:55,55
DA:56,33
DA:57,42
DA:58,48
DA:59,28
DA:60,2
DA:61,14
LF:42
LH:42
end_of_record
TN:
SF:src/lib/reporting/metrics/marketVolume.ts
FNF:4
FNH:4
DA:9,16
DA:10,25
DA:11,30
DA:12,51
DA:13,26
DA:14,18
DA:15,16
DA:16,6
DA:17,47
DA:18,28
DA:19,36
DA:20,2
DA:21,73
DA:31,17
DA:33,16
DA:34,64
DA:35,9
DA:36,11
DA:37,16
DA:38,11
DA:39,5
DA:40,30
DA:41,55
DA:42,33
DA:43,42
DA:44,27
DA:45,37
DA:46,44
DA:47,2
DA:48,14
LF:30
LH:30
end_of_record
TN:
SF:src/lib/reporting/metrics/rollingSharpe.ts
FNF:4
FNH:4
DA:8,6
DA:9,7
DA:10,17
DA:11,17
DA:12,3
DA:13,44
DA:14,62
DA:15,20
DA:16,61
DA:17,35
DA:18,45
DA:19,77
DA:20,17
DA:21,84
DA:22,36
DA:23,64
DA:24,32
DA:25,32
DA:26,52
DA:27,2
DA:28,13
LF:21
LH:21
end_of_record
TN:
SF:src/lib/reporting/queries/MetricsFactQuery.ts
FNF:2
FNH:2
DA:29,9
DA:30,9
DA:31,8
DA:32,14
DA:33,12
DA:34,3
DA:35,70
DA:36,20
DA:37,6
DA:38,771
DA:65,64
DA:68,2
DA:69,83
DA:71,30
DA:72,15
DA:73,21
DA:74,23
DA:75,19
DA:76,21
DA:77,17
DA:78,17
DA:79,28
DA:80,28
DA:81,39
DA:82,57
DA:83,48
DA:84,50
DA:85,42
DA:86,2
LF:29
LH:29
end_of_record
TN:
SF:src/lib/reporting/report/generator.ts
FNF:44
FNH:44
DA:2,53
DA:3,69
DA:4,57
DA:5,59
DA:6,94
DA:7,82
DA:8,67
DA:9,60
DA:10,61
DA:11,59
DA:12,73
DA:13,71
DA:14,61
DA:15,67
DA:16,40
DA:18,53
DA:20,134
DA:67,15
DA:68,53
DA:69,59
DA:71,29
DA:72,40
DA:73,32
DA:74,54
DA:75,89
DA:76,42
DA:77,20
DA:78,26
DA:79,29
DA:80,36
DA:81,6
DA:82,88
DA:83,49
DA:84,2
DA:86,24
DA:87,41
DA:88,40
DA:89,31
DA:90,17
DA:91,14
DA:92,18
DA:93,13
DA:94,8
DA:95,47
DA:96,30
DA:97,2
DA:98,2
DA:100,74
DA:101,57
DA:102,4
DA:103,72
DA:104,47
DA:105,4
DA:107,59
DA:109,43
DA:110,27
DA:111,21
DA:112,32
DA:113,12
DA:114,29
DA:115,20
DA:116,5
DA:117,41
DA:118,27
DA:119,21
DA:120,32
DA:121,12
DA:122,27
DA:123,20
DA:124,5
DA:126,48
DA:127,46
DA:129,12
DA:130,29
DA:131,30
DA:132,12
DA:133,1
DA:136,1
DA:137,17
DA:138,13
DA:139,3
DA:140,22
DA:141,41
DA:142,22
DA:143,12
DA:144,12
DA:145,9
DA:146,6
DA:147,40
DA:148,33
DA:149,52
DA:150,60
DA:151,7
DA:152,4
DA:153,32
DA:154,94
DA:155,4
DA:156,32
DA:157,99
DA:158,4
DA:159,32
DA:160,23
DA:161,69
DA:162,23
DA:163,7
DA:164,2
DA:165,2
DA:166,15
DA:175,10
DA:176,46
DA:177,17
DA:179,31
DA:180,56
DA:181,5
DA:182,44
DA:183,33
DA:184,18
DA:185,20
DA:186,1
DA:187,4
DA:188,81
DA:190,48
DA:191,38
DA:192,56
DA:193,5
DA:194,40
DA:195,25
DA:196,15
DA:197,1
DA:198,4
DA:199,86
DA:201,57
DA:202,88
DA:203,55
DA:204,17
DA:205,5
DA:206,14
DA:207,12
DA:208,31
DA:209,35
DA:210,25
DA:211,5
DA:213,59
DA:214,90
DA:215,56
DA:216,17
DA:217,5
DA:218,14
DA:219,12
DA:220,32
DA:221,36
DA:222,26
DA:223,5
DA:225,61
DA:226,42
DA:227,78
DA:228,5
DA:229,53
DA:230,41
DA:231,41
DA:232,10
DA:233,1
DA:234,4
DA:235,14
DA:236,12
DA:237,30
DA:238,36
DA:239,29
DA:240,5
DA:242,52
DA:243,86
DA:244,51
DA:245,5
DA:246,14
DA:247,12
DA:248,30
DA:249,34
DA:250,24
DA:251,5
DA:253,56
DA:254,36
DA:255,76
DA:256,5
DA:257,62
DA:258,45
DA:259,33
DA:260,10
DA:261,1
DA:262,4
DA:263,14
DA:264,12
DA:265,28
DA:266,34
DA:267,23
DA:268,5
DA:270,52
DA:271,45
DA:272,35
DA:273,5
DA:274,81
DA:275,81
DA:276,3
DA:277,5
DA:278,50
DA:279,31
DA:280,10
DA:281,1
DA:282,4
DA:283,14
DA:284,12
DA:285,26
DA:286,33
DA:287,25
DA:288,5
DA:290,42
DA:291,44
DA:292,33
DA:293,5
DA:294,89
DA:295,76
DA:296,3
DA:297,5
DA:298,56
DA:299,10
DA:300,1
DA:301,4
DA:302,14
DA:303,12
DA:304,26
DA:305,28
DA:306,24
DA:307,5
DA:309,29
DA:310,88
DA:311,36
DA:312,52
DA:313,7
DA:314,48
DA:315,23
DA:316,20
DA:317,22
DA:318,1
DA:319,6
DA:320,16
DA:321,14
DA:322,32
DA:323,28
DA:324,24
DA:325,5
DA:326,2
DA:328,50
DA:329,41
DA:330,68
DA:331,5
DA:332,54
DA:333,38
DA:334,21
DA:335,29
DA:336,1
DA:337,4
DA:338,14
DA:339,12
DA:340,29
DA:341,25
DA:342,28
DA:343,5
DA:345,30
DA:346,40
DA:347,6
DA:348,45
DA:349,55
DA:350,7
DA:351,51
DA:352,22
DA:353,1
DA:354,6
DA:355,16
DA:356,14
DA:357,30
DA:358,31
DA:359,25
DA:360,5
DA:361,2
DA:363,10
DA:366,7
DA:367,33
DA:370,20
DA:371,20
DA:372,30
DA:373,52
DA:374,31
DA:375,28
DA:376,2
DA:377,2
DA:378,13
DA:381,8
DA:385,3
DA:386,21
DA:387,15
DA:388,22
DA:389,21
DA:390,32
DA:392,44
DA:393,41
DA:394,22
DA:395,38
DA:396,59
DA:397,22
DA:398,39
DA:399,31
DA:400,4
DA:401,54
DA:402,4
DA:404,18
DA:405,83
DA:406,17
DA:407,20
DA:408,86
DA:409,2
DA:410,82
DA:411,69
DA:412,78
DA:413,59
DA:414,80
DA:415,88
DA:416,90
DA:417,79
DA:419,12
DA:420,16
DA:421,18
DA:422,13
DA:423,15
DA:424,59
DA:425,54
DA:426,16
DA:427,17
DA:428,60
DA:429,62
DA:430,64
DA:431,64
DA:432,79
DA:433,36
DA:434,26
DA:435,27
DA:436,21
DA:437,18
DA:438,13
DA:439,32
DA:440,6
DA:441,21
DA:442,28
DA:443,27
DA:444,6
DA:445,13
DA:446,1
DA:449,19
DA:450,70
DA:451,93
DA:452,0
DA:453,2
DA:454,97
DA:455,41
DA:458,10
DA:459,63
DA:462,1
DA:463,7
DA:464,9
DA:465,3
DA:466,26
DA:467,19
DA:468,30
DA:469,52
DA:470,31
DA:471,13
DA:472,4
DA:473,47
DA:474,49
DA:475,27
DA:476,2
DA:477,47
DA:480,24
DA:481,24
DA:482,0
DA:483,2
DA:484,71
DA:485,28
DA:488,11
DA:489,23
DA:490,0
DA:491,2
DA:492,79
DA:495,33
DA:496,53
DA:497,50
DA:498,1
LF:395
LH:392
end_of_record
TN:
SF:src/lib/reporting/report/kpiTable.ts
FNF:29
FNH:29
DA:9,31
DA:10,33
DA:11,36
DA:14,31
DA:15,33
DA:16,50
DA:19,31
DA:20,86
DA:21,36
DA:24,31
DA:25,86
DA:26,50
DA:29,11
DA:30,86
DA:31,31
DA:34,14
DA:35,83
DA:38,18
DA:39,39
DA:40,59
DA:41,17
DA:44,5
DA:45,7
DA:46,27
DA:47,15
DA:48,74
DA:49,60
DA:50,64
DA:51,73
DA:52,75
DA:53,70
DA:54,56
DA:55,5
DA:56,6
DA:57,7
DA:58,28
DA:59,15
DA:60,82
DA:61,84
DA:62,84
DA:63,84
DA:64,80
DA:65,62
DA:66,58
DA:67,72
DA:68,5
DA:69,6
DA:70,7
DA:71,30
DA:72,15
DA:73,70
DA:74,81
DA:75,85
DA:76,63
DA:77,5
DA:78,3
DA:79,4
DA:81,19
DA:82,36
DA:83,39
DA:84,19
DA:85,45
DA:86,60
DA:87,50
DA:88,76
DA:89,4
DA:90,17
DA:91,2
DA:92,31
LF:69
LH:69
end_of_record
TN:
SF:src/lib/reporting/report/markdown.ts
FNF:1
FNH:1
DA:2,47
DA:23,16
DA:24,19
DA:25,60
DA:26,41
DA:27,17
DA:28,44
DA:29,42
DA:30,44
DA:31,17
DA:32,31
DA:33,17
DA:34,44
DA:35,17
DA:36,42
DA:37,38
DA:38,19
DA:39,42
DA:40,37
DA:41,21
DA:42,59
DA:43,19
DA:44,2
DA:45,2
DA:46,47
DA:47,27
DA:48,19
DA:49,38
DA:50,28
DA:51,4
DA:52,17
DA:53,2
DA:54,21
LF:33
LH:33
end_of_record
TN:
SF:src/lib/reporting/report/paths.ts
FNF:5
FNH:5
DA:1,33
DA:11,32
DA:12,46
DA:13,12
DA:14,18
DA:15,12
DA:16,39
DA:17,41
DA:18,38
DA:19,2
DA:22,22
DA:23,56
DA:26,6
DA:27,9
DA:28,14
DA:29,11
DA:30,9
DA:31,3
DA:32,74
DA:38,29
DA:39,46
DA:45,6
DA:46,14
DA:47,11
DA:48,9
DA:49,3
DA:50,61
LF:27
LH:27
end_of_record
TN:
SF:src/lib/reporting/svg/axis.ts
FNF:7
FNH:7
DA:1,48
DA:3,35
DA:33,15
DA:34,60
DA:35,88
DA:36,34
DA:37,11
DA:38,95
DA:39,47
DA:40,30
DA:41,39
DA:42,39
DA:43,27
DA:44,4
DA:45,1
DA:46,4
DA:47,36
DA:50,15
DA:51,76
DA:52,88
DA:53,38
DA:54,29
DA:55,13
DA:56,46
DA:57,40
DA:58,32
DA:59,24
DA:60,29
DA:61,4
DA:62,6
DA:63,20
DA:64,11
DA:65,83
DA:66,45
DA:67,29
DA:68,41
DA:69,41
DA:70,29
DA:71,6
DA:72,2
DA:73,4
DA:74,35
DA:77,15
DA:78,47
DA:79,88
DA:80,28
DA:81,24
DA:82,42
DA:83,47
DA:84,35
DA:85,30
DA:86,39
DA:87,39
DA:88,27
DA:89,2
DA:90,2
DA:91,36
DA:92,35
LF:58
LH:58
end_of_record
TN:
SF:src/lib/reporting/svg/charts/areaChart.ts
FNF:1
FNH:1
DA:1,49
DA:3,36
DA:5,6
DA:6,6
DA:7,11
DA:8,3
DA:9,37
DA:10,9
DA:11,44
DA:12,28
DA:13,47
DA:14,52
DA:15,2
LF:13
LH:13
end_of_record
TN:
SF:src/lib/reporting/svg/charts/barChart.ts
FNF:12
FNH:12
DA:1,51
DA:2,52
DA:3,58
DA:4,64
DA:5,36
DA:7,57
DA:26,6
DA:27,6
DA:28,11
DA:29,3
DA:30,68
DA:31,41
DA:34,12
DA:35,35
DA:36,35
DA:37,21
DA:38,21
DA:39,12
DA:40,0
DA:41,0
DA:42,0
DA:43,2
DA:45,2
DA:46,19
DA:49,1
DA:50,6
DA:51,6
DA:52,3
DA:53,49
DA:54,52
DA:55,39
DA:56,26
DA:57,35
DA:58,25
DA:59,37
DA:61,61
DA:63,70
DA:65,47
DA:66,40
DA:67,39
DA:68,68
DA:69,62
DA:70,29
DA:72,33
DA:73,33
DA:74,41
DA:75,40
DA:76,42
DA:77,81
DA:78,4
DA:80,39
DA:81,63
DA:83,40
DA:84,65
DA:85,14
DA:86,13
DA:87,20
DA:88,20
DA:89,12
DA:90,9
DA:91,9
DA:92,17
DA:93,17
DA:94,19
DA:95,7
DA:96,71
DA:97,13
DA:98,5
DA:100,29
DA:103,1
DA:104,6
DA:105,6
DA:106,3
DA:107,49
DA:108,52
DA:109,56
DA:110,26
DA:111,35
DA:112,25
DA:113,37
DA:115,61
DA:117,27
DA:119,47
DA:120,40
DA:121,39
DA:122,62
DA:123,69
DA:124,29
DA:126,51
DA:127,33
DA:128,33
DA:129,42
DA:130,40
DA:131,89
DA:132,4
DA:134,30
DA:135,77
DA:136,25
DA:137,37
DA:138,37
DA:139,25
DA:140,1
DA:141,4
DA:143,39
DA:144,63
DA:146,40
DA:147,65
DA:148,14
DA:149,13
DA:150,69
DA:151,16
DA:152,12
DA:153,9
DA:154,6
DA:155,7
DA:156,76
DA:157,16
DA:158,15
DA:159,5
DA:161,29
DA:164,17
DA:165,67
DA:166,66
DA:167,41
LF:124
LH:121
end_of_record
TN:
SF:src/lib/reporting/svg/charts/groupedBarChart.ts
FNF:4
FNH:4
DA:1,51
DA:2,45
DA:3,58
DA:4,64
DA:5,36
DA:7,57
DA:23,6
DA:24,12
DA:25,8
DA:26,11
DA:27,3
DA:28,49
DA:29,52
DA:30,39
DA:31,26
DA:32,35
DA:33,30
DA:34,37
DA:36,61
DA:38,62
DA:39,59
DA:40,43
DA:41,2
DA:43,41
DA:44,41
DA:45,22
DA:46,0
DA:47,0
DA:48,0
DA:49,0
DA:50,0
DA:52,2
DA:53,47
DA:55,72
DA:56,27
DA:57,25
DA:58,41
DA:59,4
DA:60,4
DA:61,62
DA:62,29
DA:64,18
DA:65,28
DA:66,52
DA:67,37
DA:68,48
DA:69,37
DA:70,33
DA:71,43
DA:72,42
DA:73,56
DA:74,84
DA:75,2
DA:76,2
DA:78,39
DA:79,75
DA:80,43
DA:81,27
DA:82,39
DA:83,39
DA:84,27
DA:85,4
DA:86,1
DA:87,4
DA:89,39
DA:90,63
DA:92,40
DA:93,65
DA:94,14
DA:95,18
DA:96,13
DA:97,20
DA:98,20
DA:99,12
DA:100,9
DA:101,9
DA:102,17
DA:103,17
DA:104,19
DA:105,7
DA:106,75
DA:107,13
DA:108,5
DA:110,29
LF:84
LH:79
end_of_record
TN:
SF:src/lib/reporting/svg/charts/histogramChart.ts
FNF:4
FNH:4
DA:2,51
DA:3,42
DA:4,52
DA:5,53
DA:6,36
DA:8,57
DA:19,6
DA:20,6
DA:21,11
DA:22,3
DA:23,49
DA:24,52
DA:25,39
DA:26,26
DA:27,35
DA:28,25
DA:29,37
DA:31,61
DA:33,70
DA:35,30
DA:36,34
DA:37,39
DA:38,72
DA:39,62
DA:40,47
DA:41,82
DA:43,51
DA:45,35
DA:46,30
DA:47,30
DA:48,33
DA:49,39
DA:50,35
DA:51,57
DA:52,4
DA:54,39
DA:55,59
DA:56,83
DA:58,40
DA:59,65
DA:60,14
DA:61,13
DA:62,20
DA:63,20
DA:64,12
DA:65,9
DA:66,9
DA:67,17
DA:68,17
DA:69,46
DA:70,7
DA:71,76
DA:72,13
DA:73,5
DA:75,29
LF:55
LH:55
end_of_record
TN:
SF:src/lib/reporting/svg/charts/lineChart.ts
FNF:8
FNH:8
DA:1,85
DA:2,42
DA:3,88
DA:4,61
DA:5,36
DA:32,6
DA:33,6
DA:34,11
DA:35,3
DA:36,49
DA:37,52
DA:38,39
DA:39,26
DA:40,35
DA:41,25
DA:42,37
DA:44,61
DA:46,70
DA:48,40
DA:49,40
DA:50,29
DA:51,32
DA:52,35
DA:53,72
DA:54,12
DA:56,62
DA:57,62
DA:59,71
DA:61,51
DA:62,35
DA:64,26
DA:65,45
DA:66,31
DA:67,28
DA:68,31
DA:69,25
DA:70,19
DA:71,63
DA:72,74
DA:73,62
DA:74,9
DA:75,18
DA:76,89
DA:77,2
DA:78,2
DA:79,18
DA:80,22
DA:81,17
DA:82,18
DA:83,24
DA:84,28
DA:85,2
DA:86,4
DA:88,39
DA:89,88
DA:90,63
DA:91,16
DA:92,17
DA:93,82
DA:95,78
DA:97,40
DA:98,65
DA:99,14
DA:100,15
DA:101,13
DA:102,20
DA:103,20
DA:104,12
DA:105,9
DA:106,9
DA:107,17
DA:108,17
DA:109,19
DA:110,7
DA:111,76
DA:112,21
DA:113,5
DA:115,30
DA:118,24
DA:119,25
DA:120,37
DA:121,38
DA:122,37
DA:123,28
DA:124,22
DA:125,3
DA:128,35
DA:129,12
DA:130,35
DA:131,67
DA:132,16
DA:133,48
DA:134,32
DA:135,41
DA:136,41
DA:137,29
DA:138,6
DA:139,7
DA:140,10
DA:141,8
DA:142,1
DA:145,19
DA:146,27
DA:147,20
DA:148,28
DA:149,28
DA:150,37
DA:151,37
DA:152,28
DA:153,35
DA:154,2
LF:111
LH:111
end_of_record
TN:
SF:src/lib/reporting/svg/charts/scatterChart.ts
FNF:5
FNH:5
DA:1,51
DA:2,42
DA:3,66
DA:4,61
DA:5,36
DA:7,57
DA:24,6
DA:25,6
DA:26,11
DA:27,3
DA:28,49
DA:29,52
DA:30,39
DA:31,26
DA:32,35
DA:33,25
DA:34,37
DA:36,61
DA:38,70
DA:40,32
DA:41,32
DA:42,29
DA:43,29
DA:44,62
DA:45,62
DA:47,51
DA:48,30
DA:49,75
DA:50,4
DA:52,86
DA:54,39
DA:55,39
DA:56,63
DA:57,63
DA:59,40
DA:60,65
DA:61,14
DA:62,13
DA:63,20
DA:64,20
DA:65,12
DA:66,9
DA:67,9
DA:68,17
DA:69,17
DA:70,19
DA:71,7
DA:72,76
DA:73,13
DA:74,15
DA:75,5
DA:77,29
DA:80,1
DA:81,9
DA:82,9
DA:83,8
DA:84,8
DA:85,3
DA:86,48
DA:87,48
DA:88,18
DA:89,65
DA:90,30
DA:91,22
DA:92,27
DA:93,2
LF:66
LH:66
end_of_record
TN:
SF:src/lib/reporting/svg/format.ts
FNF:9
FNH:9
DA:3,24
DA:4,8
DA:5,9
DA:6,9
DA:7,10
DA:8,10
DA:9,10
DA:10,11
DA:11,11
DA:12,11
DA:13,11
DA:14,12
DA:15,10
DA:16,2
DA:18,24
DA:19,45
DA:20,38
DA:21,37
DA:22,2
DA:23,59
DA:26,28
DA:27,35
DA:28,60
DA:29,52
DA:30,19
DA:31,81
DA:32,20
DA:33,2
DA:34,13
DA:37,17
DA:38,41
DA:39,37
DA:40,27
DA:41,19
DA:42,30
DA:43,47
DA:44,40
DA:45,42
DA:46,46
DA:47,74
DA:51,17
DA:52,49
DA:53,46
DA:54,26
DA:55,50
DA:56,42
DA:59,30
DA:60,39
DA:61,54
DA:64,16
DA:65,30
DA:66,58
DA:67,60
DA:68,29
DA:71,7
DA:72,33
LF:56
LH:56
end_of_record
TN:
SF:src/lib/reporting/svg/primitives.ts
FNF:12
FNH:12
DA:3,16
DA:4,13
DA:5,23
DA:6,22
DA:7,22
DA:8,24
DA:9,23
DA:12,11
DA:13,19
DA:14,52
DA:15,39
DA:16,76
DA:17,34
DA:18,2
DA:19,51
DA:22,16
DA:23,43
DA:24,53
DA:25,43
DA:28,34
DA:29,12
DA:30,172
DA:31,22
DA:32,10
DA:33,11
DA:36,26
DA:37,58
DA:40,6
DA:41,3
DA:42,3
DA:43,7
DA:44,8
DA:45,12
DA:46,3
DA:47,67
DA:50,37
DA:51,62
DA:54,36
DA:55,78
DA:58,24
DA:59,49
DA:62,32
DA:63,59
DA:66,6
DA:67,8
DA:68,12
DA:69,3
DA:70,89
DA:71,65
LF:49
LH:49
end_of_record
TN:
SF:src/lib/reporting/svg/scale.ts
FNF:8
FNH:8
DA:17,24
DA:18,39
DA:19,38
DA:20,26
DA:21,46
DA:22,53
DA:24,39
DA:25,10
DA:35,39
DA:36,39
DA:37,54
DA:38,54
DA:39,40
DA:40,25
DA:41,46
DA:42,26
DA:43,39
DA:44,51
DA:45,2
DA:46,24
DA:47,34
DA:48,31
DA:49,48
DA:50,4
DA:51,15
DA:53,50
DA:54,10
DA:57,28
DA:58,20
DA:59,54
DA:60,39
DA:61,31
DA:62,68
DA:63,40
DA:64,23
DA:65,40
DA:66,44
DA:67,35
DA:68,5
DA:69,2
DA:70,2
DA:71,52
DA:72,19
DA:73,84
DA:74,39
DA:75,2
DA:76,12
DA:79,17
DA:80,76
DA:81,57
DA:84,17
DA:85,29
DA:86,27
DA:87,27
DA:88,32
DA:89,36
DA:90,34
DA:91,2
DA:92,21
DA:93,55
DA:94,41
DA:95,2
DA:96,20
DA:99,17
DA:100,30
DA:101,69
DA:102,42
LF:67
LH:67
end_of_record
TN:
SF:src/lib/reporting/svg/theme.ts
FNF:1
FNH:1
DA:1,23
DA:2,13
DA:3,20
DA:4,20
DA:5,20
DA:6,23
DA:7,24
DA:8,24
DA:9,24
DA:10,19
DA:11,20
DA:12,19
DA:13,19
DA:14,23
DA:15,23
DA:16,4
DA:17,11
DA:18,69
DA:19,17
DA:20,15
DA:21,4
DA:22,13
DA:23,15
DA:24,16
DA:25,55
DA:26,2
DA:27,1
LF:27
LH:27
end_of_record
TN:
SF:src/lib/slack/SlackWebhook.ts
FNF:4
FNH:3
DA:16,13
DA:17,18
DA:18,66
DA:19,103
DA:20,10
DA:21,38
DA:22,71
DA:24,2
DA:26,44
DA:27,24
DA:28,17
DA:29,6
DA:30,82
DA:31,38
DA:32,134
DA:33,62
DA:34,10
DA:36,35
DA:37,91
DA:38,56
DA:39,106
DA:40,24
DA:41,8
DA:42,5
DA:43,4
LF:25
LH:25
end_of_record
TN:
SF:src/lib/slack/errorLevels.ts
FNF:1
FNH:1
DA:3,38
DA:4,22
DA:5,2
DA:7,44
DA:8,17
DA:9,2
DA:11,17
DA:12,14
LF:8
LH:8
end_of_record
TN:
SF:src/lib/slack/index.ts
FNF:1
FNH:1
DA:1,33
DA:2,33
LF:2
LH:2
end_of_record
TN:
SF:src/utils/args.ts
FNF:1
FNH:1
DA:1,15
DA:2,21
DA:4,56
DA:5,30
DA:6,45
DA:7,13
DA:8,4
DA:10,60
DA:11,16
DA:12,13
DA:13,4
DA:15,30
DA:16,0
DA:17,0
DA:18,4
DA:20,33
DA:21,42
DA:22,26
DA:23,17
DA:24,8
DA:25,0
DA:27,0
DA:28,2
DA:30,14
LF:24
LH:20
end_of_record
TN:
SF:src/utils/errors.ts
FNF:3
FNH:3
DA:7,31
DA:8,31
DA:11,11
DA:12,32
DA:13,20
DA:14,0
DA:16,0
DA:17,0
DA:18,0
DA:20,0
DA:21,0
DA:22,0
DA:23,1
DA:27,16
DA:28,81
DA:29,50
LF:16
LH:9
end_of_record
TN:
SF:src/utils/fs.ts
FNF:4
FNH:2
DA:1,52
DA:2,36
DA:4,0
DA:5,1
DA:8,23
DA:9,50
DA:10,33
DA:13,0
LF:8
LH:6
end_of_record
TN:
SF:src/utils/logger.ts
FNF:12
FNH:9
DA:1,32
DA:3,19
DA:4,17
DA:5,15
DA:6,15
DA:7,17
DA:8,11
DA:9,2
DA:13,96
DA:16,30
DA:17,22
DA:18,21
DA:19,20
DA:20,21
DA:21,19
DA:22,2
DA:24,28
DA:25,33
DA:28,34
DA:29,33
DA:30,39
DA:31,15
DA:32,0
DA:34,2
DA:38,30
DA:39,44
DA:40,70
DA:43,38
DA:44,21
DA:45,33
DA:46,32
DA:47,32
DA:48,33
DA:49,21
DA:50,4
DA:52,26
DA:53,30
DA:55,19
DA:56,0
DA:57,2
DA:59,36
DA:62,33
DA:63,42
DA:64,32
DA:65,52
DA:68,24
DA:69,0
DA:70,0
DA:71,0
DA:72,3
DA:74,23
DA:75,39
DA:76,47
DA:77,35
DA:79,24
DA:80,40
DA:81,48
DA:82,34
DA:84,23
DA:85,39
DA:86,47
DA:87,35
DA:89,24
DA:90,40
DA:91,48
DA:92,36
DA:97,19
DA:101,11
DA:102,1
LF:69
LH:64
end_of_record
TN:
SF:src/utils/result.ts
FNF:4
FNH:4
DA:1,50
DA:4,23
DA:5,9
DA:6,16
DA:7,19
DA:8,28
DA:12,6
DA:13,9
DA:14,10
DA:15,3
DA:16,50
DA:19,17
DA:20,83
LF:13
LH:13
end_of_record
TN:
SF:src/utils/slack-notification.ts
FNF:14
FNH:11
DA:1,125
DA:9,45
DA:10,36
DA:19,11
DA:20,92
DA:23,22
DA:24,22
DA:26,11
DA:27,85
DA:30,16
DA:31,39
DA:32,0
DA:35,0
DA:36,0
DA:37,0
DA:38,0
DA:43,8
DA:50,3
DA:51,22
DA:52,0
DA:53,0
DA:54,0
DA:55,0
DA:56,0
DA:57,0
DA:58,0
DA:59,0
DA:60,2
DA:62,27
DA:63,0
DA:64,0
DA:65,0
DA:66,0
DA:67,0
DA:68,0
DA:69,2
DA:71,49
DA:72,12
DA:73,19
DA:74,11
DA:75,17
DA:76,1
DA:79,0
DA:80,0
DA:81,0
DA:82,0
DA:83,0
DA:84,0
DA:85,0
DA:89,13
DA:90,73
DA:91,37
DA:92,4
DA:95,12
DA:96,66
DA:99,8
DA:104,3
DA:105,61
DA:106,19
DA:107,33
DA:108,59
DA:109,44
DA:110,3
DA:111,0
DA:112,0
DA:113,2
DA:114,19
DA:115,79
DA:116,32
DA:117,4
DA:119,30
DA:120,0
DA:121,2
DA:123,37
DA:124,0
DA:125,2
DA:127,37
DA:128,0
DA:129,0
DA:130,0
DA:131,0
DA:132,0
DA:133,0
DA:134,2
DA:136,67
DA:138,45
DA:141,1
DA:142,7
DA:143,9
DA:144,3
DA:145,37
DA:146,44
DA:147,50
DA:148,36
DA:150,12
DA:151,20
DA:152,9
DA:153,14
DA:154,49
DA:155,66
DA:156,5
DA:157,3
DA:158,2
DA:161,6
DA:162,7
DA:163,13
DA:164,3
DA:165,47
DA:166,34
DA:168,9
DA:169,82
DA:170,0
DA:171,1
LF:113
LH:76
end_of_record
TN:
SF:src/utils/transientBulk.ts
FNF:5
FNH:5
DA:15,16
DA:16,53
DA:17,28
DA:18,42
DA:19,0
DA:20,4
DA:21,43
DA:22,26
DA:23,11
DA:24,2
DA:25,2
DA:27,32
DA:28,87
DA:31,15
DA:32,35
DA:33,64
DA:34,12
DA:35,4
DA:36,57
DA:37,0
DA:38,0
DA:39,4
DA:40,9
DA:43,53
DA:44,36
DA:45,19
DA:46,2
DA:48,4
DA:49,36
DA:50,31
DA:51,39
DA:52,5
DA:53,6
DA:54,0
DA:56,0
DA:57,1
DA:60,6
DA:61,11
DA:62,8
DA:63,3
DA:64,49
DA:65,43
DA:66,16
DA:68,60
DA:69,11
DA:70,25
DA:71,21
DA:72,24
DA:73,66
DA:74,11
DA:75,6
DA:76,50
DA:77,35
DA:79,0
DA:81,0
LF:55
LH:48
end_of_record
TN:
SF:tests/unit/reporting/fixtures.ts
FNF:2
FNH:2
DA:3,35
DA:5,22
DA:6,11
DA:7,23
DA:8,20
DA:9,14
DA:10,13
DA:11,9
DA:12,12
DA:13,14
DA:14,42
DA:15,23
DA:16,19
DA:17,18
DA:18,2
DA:20,25
DA:21,40
DA:24,11
DA:25,46
DA:26,19
DA:27,35
DA:28,43
DA:29,11
DA:30,17
DA:31,18
DA:32,11
DA:33,21
DA:34,13
DA:35,16
DA:36,38
DA:37,22
DA:38,31
DA:39,53
DA:40,51
DA:41,2
DA:42,4
DA:43,2
DA:44,12
LF:38
LH:38
end_of_record
