TN:
SF:scripts/analyzeLeadLagCharts.ts
FNF:6
FNH:1
DA:13,41
DA:15,48
DA:16,56
DA:17,56
DA:18,48
DA:19,86
DA:20,64
DA:21,94
DA:22,107
DA:27,63
DA:29,36
DA:31,15
DA:34,3
DA:35,37
DA:36,45
DA:37,42
DA:38,0
DA:39,2
DA:40,37
DA:41,17
DA:42,2
DA:43,51
DA:44,53
DA:45,75
DA:46,0
DA:47,0
DA:50,0
DA:54,0
DA:55,0
DA:56,0
DA:57,0
DA:58,0
DA:59,0
DA:60,0
DA:61,0
DA:77,0
DA:78,0
DA:79,0
DA:80,0
DA:81,0
DA:82,0
DA:83,0
DA:84,0
DA:85,0
DA:86,0
DA:87,0
DA:88,0
DA:89,0
DA:90,0
DA:91,0
DA:92,0
DA:93,0
DA:94,0
DA:95,0
DA:96,0
DA:97,0
DA:98,0
DA:99,0
DA:100,0
DA:101,0
DA:102,0
DA:103,0
DA:107,0
DA:108,0
DA:109,0
DA:110,0
DA:111,0
DA:112,0
DA:113,0
DA:114,0
DA:115,0
DA:116,0
DA:117,0
DA:118,0
DA:119,0
DA:120,0
DA:121,0
DA:122,0
DA:123,0
DA:124,0
DA:125,0
DA:126,0
DA:127,0
DA:128,0
DA:129,0
DA:130,0
DA:131,0
DA:132,0
DA:133,0
DA:134,0
DA:135,0
DA:136,0
DA:137,0
DA:138,0
DA:139,0
DA:140,0
DA:141,0
DA:142,0
DA:143,0
DA:144,0
DA:145,0
DA:146,0
DA:147,0
DA:148,0
DA:149,0
DA:150,0
DA:151,0
DA:152,0
DA:153,0
DA:154,0
DA:155,0
DA:156,0
DA:157,0
DA:158,0
DA:159,0
DA:160,0
DA:161,0
DA:162,0
DA:163,0
DA:164,0
DA:165,0
DA:166,0
DA:167,0
DA:168,0
DA:169,0
DA:170,0
DA:171,0
DA:172,0
DA:173,0
DA:174,0
DA:175,0
DA:176,0
DA:177,0
DA:178,0
DA:179,0
DA:180,0
DA:181,0
DA:182,0
DA:183,0
DA:184,0
DA:185,0
DA:186,0
DA:187,0
DA:188,0
DA:189,0
DA:190,0
DA:191,0
DA:192,0
DA:193,0
DA:194,0
DA:195,0
DA:196,0
DA:197,0
DA:198,0
DA:199,0
DA:200,0
DA:201,0
DA:202,0
DA:203,0
DA:204,0
DA:205,0
DA:206,0
DA:207,0
DA:208,0
DA:209,0
DA:210,0
DA:211,0
DA:212,0
DA:213,0
DA:214,0
DA:215,0
DA:216,0
DA:217,0
DA:218,0
DA:219,0
DA:220,0
DA:221,0
DA:222,1
DA:225,20
DA:226,0
DA:227,0
DA:229,0
LF:182
LH:25
end_of_record
TN:
SF:scripts/backtestPaperLoop.ts
FNF:13
FNH:4
DA:1,43
DA:3,41
DA:5,55
DA:6,48
DA:8,72
DA:9,79
DA:10,54
DA:11,60
DA:12,83
DA:13,56
DA:14,48
DA:15,82
DA:16,64
DA:47,6
DA:48,6
DA:49,20
DA:50,3
DA:51,41
DA:52,58
DA:53,18
DA:54,92
DA:55,12
DA:56,14
DA:57,64
DA:58,39
DA:59,35
DA:60,67
DA:61,71
DA:62,1
DA:65,17
DA:66,37
DA:67,57
DA:68,12
DA:69,37
DA:70,32
DA:71,27
DA:72,8
DA:73,28
DA:74,30
DA:75,27
DA:76,10
DA:79,11
DA:80,24
DA:81,7
DA:82,14
DA:83,36
DA:84,38
DA:87,0
DA:88,0
DA:89,0
DA:90,0
DA:91,0
DA:92,0
DA:93,0
DA:94,0
DA:95,0
DA:96,0
DA:97,0
DA:98,0
DA:99,0
DA:100,0
DA:101,0
DA:102,0
DA:103,0
DA:104,0
DA:105,0
DA:106,0
DA:107,0
DA:111,0
DA:112,0
DA:113,0
DA:114,0
DA:115,0
DA:119,0
DA:120,0
DA:121,0
DA:122,0
DA:123,0
DA:124,0
DA:125,0
DA:126,0
DA:127,0
DA:128,0
DA:129,0
DA:130,0
DA:131,0
DA:132,0
DA:133,0
DA:134,0
DA:135,0
DA:136,0
DA:137,0
DA:138,0
DA:139,0
DA:140,0
DA:141,0
DA:142,0
DA:143,0
DA:144,0
DA:145,0
DA:146,0
DA:147,0
DA:148,0
DA:149,0
DA:150,0
DA:151,0
DA:152,0
DA:153,0
DA:154,0
DA:155,0
DA:156,0
DA:157,0
DA:158,0
DA:159,0
DA:160,0
DA:161,0
DA:162,0
DA:163,0
DA:164,0
DA:165,0
DA:166,0
DA:167,0
DA:168,0
DA:169,0
DA:170,0
DA:171,0
DA:172,0
DA:173,0
DA:174,0
DA:175,0
DA:176,0
DA:177,0
DA:178,0
DA:179,0
DA:180,0
DA:181,0
DA:182,0
DA:183,0
DA:184,0
DA:185,0
DA:186,0
DA:187,0
DA:188,0
DA:189,0
DA:190,0
DA:191,0
DA:192,0
DA:193,0
DA:194,0
DA:195,0
DA:196,0
DA:197,0
DA:198,0
DA:199,0
DA:200,0
DA:201,0
DA:202,0
DA:203,0
DA:204,0
DA:205,0
DA:206,0
DA:207,0
DA:208,0
DA:209,0
DA:210,0
DA:211,0
DA:212,0
DA:213,0
DA:214,0
DA:215,0
DA:216,0
DA:217,0
DA:218,0
DA:219,0
DA:220,0
DA:221,0
DA:222,0
DA:223,1
DA:227,0
DA:228,0
DA:229,0
DA:230,0
DA:231,0
DA:232,0
DA:233,0
DA:234,0
DA:235,0
DA:236,0
DA:237,0
DA:238,0
DA:239,0
DA:240,0
DA:241,0
DA:242,0
DA:243,0
DA:244,0
DA:245,0
DA:246,0
DA:247,0
DA:248,0
DA:249,0
DA:250,0
DA:251,0
DA:252,0
DA:253,0
DA:254,0
DA:255,0
DA:256,0
DA:257,0
DA:258,0
DA:259,0
DA:260,0
DA:261,0
DA:262,0
DA:263,0
DA:264,0
DA:265,0
DA:266,0
DA:267,0
DA:268,0
DA:269,0
DA:270,0
DA:271,0
DA:272,0
DA:273,0
DA:274,0
DA:275,0
DA:276,0
DA:277,0
DA:278,0
DA:279,0
DA:280,0
DA:281,0
DA:282,0
DA:283,0
DA:284,0
DA:285,0
DA:286,0
DA:287,0
DA:288,0
DA:289,0
DA:290,0
DA:291,0
DA:292,0
DA:293,0
DA:294,0
DA:295,0
DA:296,0
DA:297,0
DA:298,0
DA:299,0
DA:300,0
DA:301,0
DA:302,0
DA:303,0
DA:304,0
DA:305,0
DA:306,0
DA:307,0
DA:308,0
DA:309,0
DA:310,0
DA:311,0
DA:312,0
DA:316,0
DA:317,0
DA:318,0
DA:319,0
DA:320,0
DA:321,0
DA:322,0
DA:323,0
DA:324,0
DA:325,0
DA:326,0
DA:327,0
DA:331,0
DA:335,0
DA:336,0
DA:337,0
DA:338,0
DA:339,0
DA:340,0
DA:341,1
DA:344,20
DA:345,0
DA:346,0
DA:347,0
DA:349,0
DA:350,0
DA:353,0
LF:291
LH:50
end_of_record
TN:
SF:scripts/checkBulkPrivateApi.ts
FNF:9
FNH:3
DA:1,41
DA:3,48
DA:4,56
DA:5,70
DA:6,48
DA:7,62
DA:25,0
DA:26,0
DA:27,0
DA:28,0
DA:29,0
DA:30,0
DA:31,0
DA:32,0
DA:36,11
DA:37,72
DA:38,0
DA:39,2
DA:40,30
DA:41,41
DA:44,11
DA:45,70
DA:46,0
DA:47,2
DA:48,18
DA:51,6
DA:52,7
DA:53,3
DA:54,12
DA:55,33
DA:56,30
DA:57,31
DA:58,24
DA:59,1
DA:62,0
DA:63,0
DA:64,0
DA:65,0
DA:69,0
DA:70,0
DA:71,0
DA:72,0
DA:73,0
DA:74,0
DA:75,0
DA:76,0
DA:77,0
DA:78,0
DA:79,0
DA:80,0
DA:81,1
DA:85,13
DA:87,0
DA:88,0
DA:89,0
DA:90,0
DA:91,0
DA:92,0
DA:93,0
DA:94,0
DA:95,0
DA:96,0
DA:97,0
DA:98,0
DA:99,0
DA:100,0
DA:101,0
DA:102,0
DA:103,0
DA:104,0
DA:105,0
DA:106,0
DA:107,0
DA:108,0
DA:109,0
DA:110,0
DA:111,0
DA:112,0
DA:113,0
DA:114,0
DA:115,0
DA:116,0
DA:117,0
DA:118,0
DA:119,0
DA:120,0
DA:121,0
DA:122,0
DA:123,0
DA:124,0
DA:125,0
DA:126,0
DA:127,0
DA:128,0
DA:129,0
DA:130,0
DA:131,0
DA:132,0
DA:133,0
DA:134,0
DA:135,0
DA:136,0
DA:137,0
DA:138,0
DA:139,0
DA:140,0
DA:141,0
DA:142,0
DA:143,0
DA:144,0
DA:145,0
DA:146,0
DA:147,0
DA:148,0
DA:149,0
DA:150,0
DA:151,0
DA:152,0
DA:153,0
DA:154,0
DA:155,0
DA:156,0
DA:157,0
DA:158,0
DA:159,0
DA:160,0
DA:161,0
DA:162,0
DA:163,0
DA:164,0
DA:165,0
DA:166,0
DA:167,0
DA:168,0
DA:169,0
DA:170,0
DA:171,0
DA:172,0
DA:173,0
DA:174,0
DA:175,0
DA:176,0
DA:177,0
DA:178,0
DA:179,0
DA:180,0
DA:181,0
DA:182,0
DA:183,0
DA:184,0
DA:185,0
DA:186,0
DA:187,0
DA:188,0
DA:189,0
DA:190,0
DA:191,1
DA:194,20
DA:195,0
DA:196,0
DA:198,0
LF:161
LH:28
end_of_record
TN:
SF:scripts/errors/ScriptError.ts
FNF:4
FNH:4
DA:5,1
DA:7,13
DA:8,54
DA:9,18
DA:10,28
DA:11,10
DA:12,162
DA:13,60
DA:14,81
DA:16,2
DA:18,55
DA:19,74
DA:22,59
DA:23,92
DA:24,96
DA:25,24
DA:26,55
DA:27,93
DA:28,37
LF:19
LH:19
end_of_record
TN:
SF:scripts/evaluateLiveRun.ts
FNF:21
FNH:17
DA:1,33
DA:3,38
DA:4,41
DA:7,72
DA:8,53
DA:9,56
DA:10,54
DA:11,60
DA:12,68
DA:13,48
DA:14,64
DA:146,24
DA:147,41
DA:148,42
DA:149,2
DA:150,41
DA:151,42
DA:152,2
DA:153,40
DA:154,33
DA:155,2
DA:156,40
DA:157,33
DA:158,0
DA:159,0
DA:162,0
DA:163,0
DA:164,0
DA:165,0
DA:166,0
DA:167,0
DA:168,0
DA:169,0
DA:170,1
DA:174,24
DA:175,54
DA:176,9
DA:177,15
DA:178,58
DA:179,15
DA:180,17
DA:181,0
DA:182,4
DA:183,23
DA:184,6
DA:185,84
DA:186,2
DA:187,15
DA:188,21
DA:189,6
DA:190,151
DA:197,2
DA:198,15
DA:199,18
DA:200,3
DA:201,6
DA:202,60
DA:203,2
DA:204,27
DA:205,26
DA:206,6
DA:207,1455
DA:226,2
DA:227,15
DA:228,19
DA:229,6
DA:230,187
DA:236,2
DA:237,15
DA:238,22
DA:239,6
DA:240,179
DA:247,2
DA:248,11
DA:249,40
DA:250,28
DA:251,6
DA:252,3491
DA:348,2
DA:349,36
DA:350,32
DA:351,6
DA:352,219
DA:359,2
DA:360,15
DA:361,31
DA:362,6
DA:363,266
DA:370,2
DA:371,15
DA:372,30
DA:373,6
DA:374,188
DA:381,2
DA:382,15
DA:383,28
DA:384,6
DA:385,270
DA:392,2
DA:393,15
DA:394,25
DA:395,6
DA:396,324
DA:405,2
DA:406,15
DA:408,64
DA:409,57
DA:411,19
DA:412,21
DA:413,21
DA:414,23
DA:415,25
DA:416,36
DA:417,38
DA:418,28
DA:419,48
DA:420,57
DA:421,32
DA:422,41
DA:423,25
DA:424,53
DA:425,6
DA:426,65
DA:427,45
DA:428,16
DA:429,85
DA:430,35
DA:431,83
DA:432,85
DA:433,84
DA:434,8
DA:435,59
DA:436,37
DA:437,69
DA:438,31
DA:439,35
DA:440,24
DA:441,48
DA:442,57
DA:443,41
DA:444,89
DA:445,68
DA:446,70
DA:447,64
DA:448,66
DA:449,68
DA:450,42
DA:451,22
DA:452,86
DA:453,24
DA:454,86
DA:455,82
DA:456,84
DA:457,65
DA:458,68
DA:459,59
DA:460,50
DA:461,37
DA:462,35
DA:463,39
DA:464,39
DA:465,61
DA:466,44
DA:467,44
DA:468,51
DA:469,64
DA:470,83
DA:471,85
DA:472,73
DA:473,86
DA:474,86
DA:475,55
DA:476,64
DA:477,86
DA:478,60
DA:479,56
DA:480,85
DA:481,79
DA:482,7
DA:483,82
DA:484,5
DA:485,13
DA:489,15
DA:490,12
DA:491,99
DA:492,23
DA:493,4
DA:494,7
DA:495,84
DA:496,6
DA:497,21
DA:498,4
DA:499,7
DA:500,374
DA:510,3
DA:511,1
DA:514,33
DA:515,10
DA:516,6
DA:517,183
DA:526,3633
DA:615,2
DA:616,10
DA:619,24
DA:620,36
DA:621,68
DA:624,21
DA:625,12
DA:626,13
DA:627,10
DA:628,37
DA:629,1
DA:632,21
DA:633,37
DA:636,12
DA:637,29
DA:638,44
DA:639,2
DA:640,12
DA:641,39
DA:642,39
DA:643,39
DA:644,23
DA:645,1
DA:648,12
DA:649,50
DA:650,0
DA:651,2
DA:652,31
DA:653,66
DA:654,11
DA:655,2
DA:656,42
DA:657,86
DA:658,0
DA:659,2
DA:660,17
DA:663,1
DA:664,6
DA:665,12
DA:677,3
DA:678,27
DA:679,14
DA:680,21
DA:681,28
DA:682,28
DA:683,28
DA:684,29
DA:685,29
DA:686,27
DA:687,35
DA:688,40
DA:689,23
DA:690,1
DA:691,2
DA:693,26
DA:694,27
DA:695,27
DA:696,25
DA:697,33
DA:698,38
DA:700,28
DA:701,60
DA:702,28
DA:703,13
DA:704,4
DA:705,93
DA:706,44
DA:707,4
DA:708,95
DA:709,46
DA:710,4
DA:711,95
DA:712,46
DA:713,4
DA:714,91
DA:715,42
DA:716,4
DA:717,4
DA:718,51
DA:719,45
DA:720,7
DA:721,58
DA:722,4
DA:723,4
DA:724,53
DA:725,47
DA:726,7
DA:727,75
DA:728,2
DA:729,2
DA:731,42
DA:732,67
DA:733,22
DA:734,47
DA:735,2
DA:736,76
DA:738,12
DA:739,16
DA:740,51
DA:741,52
DA:742,75
DA:743,54
DA:744,54
DA:745,50
DA:746,66
DA:747,76
DA:748,15
DA:749,1
DA:752,13
DA:753,21
DA:754,0
DA:755,2
DA:756,9
DA:757,39
DA:758,57
DA:759,13
DA:760,0
DA:761,0
DA:762,0
DA:764,0
DA:767,16
DA:768,29
DA:769,0
DA:770,2
DA:771,9
DA:772,29
DA:773,0
DA:774,0
DA:778,24
DA:779,71
DA:780,25
DA:783,24
DA:784,24
DA:785,0
DA:786,2
DA:787,55
DA:788,77
DA:789,34
DA:792,0
DA:793,0
DA:794,0
DA:795,0
DA:796,0
DA:797,0
DA:798,0
DA:799,0
DA:800,0
DA:801,0
DA:802,0
DA:803,0
DA:804,0
DA:805,0
DA:806,0
DA:807,0
DA:808,0
DA:809,0
DA:810,0
DA:811,0
DA:812,0
DA:813,0
DA:814,0
DA:815,0
DA:816,0
DA:817,0
DA:818,0
DA:819,0
DA:820,0
DA:821,0
DA:822,0
DA:823,0
DA:824,0
DA:825,0
DA:826,0
DA:827,0
DA:828,0
DA:829,0
DA:830,0
DA:831,0
DA:832,0
DA:833,0
DA:834,0
DA:835,0
DA:836,1
DA:839,20
DA:840,0
DA:841,0
DA:842,0
DA:843,0
DA:846,0
LF:390
LH:319
end_of_record
TN:
SF:scripts/generateMetricsReport.ts
FNF:19
FNH:16
DA:1,33
DA:2,41
DA:5,65
DA:7,92
DA:8,56
DA:9,54
DA:10,60
DA:11,66
DA:12,48
DA:20,17
DA:21,37
DA:22,90
DA:23,12
DA:24,27
DA:25,7
DA:26,23
DA:27,26
DA:28,28
DA:29,41
DA:30,30
DA:31,30
DA:32,7
DA:33,21
DA:34,7
DA:35,55
DA:36,87
DA:37,101
DA:38,103
DA:39,105
DA:40,90
DA:41,85
DA:42,7
DA:43,13
DA:44,7
DA:45,53
DA:46,57
DA:47,46
DA:48,67
DA:49,62
DA:50,66
DA:51,64
DA:52,70
DA:53,73
DA:54,63
DA:55,7
DA:56,28
DA:57,7
DA:58,71
DA:59,77
DA:60,79
DA:61,73
DA:62,75
DA:63,77
DA:64,281
DA:65,96
DA:66,96
DA:67,101
DA:68,103
DA:69,79
DA:70,81
DA:71,75
DA:72,85
DA:73,79
DA:74,79
DA:75,101
DA:76,79
DA:77,75
DA:78,80
DA:79,96
DA:80,72
DA:81,92
DA:82,94
DA:83,71
DA:84,7
DA:85,14
DA:86,7
DA:87,87
DA:88,87
DA:89,71
DA:90,58
DA:91,67
DA:92,88
DA:93,7
DA:94,21
DA:95,7
DA:96,78
DA:97,115
DA:98,125
DA:99,91
DA:100,95
DA:101,80
DA:102,88
DA:103,93
DA:104,80
DA:105,126
DA:106,131
DA:107,7
DA:108,51
DA:109,7
DA:110,18
DA:111,7
DA:112,39
DA:113,56
DA:114,52
DA:115,68
DA:116,67
DA:117,62
DA:118,66
DA:119,7
DA:120,17
DA:121,7
DA:122,59
DA:123,55
DA:124,7
DA:125,23
DA:126,47
DA:127,204
DA:128,79
DA:129,79
DA:130,74
DA:131,93
DA:132,99
DA:133,87
DA:134,7
DA:135,52
DA:136,68
DA:137,10
DA:140,20
DA:141,38
DA:142,9
DA:143,2
DA:144,12
DA:145,25
DA:146,7
DA:147,22
DA:148,7
DA:149,49
DA:150,7
DA:151,22
DA:152,7
DA:153,49
DA:154,7
DA:155,20
DA:156,7
DA:157,44
DA:158,1
DA:161,10
DA:162,27
DA:163,18
DA:164,2
DA:165,12
DA:166,153
DA:167,98
DA:168,11
DA:169,9
DA:170,555
DA:171,3
DA:172,10
DA:175,11
DA:176,46
DA:179,11
DA:180,41
DA:183,11
DA:184,46
DA:187,11
DA:188,46
DA:191,11
DA:192,55
DA:195,11
DA:196,60
DA:199,11
DA:200,54
DA:203,11
DA:204,54
DA:207,11
DA:208,55
DA:211,11
DA:212,60
DA:215,11
DA:216,81
DA:219,11
DA:220,52
DA:223,0
DA:224,0
DA:225,0
DA:226,0
DA:227,0
DA:228,0
DA:229,0
DA:230,0
DA:231,0
DA:232,0
DA:233,0
DA:234,0
DA:235,0
DA:236,0
DA:237,0
DA:238,0
DA:239,0
DA:240,0
DA:241,0
DA:242,1
DA:245,20
DA:246,0
DA:247,0
DA:248,0
DA:249,0
DA:252,0
LF:208
LH:184
end_of_record
TN:
SF:scripts/lib/BulkConfigTuning.ts
FNF:3
FNH:3
DA:1,40
DA:55,6
DA:56,10
DA:57,12
DA:58,3
DA:59,35
DA:60,81
DA:61,2
DA:63,33
DA:64,54
DA:65,44
DA:66,21
DA:67,85
DA:69,25
DA:70,0
DA:71,2
DA:73,5
DA:74,72
DA:75,52
DA:76,47
DA:77,5
DA:78,58
DA:79,83
DA:80,61
DA:81,13
DA:82,52
DA:83,58
DA:85,28
DA:86,58
DA:87,83
DA:88,62
DA:89,13
DA:90,50
DA:91,57
DA:93,10
DA:94,44
DA:95,68
DA:96,5
DA:97,97
DA:98,83
DA:99,66
DA:100,0
DA:101,0
DA:102,2
DA:104,3
DA:106,54
DA:107,0
DA:108,0
DA:109,2
DA:111,4
DA:112,25
DA:113,70
DA:114,0
DA:115,0
DA:116,0
DA:117,0
DA:118,0
DA:119,0
DA:120,0
DA:121,0
DA:122,2
DA:124,25
DA:125,0
DA:126,2
DA:128,12
DA:129,18
DA:130,31
DA:131,9
DA:132,1
DA:135,23
DA:136,32
DA:139,11
DA:140,31
LF:73
LH:59
end_of_record
TN:
SF:scripts/lib/CoverageSummary.ts
FNF:28
FNH:27
DA:1,62
DA:2,46
DA:41,52
DA:42,55
DA:43,36
DA:45,40
DA:46,23
DA:47,23
DA:48,40
DA:49,38
DA:51,12
DA:52,15
DA:53,54
DA:54,62
DA:55,57
DA:56,6
DA:57,7
DA:58,2
DA:61,18
DA:62,40
DA:63,45
DA:64,80
DA:65,37
DA:66,23
DA:67,7
DA:68,14
DA:69,46
DA:70,44
DA:71,47
DA:72,6
DA:73,7
DA:74,18
DA:75,50
DA:76,48
DA:77,51
DA:78,6
DA:79,7
DA:80,17
DA:81,49
DA:82,47
DA:83,50
DA:84,3
DA:85,4
DA:86,19
DA:87,32
DA:88,2
DA:89,36
DA:90,23
DA:91,29
DA:92,33
DA:93,29
DA:94,3
DA:96,76
DA:102,80
DA:103,11
DA:104,12
DA:105,12
DA:106,9
DA:107,35
DA:111,81
DA:112,11
DA:113,12
DA:114,12
DA:115,9
DA:116,5
DA:120,0
DA:121,0
DA:122,0
DA:123,0
DA:124,0
DA:125,0
DA:126,0
DA:127,0
DA:128,0
DA:132,17
DA:133,21
DA:134,13
DA:135,18
DA:136,20
DA:137,22
DA:138,24
DA:139,21
DA:140,20
DA:141,4
DA:143,44
DA:144,32
DA:145,29
DA:146,13
DA:147,4
DA:148,34
DA:149,63
DA:150,8
DA:151,4
DA:152,33
DA:153,2
DA:155,35
DA:156,11
DA:157,2
DA:159,12
DA:160,23
DA:161,62
DA:162,74
DA:163,68
DA:164,1
DA:167,19
DA:168,32
DA:169,51
DA:170,6
DA:171,2
DA:172,32
DA:173,53
DA:174,6
DA:175,2
DA:176,33
DA:177,55
DA:178,6
DA:179,2
DA:180,33
DA:181,57
DA:182,6
DA:183,2
DA:184,33
DA:185,54
DA:186,6
DA:187,2
DA:188,33
DA:189,54
DA:190,1
DA:193,15
DA:194,26
DA:195,0
DA:196,2
DA:197,43
DA:198,52
DA:201,11
DA:202,44
DA:203,38
DA:206,13
DA:207,73
DA:208,69
DA:209,31
DA:212,20
DA:213,12
DA:214,12
DA:215,10
DA:216,49
DA:217,1
DA:220,12
DA:221,77
DA:224,13
DA:225,31
DA:228,1
DA:229,9
DA:230,6
DA:231,12
DA:232,3
DA:233,51
DA:234,76
DA:235,4
DA:236,28
DA:237,11
DA:238,31
DA:239,53
DA:240,84
DA:241,2
DA:242,17
DA:243,29
DA:244,12
DA:245,32
DA:246,47
DA:247,47
DA:248,4
DA:249,24
DA:250,2
DA:251,17
DA:253,79
LF:176
LH:166
end_of_record
TN:
SF:scripts/lib/DesignIssuePlanner.ts
FNF:2
FNH:2
DA:13,19
DA:14,25
DA:15,75
DA:16,35
DA:17,8
DA:18,100
DA:19,4
DA:20,36
DA:21,75
DA:22,36
DA:23,8
DA:24,104
DA:25,4
DA:26,17
DA:27,71
DA:28,36
DA:29,82
DA:30,4
DA:31,28
DA:32,77
DA:33,35
DA:34,8
DA:35,131
DA:36,4
DA:37,25
DA:38,88
DA:39,37
DA:40,97
DA:41,2
DA:42,2
DA:44,16
DA:45,64
DA:46,45
DA:47,35
DA:48,31
DA:49,9
DA:50,4
DA:51,14
DA:52,9
DA:53,27
DA:54,27
DA:55,17
DA:56,23
DA:57,13
DA:58,40
DA:59,40
DA:60,13
DA:61,27
DA:62,16
DA:63,5
DA:64,1
DA:65,1
LF:52
LH:52
end_of_record
TN:
SF:scripts/lib/MetricsEvaluation.ts
FNF:14
FNH:14
DA:186,16
DA:187,47
DA:188,61
DA:189,68
DA:190,22
DA:191,81
DA:192,12
DA:193,19
DA:194,33
DA:195,45
DA:196,31
DA:197,52
DA:198,58
DA:199,6
DA:200,12
DA:201,45
DA:202,27
DA:203,31
DA:204,21
DA:205,55
DA:206,59
DA:207,50
DA:208,43
DA:209,75
DA:210,34
DA:211,6
DA:212,17
DA:213,38
DA:214,48
DA:215,50
DA:216,44
DA:217,46
DA:218,48
DA:219,73
DA:220,55
DA:221,89
DA:222,69
DA:223,71
DA:224,52
DA:225,51
DA:226,6
DA:227,21
DA:228,31
DA:229,35
DA:230,35
DA:231,60
DA:232,40
DA:233,44
DA:234,43
DA:235,49
DA:236,43
DA:237,6
DA:238,18
DA:239,44
DA:240,51
DA:241,51
DA:242,42
DA:243,50
DA:244,51
DA:245,35
DA:246,6
DA:247,15
DA:248,50
DA:249,68
DA:250,70
DA:251,35
DA:252,6
DA:253,22
DA:254,44
DA:255,40
DA:256,28
DA:257,33
DA:258,26
DA:259,5
DA:260,6
DA:261,29
DA:262,33
DA:263,31
DA:264,62
DA:265,18
DA:266,72
DA:267,1
DA:270,11
DA:271,78
DA:272,47
DA:273,70
DA:274,34
DA:275,12
DA:276,30
DA:277,42
DA:278,95
DA:279,34
DA:280,60
DA:281,20
DA:282,38
DA:283,66
DA:284,20
DA:285,38
DA:286,66
DA:287,21
DA:288,20
DA:289,23
DA:290,31
DA:291,34
DA:292,1
DA:295,11
DA:296,38
DA:297,26
DA:298,28
DA:299,26
DA:300,24
DA:301,26
DA:302,29
DA:303,8
DA:304,8
DA:307,1
DA:308,7
DA:309,15
DA:310,3
DA:311,24
DA:312,31
DA:313,2
DA:314,70
DA:315,81
DA:316,39
DA:317,2
DA:318,44
DA:319,0
DA:320,2
DA:321,26
DA:322,0
DA:323,2
DA:324,4
DA:325,22
DA:326,62
DA:327,37
DA:328,22
DA:329,0
DA:330,0
DA:331,2
DA:332,13
DA:335,1
DA:336,7
DA:337,14
DA:338,20
DA:339,3
DA:340,52
DA:341,40
DA:342,32
DA:343,2
DA:344,52
DA:345,38
DA:346,2
DA:347,52
DA:348,55
DA:349,42
DA:350,2
DA:351,56
DA:352,43
DA:353,2
DA:354,65
DA:355,35
DA:356,2
DA:357,67
DA:358,38
DA:359,2
DA:360,99
DA:361,39
DA:362,2
DA:363,4
DA:364,35
DA:365,48
DA:366,48
DA:367,5
DA:368,36
DA:369,2
DA:370,38
DA:371,38
DA:372,44
DA:373,2
DA:374,38
DA:375,44
DA:376,2
DA:377,43
DA:378,40
DA:379,2
DA:380,39
DA:381,39
DA:382,2
DA:383,19
DA:386,11
DA:387,54
DA:388,37
DA:389,2
DA:390,71
DA:391,22
DA:392,13
DA:393,27
DA:394,33
DA:395,4
DA:396,12
DA:397,19
DA:398,20
DA:399,18
DA:400,1
DA:403,11
DA:404,63
DA:405,61
DA:406,61
DA:407,58
DA:408,58
DA:409,54
DA:410,63
DA:411,55
DA:412,100
DA:413,14
DA:414,45
DA:415,17
DA:416,24
DA:417,24
DA:418,31
DA:419,28
DA:420,34
DA:421,31
DA:422,23
DA:423,23
DA:424,41
DA:425,21
DA:426,21
DA:427,22
DA:428,1
DA:429,2
DA:430,60
DA:431,55
DA:432,39
DA:434,12
DA:435,35
DA:436,15
DA:437,22
DA:438,22
DA:439,23
DA:440,20
DA:441,79
DA:442,92
DA:443,21
DA:444,21
DA:445,39
DA:446,19
DA:447,21
DA:448,20
DA:449,1
DA:452,11
DA:453,35
DA:456,11
DA:457,42
DA:460,11
DA:461,42
DA:464,11
DA:465,46
DA:468,11
DA:469,46
DA:472,24
DA:473,55
DA:474,11
DA:475,2
DA:476,33
DA:479,11
DA:480,12
DA:481,19
DA:482,26
DA:483,26
DA:484,26
DA:485,27
DA:486,27
DA:487,25
DA:488,33
DA:489,38
DA:490,21
DA:491,1
LF:279
LH:275
end_of_record
TN:
SF:scripts/lib/binanceKlines.ts
FNF:5
FNH:0
DA:3,65
DA:9,0
DA:10,0
DA:11,0
DA:12,0
DA:13,0
DA:14,0
DA:15,0
DA:16,0
DA:17,0
DA:18,0
DA:19,0
DA:23,0
DA:24,0
DA:25,0
DA:26,0
DA:27,0
DA:28,0
DA:29,0
DA:30,0
DA:31,0
DA:32,0
DA:36,0
DA:37,0
DA:38,0
DA:39,0
DA:40,0
DA:41,0
DA:42,1
DA:53,63
DA:59,0
DA:60,0
DA:61,0
DA:62,0
DA:63,0
DA:64,0
DA:65,0
DA:66,0
DA:67,0
DA:68,0
DA:69,0
DA:70,0
DA:71,0
DA:72,0
DA:73,0
DA:74,0
DA:75,0
DA:76,0
DA:77,0
DA:78,0
DA:79,0
DA:80,0
DA:81,0
DA:82,0
DA:83,0
DA:84,0
DA:85,0
DA:86,0
DA:87,0
DA:88,0
DA:89,0
DA:90,0
DA:91,0
DA:92,0
DA:93,0
DA:94,0
DA:95,0
DA:96,0
DA:97,0
DA:98,0
DA:99,0
DA:100,0
DA:101,0
DA:102,0
DA:103,0
DA:104,0
DA:105,0
DA:106,0
DA:107,0
DA:108,0
DA:109,0
DA:110,0
DA:111,0
DA:112,0
DA:113,0
DA:114,0
DA:115,0
DA:116,0
DA:117,0
DA:118,0
DA:119,0
DA:120,0
DA:121,0
DA:122,0
DA:123,0
DA:127,0
DA:128,0
DA:129,0
DA:130,0
DA:131,0
DA:132,0
DA:133,0
DA:134,0
DA:135,0
DA:136,0
LF:105
LH:3
end_of_record
TN:
SF:scripts/lib/bulkKlinesRange.ts
FNF:3
FNH:0
DA:14,0
DA:15,0
DA:16,0
DA:17,0
DA:18,0
DA:19,0
DA:20,0
DA:21,0
DA:22,0
DA:23,0
DA:24,0
DA:25,0
DA:26,0
DA:27,0
DA:28,0
DA:29,0
DA:30,0
DA:31,0
DA:32,0
DA:33,0
DA:34,0
DA:35,0
DA:36,0
DA:37,0
DA:38,0
DA:39,0
DA:40,0
DA:41,0
DA:42,0
DA:43,0
DA:44,0
DA:45,0
DA:46,0
DA:47,0
DA:48,0
DA:49,0
DA:50,0
DA:51,0
DA:52,0
DA:53,0
DA:54,0
DA:55,0
DA:56,0
DA:57,0
DA:58,0
DA:59,0
DA:60,0
DA:61,0
DA:62,0
DA:63,0
DA:64,0
DA:65,0
DA:66,0
DA:67,0
DA:68,0
DA:69,0
DA:70,0
DA:71,0
DA:72,0
DA:73,0
DA:74,0
DA:75,0
DA:76,0
DA:77,0
DA:78,0
DA:79,0
DA:80,0
DA:81,0
DA:82,0
DA:83,0
DA:84,0
DA:85,0
DA:86,0
DA:87,0
DA:88,0
DA:89,0
DA:90,0
DA:91,0
DA:92,0
DA:93,0
DA:94,0
DA:95,0
DA:96,0
DA:97,0
DA:101,0
DA:102,0
DA:103,0
DA:104,0
DA:105,0
DA:106,0
DA:107,0
DA:108,0
DA:109,0
DA:110,0
LF:94
LH:0
end_of_record
TN:
SF:scripts/lib/leadLagMath.ts
FNF:6
FNH:6
DA:11,17
DA:12,17
DA:13,46
DA:14,31
DA:15,26
DA:16,77
DA:17,0
DA:18,0
DA:19,4
DA:20,33
DA:21,2
DA:22,11
DA:25,15
DA:26,41
DA:27,10
DA:28,0
DA:29,2
DA:30,15
DA:31,15
DA:32,16
DA:33,34
DA:34,19
DA:35,19
DA:36,54
DA:37,13
DA:38,4
DA:39,14
DA:40,14
DA:41,13
DA:42,2
DA:43,14
DA:44,0
DA:45,2
DA:46,29
DA:47,29
DA:48,14
DA:49,15
DA:50,15
DA:51,15
DA:52,34
DA:53,19
DA:54,19
DA:55,54
DA:56,13
DA:57,4
DA:58,25
DA:59,25
DA:60,19
DA:61,20
DA:62,20
DA:63,12
DA:64,2
DA:65,39
DA:66,0
DA:67,2
DA:68,36
DA:76,20
DA:77,18
DA:78,51
DA:79,12
DA:80,0
DA:81,4
DA:82,31
DA:83,39
DA:84,22
DA:85,2
DA:86,17
DA:87,47
DA:88,12
DA:89,0
DA:90,2
DA:91,33
DA:92,29
DA:93,23
DA:101,23
DA:102,17
DA:103,52
DA:104,60
DA:105,2
DA:106,11
DA:109,17
DA:110,18
DA:111,32
DA:112,38
DA:113,13
DA:114,4
DA:115,85
DA:116,62
DA:117,2
DA:118,2
DA:119,12
DA:123,6
DA:124,6
DA:125,7
DA:130,3
DA:131,28
DA:132,29
DA:133,29
DA:134,2
DA:135,18
DA:136,18
DA:137,16
DA:138,28
DA:139,40
DA:140,31
DA:141,21
DA:142,23
DA:143,20
DA:144,2
DA:145,2
DA:146,38
LF:111
LH:104
end_of_record
TN:
SF:scripts/lib/leadLagSvg.ts
FNF:7
FNH:0
DA:13,0
DA:14,0
DA:15,0
DA:16,0
DA:17,0
DA:18,0
DA:19,0
DA:20,0
DA:21,0
DA:22,0
DA:23,0
DA:24,0
DA:25,0
DA:26,0
DA:27,0
DA:28,0
DA:29,0
DA:30,0
DA:31,0
DA:32,0
DA:33,0
DA:34,0
DA:35,0
DA:36,0
DA:37,0
DA:38,0
DA:39,0
DA:40,0
DA:41,0
DA:42,0
DA:43,0
DA:44,0
DA:45,0
DA:46,0
DA:47,0
DA:48,0
DA:49,0
DA:50,0
DA:51,0
DA:52,0
DA:53,0
DA:54,0
DA:55,0
DA:56,0
DA:57,0
DA:58,0
DA:59,0
DA:60,0
DA:61,0
DA:62,0
DA:63,0
DA:64,1
DA:69,0
DA:70,0
DA:71,0
DA:72,0
DA:73,0
DA:74,0
DA:75,0
DA:76,0
DA:77,0
DA:78,0
DA:79,0
DA:80,0
DA:81,0
DA:82,0
DA:83,0
DA:84,0
DA:85,0
DA:86,0
DA:87,0
DA:88,0
DA:89,0
DA:90,0
DA:91,0
DA:92,0
DA:93,0
DA:94,0
DA:95,0
DA:96,0
DA:97,0
DA:98,0
DA:99,0
DA:100,0
DA:101,0
DA:102,0
DA:103,0
DA:104,0
DA:105,0
DA:106,0
DA:107,0
DA:108,0
DA:109,0
DA:110,0
DA:111,0
DA:112,0
DA:113,0
DA:114,0
DA:115,0
DA:116,0
DA:117,1
DA:121,0
DA:122,0
DA:123,0
DA:124,0
DA:125,0
DA:126,0
DA:127,0
DA:128,0
DA:129,0
DA:130,0
DA:131,0
DA:132,0
DA:133,0
DA:134,0
DA:135,0
DA:136,0
DA:137,0
DA:138,0
DA:139,0
DA:140,0
DA:141,0
DA:142,0
DA:143,0
DA:144,0
DA:145,0
DA:146,0
DA:147,0
DA:148,0
DA:149,0
DA:150,0
DA:151,0
DA:152,0
DA:153,0
DA:154,0
DA:155,0
DA:156,0
DA:157,0
DA:158,0
DA:159,0
DA:160,0
DA:161,0
DA:162,0
DA:163,0
DA:164,0
DA:165,0
DA:166,0
DA:167,0
DA:168,0
DA:169,0
DA:170,0
DA:171,0
DA:172,0
DA:173,0
DA:174,0
DA:179,0
DA:180,0
DA:181,0
DA:182,0
DA:183,0
DA:184,0
DA:185,0
DA:186,0
DA:187,0
DA:188,0
DA:189,0
DA:190,0
DA:191,0
DA:195,0
DA:196,0
DA:197,0
DA:198,0
DA:199,0
DA:200,0
DA:201,0
DA:202,0
DA:206,0
DA:207,0
DA:208,0
DA:209,0
DA:210,0
DA:215,0
DA:216,0
DA:217,0
DA:218,0
DA:219,0
DA:220,0
LF:187
LH:2
end_of_record
TN:
SF:scripts/lib/paths.ts
FNF:1
FNH:1
DA:1,68
DA:2,74
DA:4,54
DA:5,50
DA:6,42
DA:8,64
DA:9,84
DA:10,82
DA:11,61
LF:9
LH:9
end_of_record
TN:
SF:src/adapters/bulk/BulkMarketFeed.ts
FNF:66
FNH:64
DA:15,174
DA:16,110
DA:17,94
DA:18,132
DA:86,74
DA:87,92
DA:88,102
DA:89,100
DA:90,69
DA:92,51
DA:93,62
DA:94,20
DA:95,5
DA:96,149
DA:99,83
DA:100,134
DA:103,40
DA:104,33
DA:107,39
DA:108,43
DA:111,98
DA:112,80
DA:113,50
DA:114,33
DA:115,5
DA:116,123
DA:119,24
DA:120,16
DA:121,12
DA:122,18
DA:123,6
DA:124,28
DA:125,47
DA:126,72
DA:127,68
DA:128,8
DA:129,46
DA:130,54
DA:131,52
DA:132,28
DA:133,21
DA:134,14
DA:135,23
DA:136,9
DA:137,48
DA:138,4
DA:139,141
DA:140,37
DA:143,63
DA:144,140
DA:145,140
DA:146,62
DA:147,62
DA:148,113
DA:149,123
DA:150,5
DA:151,57
DA:152,127
DA:153,5
DA:154,104
DA:155,58
DA:156,103
DA:157,56
DA:158,56
DA:159,101
DA:160,26
DA:161,9
DA:162,72
DA:163,72
DA:164,130
DA:165,5
DA:166,76
DA:167,60
DA:168,63
DA:169,5
DA:170,24
DA:171,26
DA:172,24
DA:173,24
DA:174,162
DA:175,112
DA:176,34
DA:177,5
DA:180,49
DA:181,24
DA:182,56
DA:183,60
DA:184,60
DA:185,72
DA:186,68
DA:187,92
DA:188,68
DA:189,68
DA:190,84
DA:191,92
DA:192,88
DA:193,96
DA:194,116
DA:195,124
DA:196,92
DA:197,96
DA:198,100
DA:199,76
DA:200,84
DA:201,76
DA:202,98
DA:203,5
DA:206,40
DA:207,110
DA:208,12
DA:209,5
DA:210,50
DA:211,54
DA:212,117
DA:215,50
DA:216,54
DA:217,161
DA:218,15
DA:219,7
DA:222,42
DA:223,62
DA:224,73
DA:227,40
DA:228,62
DA:229,69
DA:232,70
DA:233,183
DA:236,36
DA:237,22
DA:238,16
DA:239,6
DA:240,154
DA:241,59
DA:242,25
DA:243,5
DA:244,87
DA:245,25
DA:246,5
DA:247,55
DA:250,43
DA:251,62
DA:252,62
DA:253,65
DA:254,31
DA:255,3
DA:256,12
DA:271,1
DA:273,13
DA:274,66
DA:275,66
DA:276,10
DA:278,27
DA:279,54
DA:282,23
DA:283,24
DA:284,222
DA:285,12
DA:286,52
DA:287,22
DA:288,70
DA:289,62
DA:290,66
DA:291,70
DA:292,177
DA:293,42
DA:294,58
DA:295,42
DA:299,26
DA:300,176
DA:301,54
DA:302,60
DA:303,64
DA:304,82
DA:305,132
DA:306,12
DA:307,73
DA:308,76
DA:309,12
DA:310,99
DA:311,8
DA:312,9
DA:313,9
DA:314,66
DA:315,186
DA:318,27
DA:319,62
DA:320,33
DA:321,9
DA:322,62
DA:323,62
DA:324,9
DA:325,48
DA:328,41
DA:329,66
DA:330,0
DA:331,49
DA:335,31
DA:336,122
DA:337,104
DA:338,188
DA:339,54
DA:340,14
DA:341,130
DA:342,24
DA:343,572
DA:344,12
DA:345,70
DA:348,27
DA:349,56
DA:350,11
DA:351,9
DA:352,78
DA:353,78
DA:354,82
DA:355,92
DA:356,95
DA:357,75
DA:358,12
DA:359,88
DA:360,163
DA:361,71
DA:362,12
DA:363,92
DA:364,14
DA:365,42
DA:366,66
DA:367,134
DA:368,5
DA:369,75
DA:370,12
DA:371,47
DA:372,60
DA:373,56
DA:374,57
DA:375,12
DA:376,24
DA:377,210
DA:378,18
DA:381,39
DA:382,112
DA:383,11
DA:384,9
DA:385,72
DA:386,66
DA:387,22
DA:388,24
DA:389,194
DA:390,16
DA:391,82
DA:392,132
DA:393,16
DA:394,77
DA:395,78
DA:396,12
DA:397,98
DA:398,10
DA:399,13
DA:400,13
DA:401,70
DA:402,67
DA:403,19
DA:404,13
DA:405,62
DA:406,24
DA:407,268
DA:408,31
DA:409,14
DA:410,84
DA:414,14
DA:415,16
DA:416,12
DA:417,26
DA:418,10
DA:419,136
DA:420,46
DA:421,83
DA:422,9
DA:423,68
DA:424,60
DA:425,163
DA:426,64
DA:427,160
DA:428,28
DA:429,66
DA:430,68
DA:431,68
DA:432,80
DA:433,76
DA:434,100
DA:435,22
DA:436,40
DA:437,42
DA:438,42
DA:439,102
DA:440,56
DA:441,64
DA:442,68
DA:443,66
DA:444,70
DA:445,56
DA:446,60
DA:447,56
DA:448,106
DA:449,110
DA:450,86
DA:451,94
DA:452,86
DA:453,108
DA:454,9
DA:457,41
DA:458,62
DA:459,11
DA:460,9
DA:461,68
DA:462,108
DA:463,94
DA:464,70
DA:465,44
DA:466,11
DA:467,9
DA:468,164
DA:469,72
DA:470,11
DA:471,9
DA:472,52
DA:473,152
DA:474,52
DA:475,70
DA:476,32
DA:477,56
DA:478,68
DA:479,70
DA:480,92
DA:481,12
DA:482,87
DA:483,26
DA:484,300
DA:485,12
DA:486,9
DA:487,64
DA:490,39
DA:491,62
DA:492,11
DA:493,9
DA:494,68
DA:495,100
DA:496,100
DA:497,90
DA:498,66
DA:499,44
DA:500,11
DA:501,9
DA:502,136
DA:503,53
DA:504,24
DA:505,378
DA:506,16
DA:507,17
DA:508,9
DA:509,52
DA:510,152
DA:511,52
DA:512,70
DA:513,68
DA:514,68
DA:515,80
DA:516,76
DA:517,100
DA:518,56
DA:519,64
DA:520,66
DA:521,88
DA:522,12
DA:523,185
DA:524,26
DA:525,432
DA:526,12
DA:527,9
DA:528,64
DA:531,41
DA:532,62
DA:533,11
DA:534,9
DA:535,142
DA:536,73
DA:537,58
DA:538,9
DA:541,35
DA:542,62
DA:543,11
DA:544,9
DA:545,126
DA:546,64
DA:547,64
DA:548,62
DA:549,66
DA:550,68
DA:551,8
DA:552,54
DA:553,52
DA:554,52
DA:555,50
DA:556,54
DA:557,51
DA:558,7
DA:559,11
DA:560,9
DA:561,80
DA:562,122
DA:563,11
DA:564,9
DA:565,54
DA:567,52
DA:568,40
DA:569,46
DA:570,40
DA:571,52
DA:572,22
DA:573,22
DA:574,20
DA:575,24
DA:576,20
DA:577,12
DA:578,24
DA:579,352
DA:580,12
DA:581,64
DA:584,35
DA:585,137
DA:586,17
DA:587,9
DA:588,186
DA:589,97
DA:590,77
DA:591,19
DA:592,13
DA:593,76
DA:594,64
DA:595,51
DA:596,24
DA:597,220
DA:598,17
DA:599,4
DA:600,45
DA:601,79
DA:602,17
DA:603,32
DA:604,68
DA:605,24
DA:606,216
DA:607,12
DA:610,34
DA:611,85
DA:612,17
DA:613,9
DA:614,82
DA:615,66
DA:618,37
DA:619,88
DA:620,11
DA:621,9
DA:622,124
DA:623,107
DA:624,120
DA:625,13
DA:626,13
DA:627,126
DA:628,69
DA:629,19
DA:630,13
DA:631,24
DA:632,572
DA:633,16
DA:634,0
DA:635,0
DA:636,0
DA:637,9
DA:638,17
DA:639,32
DA:640,78
DA:641,24
DA:642,326
DA:643,12
DA:646,36
DA:647,88
DA:648,11
DA:649,9
DA:650,92
DA:651,76
DA:654,40
DA:655,173
DA:658,45
DA:659,94
DA:660,60
DA:661,16
DA:662,9
DA:663,114
DA:664,148
DA:665,105
DA:666,49
DA:667,9
DA:668,156
DA:669,102
DA:670,29
DA:671,9
DA:672,34
DA:675,35
DA:676,62
DA:677,11
DA:678,9
DA:679,138
DA:680,52
DA:681,40
DA:682,106
DA:683,110
DA:684,86
DA:685,94
DA:686,86
DA:687,108
DA:688,12
DA:689,26
DA:690,590
DA:691,12
DA:692,70
DA:695,56
DA:696,69
DA:697,32
DA:698,52
DA:699,66
DA:700,62
DA:701,52
DA:702,56
DA:703,58
DA:704,7
DA:705,9
DA:706,81
DA:707,141
DA:708,14
DA:709,148
DA:710,110
DA:711,62
DA:712,95
DA:713,24
DA:714,288
DA:715,25
DA:717,2
DA:718,12
DA:719,108
DA:720,100
DA:721,168
DA:722,72
DA:723,9
DA:724,68
DA:725,140
DA:726,28
DA:727,106
DA:728,50
DA:729,70
DA:730,150
DA:731,174
DA:732,66
DA:733,10
DA:736,39
DA:737,91
DA:738,56
DA:739,8
DA:741,2
LF:567
LH:563
end_of_record
TN:
SF:src/adapters/bulk/BulkOhlcvFetcher.ts
FNF:6
FNH:6
DA:18,95
DA:20,75
DA:21,110
DA:22,42
DA:23,52
DA:24,44
DA:25,30
DA:26,14
DA:28,30
DA:29,114
DA:30,75
DA:32,1
DA:34,83
DA:35,60
DA:36,64
DA:37,64
DA:38,62
DA:39,66
DA:40,68
DA:41,8
DA:42,48
DA:43,52
DA:44,52
DA:45,50
DA:46,54
DA:47,51
DA:48,5
DA:49,14
DA:50,5
DA:52,24
DA:53,22
DA:54,28
DA:55,14
DA:56,18
DA:57,18
DA:58,16
DA:59,20
DA:60,16
DA:61,5
LF:39
LH:39
end_of_record
TN:
SF:src/adapters/bulk/BulkOrderGateway.ts
FNF:98
FNH:89
DA:1,82
DA:2,76
DA:14,110
DA:15,140
DA:117,110
DA:118,80
DA:119,84
DA:120,96
DA:121,94
DA:122,90
DA:123,76
DA:124,28
DA:125,46
DA:126,52
DA:127,48
DA:128,30
DA:129,5
DA:131,44
DA:132,67
DA:133,37
DA:134,5
DA:135,149
DA:138,49
DA:139,95
DA:142,41
DA:143,61
DA:146,45
DA:147,64
DA:148,24
DA:149,12
DA:150,5
DA:151,51
DA:154,43
DA:155,80
DA:156,52
DA:157,156
DA:160,48
DA:161,80
DA:162,64
DA:163,109
DA:166,48
DA:167,64
DA:168,36
DA:169,10
DA:170,135
DA:171,23
DA:172,4
DA:173,10
DA:174,139
DA:175,27
DA:176,4
DA:177,98
DA:178,10
DA:179,145
DA:180,17
DA:181,4
DA:182,55
DA:185,61
DA:186,131
DA:189,46
DA:190,107
DA:191,64
DA:192,77
DA:193,31
DA:194,3
DA:195,3
DA:196,40
DA:197,45
DA:198,13
DA:199,3
DA:200,91
DA:201,13
DA:202,3
DA:203,14
DA:206,52
DA:207,82
DA:208,81
DA:211,50
DA:212,64
DA:213,36
DA:214,5
DA:215,82
DA:216,141
DA:217,29
DA:218,38
DA:221,49
DA:222,24
DA:223,50
DA:224,42
DA:225,48
DA:226,5
DA:229,57
DA:230,107
DA:231,56
DA:232,99
DA:233,27
DA:234,5
DA:235,67
DA:236,16
DA:237,3
DA:238,3
DA:240,40
DA:241,90
DA:244,31
DA:245,20
DA:246,6
DA:247,135
DA:260,1
DA:262,13
DA:263,66
DA:264,66
DA:265,10
DA:266,95
DA:267,87
DA:268,79
DA:269,58
DA:270,54
DA:271,14
DA:274,31
DA:275,122
DA:276,100
DA:277,145
DA:278,70
DA:279,24
DA:280,538
DA:281,12
DA:282,72
DA:283,46
DA:284,102
DA:285,74
DA:286,66
DA:287,44
DA:288,70
DA:289,62
DA:290,90
DA:291,88
DA:292,14
DA:293,178
DA:294,80
DA:295,18
DA:296,13
DA:297,136
DA:298,90
DA:299,133
DA:300,98
DA:301,24
DA:302,306
DA:303,16
DA:304,76
DA:305,50
DA:306,106
DA:307,32
DA:308,78
DA:309,70
DA:310,48
DA:311,74
DA:312,66
DA:313,94
DA:314,98
DA:315,88
DA:316,54
DA:317,36
DA:318,30
DA:319,88
DA:320,18
DA:321,32
DA:322,52
DA:323,44
DA:324,70
DA:325,52
DA:326,14
DA:327,9
DA:328,12
DA:329,87
DA:330,63
DA:331,9
DA:333,126
DA:334,188
DA:335,98
DA:336,104
DA:337,98
DA:338,316
DA:339,67
DA:340,168
DA:341,27
DA:342,71
DA:344,72
DA:345,107
DA:346,102
DA:347,28
DA:348,74
DA:349,66
DA:350,44
DA:351,70
DA:352,62
DA:353,90
DA:354,94
DA:355,84
DA:356,26
DA:357,42
DA:358,26
DA:359,86
DA:360,14
DA:361,28
DA:362,36
DA:363,62
DA:364,20
DA:365,15
DA:368,40
DA:369,86
DA:370,53
DA:371,29
DA:372,9
DA:376,61
DA:377,87
DA:378,71
DA:379,34
DA:380,88
DA:381,9
DA:383,28
DA:384,179
DA:385,8
DA:386,42
DA:387,46
DA:388,70
DA:389,65
DA:390,7
DA:391,16
DA:392,112
DA:393,6
DA:394,9
DA:396,75
DA:399,27
DA:400,77
DA:401,94
DA:402,9
DA:403,73
DA:406,31
DA:407,91
DA:408,27
DA:409,9
DA:410,120
DA:411,158
DA:412,58
DA:413,87
DA:414,9
DA:415,28
DA:416,88
DA:417,84
DA:418,64
DA:419,60
DA:420,70
DA:421,15
DA:424,14
DA:425,14
DA:426,11
DA:427,10
DA:428,53
DA:429,100
DA:430,54
DA:431,46
DA:432,44
DA:433,64
DA:434,9
DA:435,98
DA:436,54
DA:437,46
DA:438,50
DA:439,44
DA:440,58
DA:441,64
DA:442,17
DA:445,43
DA:446,187
DA:447,17
DA:448,9
DA:449,82
DA:450,16
DA:451,110
DA:452,6
DA:453,9
DA:455,162
DA:456,95
DA:457,91
DA:458,32
DA:459,62
DA:460,16
DA:461,175
DA:462,6
DA:463,9
DA:464,93
DA:465,32
DA:466,352
DA:467,7
DA:468,9
DA:470,24
DA:471,278
DA:472,12
DA:473,70
DA:476,26
DA:477,24
DA:478,184
DA:479,12
DA:480,70
DA:481,174
DA:482,72
DA:483,46
DA:484,36
DA:485,84
DA:486,84
DA:487,20
DA:490,25
DA:491,200
DA:492,70
DA:493,150
DA:494,72
DA:495,46
DA:496,84
DA:497,142
DA:498,15
DA:501,46
DA:502,66
DA:503,0
DA:504,44
DA:508,52
DA:509,76
DA:510,0
DA:511,0
DA:512,0
DA:513,0
DA:514,0
DA:515,0
DA:516,44
DA:519,29
DA:520,80
DA:521,14
DA:522,9
DA:523,166
DA:524,36
DA:525,82
DA:526,155
DA:529,27
DA:530,82
DA:531,92
DA:532,9
DA:533,162
DA:534,198
DA:536,28
DA:537,62
DA:538,74
DA:539,94
DA:540,15
DA:543,23
DA:544,72
DA:545,80
DA:548,35
DA:549,71
DA:550,72
DA:551,52
DA:552,14
DA:555,35
DA:556,0
DA:557,0
DA:558,0
DA:559,7
DA:560,18
DA:563,34
DA:564,77
DA:565,17
DA:566,9
DA:567,113
DA:568,97
DA:569,24
DA:570,240
DA:571,20
DA:572,19
DA:573,7
DA:574,13
DA:575,110
DA:576,7
DA:577,18
DA:580,35
DA:581,70
DA:582,30
DA:583,11
DA:584,9
DA:585,76
DA:586,58
DA:587,22
DA:588,49
DA:589,14
DA:590,81
DA:591,62
DA:592,24
DA:596,29
DA:597,146
DA:598,26
DA:599,262
DA:600,12
DA:601,65
DA:602,100
DA:603,145
DA:604,30
DA:605,13
DA:606,8
DA:607,98
DA:608,109
DA:609,18
DA:610,30
DA:611,13
DA:612,109
DA:613,30
DA:614,13
DA:615,72
DA:616,24
DA:617,402
DA:618,16
DA:619,76
DA:620,46
DA:621,72
DA:622,48
DA:623,60
DA:624,54
DA:625,64
DA:626,56
DA:627,50
DA:628,74
DA:629,18
DA:630,95
DA:631,66
DA:632,9
DA:633,10
DA:636,36
DA:637,98
DA:638,182
DA:639,84
DA:640,56
DA:643,47
DA:644,144
DA:645,132
DA:646,157
DA:649,32
DA:650,144
DA:651,83
DA:652,136
DA:653,111
DA:654,74
DA:655,36
DA:656,13
DA:657,13
DA:658,86
DA:659,126
DA:660,9
DA:662,152
DA:663,93
DA:664,38
DA:665,66
DA:666,111
DA:667,83
DA:668,48
DA:669,68
DA:670,13
DA:671,13
DA:672,64
DA:673,13
DA:674,13
DA:675,76
DA:676,9
DA:679,38
DA:680,14
DA:681,72
DA:682,150
DA:683,195
DA:687,37
DA:688,70
DA:689,191
DA:690,56
DA:691,159
DA:692,8
DA:693,34
DA:694,50
DA:695,58
DA:696,58
DA:697,51
DA:698,7
DA:699,16
DA:700,9
DA:701,102
DA:702,28
DA:703,144
DA:704,40
DA:705,52
DA:706,22
DA:707,48
DA:708,46
DA:709,50
DA:710,36
DA:711,68
DA:712,46
DA:713,68
DA:714,141
DA:715,9
DA:718,30
DA:719,66
DA:720,16
DA:721,9
DA:722,97
DA:723,71
DA:724,9
DA:725,97
DA:726,64
DA:727,5
DA:728,23
DA:731,43
DA:732,101
DA:733,52
DA:734,9
DA:736,2
DA:738,48
DA:739,54
DA:740,60
DA:741,114
DA:742,158
DA:743,14
DA:744,5
DA:745,112
DA:746,51
DA:747,25
DA:748,5
DA:749,24
DA:750,14
DA:751,22
DA:752,87
DA:753,46
DA:754,66
DA:755,84
DA:756,98
DA:757,22
DA:758,74
DA:759,5
DA:762,56
DA:763,42
DA:764,98
DA:765,140
DA:766,43
DA:769,62
DA:770,52
DA:771,48
DA:772,48
DA:773,45
DA:776,53
DA:777,24
DA:778,58
DA:779,127
DA:780,84
DA:781,62
DA:782,72
DA:783,9
DA:784,5
DA:787,41
DA:788,24
DA:789,86
DA:790,86
DA:791,114
DA:792,114
DA:793,86
DA:794,96
DA:795,5
DA:798,70
DA:799,121
DA:800,47
DA:801,117
DA:802,113
DA:803,5
DA:804,89
DA:805,107
DA:806,3
DA:807,15
DA:810,55
DA:811,117
DA:812,123
DA:813,3
DA:814,44
DA:815,53
DA:816,3
DA:817,14
DA:820,65
DA:821,117
DA:822,121
DA:823,3
DA:824,44
DA:825,52
DA:826,3
DA:827,14
DA:830,75
DA:831,104
DA:832,163
DA:835,74
DA:836,104
DA:837,161
DA:840,0
DA:841,0
DA:842,59
DA:845,0
DA:846,0
DA:847,58
DA:850,68
DA:851,81
DA:854,0
DA:855,0
DA:856,0
DA:857,0
DA:858,0
DA:859,0
DA:860,0
DA:861,31
LF:616
LH:595
end_of_record
TN:
SF:src/adapters/hyperliquid/HyperliquidMarketFeed.ts
FNF:24
FNH:19
DA:9,110
DA:10,93
DA:12,27
DA:13,18
DA:14,18
DA:15,18
DA:16,18
DA:17,6
DA:18,80
DA:19,50
DA:20,33
DA:21,5
DA:22,123
DA:25,96
DA:26,50
DA:27,14
DA:28,5
DA:29,137
DA:37,1
DA:39,13
DA:40,54
DA:41,54
DA:42,71
DA:47,10
DA:49,23
DA:50,184
DA:51,66
DA:52,48
DA:53,72
DA:54,194
DA:57,26
DA:58,190
DA:59,71
DA:60,72
DA:61,52
DA:62,9
DA:63,58
DA:64,58
DA:65,52
DA:66,52
DA:67,200
DA:70,27
DA:71,62
DA:72,33
DA:73,9
DA:74,62
DA:75,69
DA:76,9
DA:77,48
DA:80,0
DA:81,0
DA:82,0
DA:83,44
DA:87,28
DA:88,83
DA:89,0
DA:90,0
DA:91,0
DA:92,9
DA:93,17
DA:94,80
DA:95,24
DA:96,262
DA:97,17
DA:100,34
DA:101,0
DA:102,20
DA:103,12
DA:105,0
DA:106,0
DA:107,0
DA:108,0
DA:109,0
DA:110,0
DA:111,0
DA:112,0
DA:113,0
DA:114,0
DA:115,0
DA:116,0
DA:117,0
DA:118,6
DA:119,12
DA:120,24
DA:121,204
DA:122,13
DA:125,0
DA:126,0
DA:127,0
DA:128,0
DA:129,0
DA:130,0
DA:131,0
DA:132,0
DA:133,0
DA:134,0
DA:135,0
DA:136,0
DA:137,0
DA:138,0
DA:139,0
DA:140,0
DA:141,0
DA:142,0
DA:143,0
DA:144,0
DA:145,39
DA:148,31
DA:149,118
DA:150,92
DA:151,58
DA:152,54
DA:153,14
DA:155,66
DA:156,66
DA:157,58
DA:158,70
DA:159,9
DA:161,115
DA:162,77
DA:163,57
DA:164,45
DA:165,13
DA:166,55
DA:167,31
DA:168,13
DA:169,80
DA:171,46
DA:172,66
DA:173,58
DA:174,58
DA:175,188
DA:176,162
DA:177,54
DA:178,62
DA:179,68
DA:180,56
DA:181,158
DA:182,162
DA:183,48
DA:184,30
DA:185,12
DA:186,24
DA:187,452
DA:188,12
DA:189,70
DA:192,32
DA:193,72
DA:194,16
DA:195,9
DA:196,22
DA:197,172
DA:198,144
DA:199,26
DA:200,35
DA:204,39
DA:205,84
DA:206,28
DA:207,8
DA:209,2
LF:160
LH:120
end_of_record
TN:
SF:src/adapters/hyperliquid/HyperliquidOhlcvFetcher.ts
FNF:2
FNH:0
DA:5,0
DA:6,0
DA:7,0
DA:8,0
DA:9,0
DA:10,0
DA:11,0
DA:12,0
DA:13,0
DA:14,0
DA:15,0
DA:16,0
DA:17,0
DA:18,0
DA:19,0
DA:20,0
DA:21,0
DA:22,0
DA:23,0
DA:24,9
DA:26,1
LF:21
LH:2
end_of_record
TN:
SF:src/adapters/hyperliquid/HyperliquidOrderGateway.ts
FNF:11
FNH:0
DA:1,82
DA:12,110
DA:13,139
DA:19,1
DA:21,0
DA:22,0
DA:23,0
DA:24,0
DA:25,0
DA:26,0
DA:27,0
DA:28,0
DA:29,0
DA:30,0
DA:31,0
DA:32,0
DA:33,0
DA:34,0
DA:35,0
DA:36,0
DA:37,0
DA:38,0
DA:39,0
DA:40,0
DA:41,0
DA:42,0
DA:43,0
DA:44,0
DA:45,0
DA:46,0
DA:47,0
DA:48,0
DA:49,0
DA:50,0
DA:51,0
DA:52,0
DA:53,0
DA:54,0
DA:55,0
DA:56,0
DA:57,0
DA:58,0
DA:59,0
DA:60,0
DA:61,0
DA:62,0
DA:63,0
DA:64,0
DA:65,0
DA:66,0
DA:67,0
DA:68,0
DA:69,0
DA:70,0
DA:71,0
DA:72,0
DA:73,0
DA:74,0
DA:75,47
DA:78,0
DA:79,0
DA:80,0
DA:81,0
DA:82,0
DA:83,0
DA:84,0
DA:85,0
DA:86,0
DA:87,0
DA:88,0
DA:89,0
DA:90,0
DA:91,0
DA:92,0
DA:93,0
DA:94,0
DA:95,0
DA:96,0
DA:97,0
DA:98,68
DA:101,0
DA:102,0
DA:103,0
DA:104,0
DA:105,0
DA:106,0
DA:107,0
DA:108,0
DA:109,0
DA:110,0
DA:111,0
DA:112,0
DA:113,0
DA:114,0
DA:115,0
DA:116,0
DA:117,0
DA:118,0
DA:119,0
DA:120,0
DA:121,0
DA:122,0
DA:123,0
DA:124,0
DA:125,0
DA:126,0
DA:127,0
DA:128,0
DA:129,0
DA:130,0
DA:131,0
DA:132,0
DA:133,0
DA:134,0
DA:135,0
DA:136,0
DA:137,0
DA:138,0
DA:139,0
DA:140,0
DA:141,0
DA:142,0
DA:143,0
DA:144,0
DA:145,0
DA:146,0
DA:147,0
DA:148,13
DA:152,0
DA:153,0
DA:154,0
DA:155,0
DA:156,0
DA:157,0
DA:158,0
DA:159,0
DA:160,0
DA:161,0
DA:162,0
DA:163,0
DA:164,0
DA:165,0
DA:166,0
DA:167,0
DA:168,0
DA:169,0
DA:170,0
DA:171,0
DA:172,0
DA:173,0
DA:174,0
DA:175,0
DA:176,0
DA:177,0
DA:178,0
DA:179,0
DA:180,0
DA:181,96
DA:183,2
LF:159
LH:9
end_of_record
TN:
SF:src/adapters/paper/HistoricalMarketFeed.ts
FNF:8
FNH:2
DA:7,93
DA:16,1
DA:18,13
DA:19,120
DA:20,72
DA:21,0
DA:22,0
DA:23,0
DA:24,0
DA:25,0
DA:26,0
DA:27,0
DA:28,0
DA:29,0
DA:30,0
DA:31,0
DA:32,0
DA:33,0
DA:34,0
DA:35,0
DA:36,0
DA:37,0
DA:38,0
DA:39,0
DA:40,0
DA:41,0
DA:42,0
DA:43,0
DA:44,0
DA:45,0
DA:46,0
DA:47,0
DA:48,0
DA:49,0
DA:50,0
DA:51,0
DA:52,0
DA:53,0
DA:54,0
DA:55,0
DA:56,0
DA:57,0
DA:58,0
DA:59,0
DA:60,0
DA:61,0
DA:62,0
DA:63,0
DA:64,0
DA:65,0
DA:66,0
DA:67,0
DA:68,0
DA:69,0
DA:70,0
DA:71,0
DA:72,0
DA:73,0
DA:74,0
DA:75,0
DA:76,0
DA:77,0
DA:78,0
DA:79,0
DA:80,0
DA:81,0
DA:82,0
DA:83,8
DA:86,41
DA:87,66
DA:88,0
DA:89,0
DA:90,0
DA:91,0
DA:92,0
DA:93,0
DA:94,0
DA:95,0
DA:96,0
DA:97,0
DA:98,0
DA:99,0
DA:100,0
DA:101,0
DA:102,0
DA:103,0
DA:104,0
DA:105,18
DA:108,0
DA:109,0
DA:110,0
DA:111,0
DA:112,0
DA:113,7
DA:115,2
LF:95
LH:11
end_of_record
TN:
SF:src/adapters/paper/PaperOrderGateway.ts
FNF:17
FNH:13
DA:1,82
DA:12,139
DA:23,1
DA:25,13
DA:26,24
DA:27,114
DA:28,10
DA:29,121
DA:30,74
DA:31,73
DA:32,17
DA:35,31
DA:36,102
DA:37,127
DA:38,24
DA:39,422
DA:40,12
DA:41,72
DA:42,46
DA:43,48
DA:44,54
DA:45,46
DA:46,32
DA:47,50
DA:48,42
DA:49,70
DA:50,68
DA:51,14
DA:52,44
DA:53,18
DA:54,42
DA:55,42
DA:56,48
DA:57,12
DA:59,72
DA:60,43
DA:61,68
DA:62,45
DA:63,16
DA:64,36
DA:65,40
DA:66,27
DA:67,28
DA:68,22
DA:69,31
DA:70,27
DA:71,20
DA:72,29
DA:73,25
DA:74,39
DA:75,41
DA:76,27
DA:77,11
DA:78,12
DA:79,84
DA:80,15
DA:82,18
DA:83,9
DA:85,72
DA:86,72
DA:87,40
DA:88,48
DA:89,36
DA:90,54
DA:91,46
DA:92,32
DA:93,50
DA:94,42
DA:95,70
DA:96,74
DA:97,36
DA:98,14
DA:99,26
DA:100,166
DA:101,12
DA:102,81
DA:103,94
DA:104,9
DA:105,0
DA:106,0
DA:107,0
DA:108,0
DA:109,0
DA:110,0
DA:111,0
DA:112,0
DA:113,0
DA:114,0
DA:115,0
DA:116,14
DA:119,25
DA:120,56
DA:121,144
DA:122,72
DA:123,46
DA:124,80
DA:125,15
DA:128,0
DA:129,0
DA:130,0
DA:131,44
DA:135,52
DA:136,76
DA:137,0
DA:138,49
DA:142,0
DA:143,0
DA:144,62
DA:147,48
DA:148,105
DA:149,132
DA:150,49
DA:151,26
DA:152,260
DA:153,20
DA:154,86
DA:155,9
DA:156,9
DA:159,56
DA:160,146
DA:161,40
DA:162,79
DA:163,29
DA:164,13
DA:165,122
DA:166,18
DA:167,13
DA:168,123
DA:169,5
DA:171,38
DA:172,16
DA:173,5
DA:174,66
DA:175,16
DA:176,5
DA:177,71
DA:180,55
DA:181,74
DA:182,56
DA:183,36
DA:184,150
DA:185,113
DA:186,150
DA:187,164
DA:188,40
DA:189,38
DA:190,42
DA:191,70
DA:192,62
DA:193,46
DA:194,58
DA:195,100
DA:196,36
DA:197,70
DA:198,48
DA:199,84
DA:200,58
DA:201,56
DA:202,12
DA:203,24
DA:204,332
DA:205,12
DA:206,72
DA:207,42
DA:208,60
DA:209,48
DA:210,70
DA:211,62
DA:212,133
DA:213,46
DA:214,58
DA:215,86
DA:216,90
DA:217,40
DA:218,14
DA:219,84
DA:220,25
DA:221,15
DA:224,43
DA:225,101
DA:226,52
DA:227,9
DA:229,2
LF:183
LH:166
end_of_record
TN:
SF:src/application/Bot.ts
FNF:83
FNH:74
DA:1,76
DA:3,128
DA:6,104
DA:7,134
DA:8,129
DA:52,1
DA:54,13
DA:55,78
DA:56,90
DA:57,102
DA:58,90
DA:59,72
DA:60,149
DA:61,10
DA:63,55
DA:64,132
DA:65,50
DA:66,148
DA:67,34
DA:68,54
DA:69,24
DA:70,216
DA:71,12
DA:73,22
DA:74,88
DA:75,77
DA:76,82
DA:77,138
DA:78,12
DA:79,38
DA:80,66
DA:81,12
DA:82,81
DA:83,8
DA:84,31
DA:85,46
DA:86,214
DA:88,14
DA:89,56
DA:90,96
DA:91,88
DA:94,108
DA:95,44
DA:96,13
DA:97,54
DA:98,24
DA:99,154
DA:100,20
DA:103,69
DA:104,33
DA:105,9
DA:106,89
DA:107,53
DA:108,10
DA:111,29
DA:112,48
DA:113,50
DA:114,62
DA:115,80
DA:116,86
DA:117,68
DA:118,80
DA:119,66
DA:122,60
DA:123,58
DA:126,67
DA:127,61
DA:128,29
DA:129,9
DA:130,60
DA:131,50
DA:132,146
DA:133,29
DA:136,43
DA:137,65
DA:138,33
DA:139,9
DA:141,85
DA:142,113
DA:145,46
DA:146,30
DA:147,20
DA:148,9
DA:150,152
DA:151,147
DA:154,25
DA:155,45
DA:158,32
DA:159,62
DA:162,35
DA:163,72
DA:164,126
DA:165,68
DA:166,108
DA:167,48
DA:168,93
DA:169,125
DA:170,6
DA:171,99
DA:172,24
DA:173,276
DA:174,16
DA:175,78
DA:176,90
DA:177,99
DA:178,126
DA:179,15
DA:180,13
DA:181,2
DA:182,12
DA:183,129
DA:184,48
DA:185,117
DA:186,82
DA:187,96
DA:188,17
DA:189,2
DA:190,12
DA:191,9
DA:192,154
DA:193,132
DA:194,134
DA:197,32
DA:198,107
DA:199,17
DA:200,9
DA:202,124
DA:203,76
DA:204,18
DA:205,13
DA:206,24
DA:207,166
DA:208,16
DA:209,80
DA:210,16
DA:211,64
DA:212,42
DA:213,14
DA:214,18
DA:217,55
DA:218,103
DA:219,152
DA:220,17
DA:221,9
DA:223,36
DA:225,63
DA:226,58
DA:227,112
DA:228,38
DA:230,201
DA:231,24
DA:232,13
DA:234,84
DA:235,15
DA:238,37
DA:239,22
DA:240,70
DA:241,42
DA:242,85
DA:243,29
DA:244,13
DA:245,24
DA:246,176
DA:247,16
DA:248,80
DA:249,16
DA:250,48
DA:251,46
DA:252,18
DA:253,20
DA:254,2
DA:255,16
DA:256,52
DA:260,31
DA:261,130
DA:262,96
DA:263,166
DA:265,85
DA:266,80
DA:267,18
DA:268,56
DA:269,76
DA:270,76
DA:271,16
DA:272,174
DA:273,82
DA:274,31
DA:275,9
DA:276,83
DA:277,80
DA:278,16
DA:279,54
DA:280,68
DA:281,76
DA:282,16
DA:283,120
DA:284,27
DA:285,95
DA:288,66
DA:289,70
DA:290,170
DA:291,107
DA:292,98
DA:293,52
DA:294,9
DA:295,83
DA:298,33
DA:299,105
DA:300,17
DA:301,9
DA:302,58
DA:303,134
DA:304,180
DA:305,11
DA:306,9
DA:308,76
DA:309,22
DA:310,128
DA:311,133
DA:312,80
DA:313,16
DA:314,54
DA:315,120
DA:316,22
DA:317,86
DA:318,82
DA:319,66
DA:320,2
DA:321,16
DA:322,11
DA:323,21
DA:324,95
DA:325,40
DA:326,8
DA:327,24
DA:328,21
DA:329,16
DA:333,41
DA:334,112
DA:337,41
DA:338,99
DA:339,39
DA:340,5
DA:342,44
DA:343,22
DA:344,5
DA:346,92
DA:347,21
DA:350,64
DA:351,109
DA:352,29
DA:353,9
DA:355,162
DA:356,34
DA:359,23
DA:360,54
DA:361,50
DA:362,114
DA:363,102
DA:364,48
DA:365,24
DA:366,0
DA:367,0
DA:368,78
DA:369,1
DA:370,12
DA:371,104
DA:372,95
DA:373,135
DA:374,66
DA:375,26
DA:376,164
DA:377,17
DA:378,16
DA:379,112
DA:380,9
DA:381,78
DA:382,125
DA:383,36
DA:384,9
DA:385,66
DA:386,80
DA:387,89
DA:388,180
DA:389,27
DA:390,26
DA:391,190
DA:392,21
DA:394,58
DA:397,44
DA:398,178
DA:401,27
DA:402,12
DA:403,27
DA:404,10
DA:405,85
DA:406,17
DA:407,9
DA:409,66
DA:410,118
DA:411,22
DA:412,84
DA:413,88
DA:414,94
DA:415,24
DA:416,164
DA:417,16
DA:418,80
DA:419,16
DA:420,52
DA:421,110
DA:422,80
DA:423,14
DA:424,21
DA:425,47
DA:426,13
DA:427,97
DA:428,8
DA:429,40
DA:430,9
DA:431,26
DA:432,62
DA:433,71
DA:434,21
DA:438,42
DA:439,128
DA:440,24
DA:441,190
DA:442,16
DA:443,80
DA:444,16
DA:445,58
DA:446,46
DA:447,18
DA:448,22
DA:449,2
DA:450,14
DA:451,18
DA:454,43
DA:455,110
DA:456,0
DA:457,0
DA:458,0
DA:459,0
DA:460,0
DA:461,0
DA:462,0
DA:463,0
DA:464,0
DA:465,0
DA:466,0
DA:467,0
DA:468,7
DA:469,13
DA:472,40
DA:473,115
DA:476,31
DA:477,82
DA:478,82
DA:479,84
DA:480,132
DA:481,14
DA:483,69
DA:484,17
DA:485,9
DA:487,106
DA:488,180
DA:489,80
DA:490,16
DA:491,58
DA:492,102
DA:493,26
DA:494,12
DA:495,0
DA:496,0
DA:497,0
DA:498,7
DA:499,12
DA:500,89
DA:501,80
DA:502,10
DA:505,39
DA:506,168
DA:509,46
DA:510,65
DA:511,78
DA:512,17
DA:513,9
DA:514,46
DA:515,11
DA:516,9
DA:518,75
DA:519,54
DA:520,59
DA:521,38
DA:522,15
DA:523,17
DA:524,48
DA:525,56
DA:526,104
DA:527,47
DA:529,112
DA:530,123
DA:531,12
DA:533,2
DA:535,75
DA:536,64
DA:537,10
DA:538,16
DA:539,90
DA:540,18
DA:541,5
DA:542,55
DA:543,4
DA:544,63
DA:547,52
DA:548,56
DA:549,42
DA:550,10
DA:551,93
DA:552,35
DA:553,4
DA:554,10
DA:555,53
DA:556,26
DA:557,4
DA:558,50
DA:559,50
DA:562,47
DA:563,46
DA:564,10
DA:565,101
DA:566,43
DA:567,4
DA:568,79
DA:571,28
DA:572,12
DA:573,20
DA:574,6
DA:575,46
DA:576,10
DA:577,101
DA:578,0
DA:579,0
DA:580,0
DA:581,2
DA:582,4
DA:583,57
DA:584,86
DA:585,94
DA:586,5
LF:451
LH:431
end_of_record
TN:
SF:src/application/di.ts
FNF:34
FNH:28
DA:1,64
DA:2,82
DA:3,70
DA:5,136
DA:6,144
DA:7,144
DA:8,178
DA:9,186
DA:10,186
DA:11,162
DA:12,150
DA:13,160
DA:14,128
DA:20,132
DA:21,160
DA:22,186
DA:23,158
DA:24,220
DA:25,228
DA:26,122
DA:27,150
DA:28,216
DA:29,208
DA:30,172
DA:31,156
DA:32,188
DA:33,62
DA:34,158
DA:35,156
DA:39,134
DA:40,126
DA:41,140
DA:42,144
DA:43,172
DA:44,148
DA:45,132
DA:46,168
DA:47,144
DA:48,140
DA:49,156
DA:50,176
DA:64,95
DA:66,25
DA:67,102
DA:68,124
DA:69,162
DA:70,96
DA:71,76
DA:72,50
DA:73,36
DA:74,120
DA:75,14
DA:76,104
DA:77,186
DA:78,190
DA:80,30
DA:81,14
DA:82,76
DA:83,12
DA:84,40
DA:85,20
DA:86,48
DA:87,34
DA:88,18
DA:89,142
DA:90,136
DA:91,6
DA:92,18
DA:93,80
DA:94,70
DA:95,16
DA:96,124
DA:97,100
DA:98,18
DA:99,40
DA:100,80
DA:101,16
DA:102,146
DA:103,160
DA:104,88
DA:105,108
DA:106,26
DA:107,16
DA:108,88
DA:109,18
DA:110,40
DA:111,12
DA:112,66
DA:113,40
DA:114,18
DA:115,120
DA:116,116
DA:117,136
DA:118,118
DA:119,2
DA:120,16
DA:121,80
DA:122,18
DA:123,40
DA:124,12
DA:125,36
DA:126,10
DA:127,6
DA:128,12
DA:129,18
DA:130,56
DA:131,18
DA:132,130
DA:133,9
DA:136,32
DA:137,146
DA:138,46
DA:139,24
DA:140,48
DA:141,72
DA:142,78
DA:143,6
DA:144,50
DA:145,14
DA:146,122
DA:147,122
DA:148,114
DA:149,128
DA:150,116
DA:151,148
DA:152,148
DA:153,164
DA:154,164
DA:155,64
DA:156,144
DA:157,64
DA:158,84
DA:159,2
DA:160,9
DA:163,34
DA:164,164
DA:165,46
DA:166,0
DA:167,0
DA:168,0
DA:169,0
DA:170,0
DA:171,7
DA:172,4
DA:173,91
DA:174,110
DA:175,142
DA:176,32
DA:177,124
DA:178,52
DA:179,100
DA:180,8
DA:181,4
DA:182,31
DA:185,22
DA:186,24
DA:187,16
DA:188,10
DA:189,54
DA:190,24
DA:191,14
DA:192,58
DA:193,62
DA:194,102
DA:195,66
DA:196,150
DA:197,94
DA:198,40
DA:199,6
DA:200,12
DA:201,9
DA:204,34
DA:205,62
DA:206,10
DA:207,23
DA:208,141
DA:209,4
DA:210,73
DA:213,61
DA:214,52
DA:215,144
DA:216,0
DA:217,56
DA:218,4
DA:219,31
DA:222,0
DA:223,0
DA:224,0
DA:225,0
DA:226,0
DA:227,0
DA:228,0
DA:229,0
DA:230,0
DA:231,0
DA:232,0
DA:233,0
DA:234,0
DA:235,0
DA:236,0
DA:237,0
DA:238,0
DA:239,0
DA:240,0
DA:241,0
DA:242,0
DA:243,0
DA:244,0
DA:245,0
DA:246,0
DA:247,0
DA:248,0
DA:249,0
DA:250,0
DA:251,0
DA:252,0
DA:253,0
DA:254,0
DA:255,0
DA:256,0
DA:257,0
DA:258,0
DA:259,0
DA:260,0
DA:261,0
DA:262,0
DA:263,0
DA:264,0
DA:265,0
DA:266,0
DA:267,0
DA:268,0
DA:269,0
DA:270,8
DA:273,65
DA:274,62
DA:275,64
DA:276,74
DA:277,9
DA:279,56
DA:280,80
DA:281,74
DA:282,56
DA:283,48
DA:284,68
DA:285,58
DA:286,14
DA:287,92
DA:289,38
DA:290,59
DA:291,188
DA:292,78
DA:293,90
DA:294,94
DA:295,80
DA:296,18
DA:297,32
DA:298,26
DA:299,152
DA:300,8
DA:301,4
DA:302,53
DA:303,98
DA:304,60
DA:305,60
DA:306,36
DA:307,134
DA:308,82
DA:309,18
DA:311,38
DA:312,59
DA:313,26
DA:314,152
DA:315,7
DA:316,55
DA:317,93
DA:318,163
DA:319,17
DA:321,36
DA:322,30
DA:323,102
DA:324,68
DA:325,44
DA:326,84
DA:327,66
DA:328,82
DA:329,20
DA:330,10
DA:331,4
DA:332,30
DA:333,9
DA:336,0
DA:337,0
DA:338,0
DA:339,0
DA:340,23
DA:343,38
DA:344,46
DA:345,102
DA:346,56
DA:347,9
DA:348,34
DA:350,2
DA:352,62
DA:353,42
DA:354,76
DA:355,88
DA:356,10
DA:357,133
DA:358,33
DA:359,4
DA:360,47
DA:363,53
DA:368,6
DA:369,42
DA:370,99
DA:371,42
DA:372,46
DA:373,56
DA:374,54
DA:375,7
DA:376,43
DA:379,44
DA:380,42
DA:381,89
DA:382,22
DA:383,40
DA:384,36
DA:385,64
DA:386,183
DA:387,10
DA:388,6
DA:389,7
DA:390,0
DA:391,0
DA:392,0
DA:393,0
DA:394,0
DA:395,0
DA:396,0
DA:397,0
DA:398,0
DA:399,6
DA:400,27
LF:344
LH:277
end_of_record
TN:
SF:src/application/errors/ApplicationError.ts
FNF:6
FNH:4
DA:5,1
DA:7,13
DA:8,18
DA:9,28
DA:10,10
DA:11,171
DA:12,64
DA:13,96
DA:16,0
DA:17,53
DA:20,0
DA:21,42
DA:23,2
DA:25,60
DA:26,84
DA:29,64
DA:30,92
DA:31,96
DA:32,24
DA:33,55
DA:34,93
DA:35,37
LF:22
LH:20
end_of_record
TN:
SF:src/application/factories/QuoteModelFactory.ts
FNF:1
FNH:1
DA:2,100
DA:7,27
DA:8,42
DA:9,44
DA:10,61
DA:11,2
DA:12,63
LF:7
LH:7
end_of_record
TN:
SF:src/application/factories/StrategyFactory.ts
FNF:1
FNH:1
DA:2,78
DA:14,16
DA:15,53
DA:16,48
DA:17,2
LF:5
LH:5
end_of_record
TN:
SF:src/application/services/ManagedOrderReconciler.ts
FNF:35
FNH:33
DA:4,110
DA:5,94
DA:6,108
DA:13,184
DA:48,124
DA:49,13
DA:50,18
DA:51,75
DA:52,10
DA:53,38
DA:54,115
DA:56,2
DA:58,50
DA:59,64
DA:60,68
DA:61,44
DA:62,72
DA:63,32
DA:64,3
DA:71,1
DA:73,13
DA:74,102
DA:75,28
DA:76,10
DA:77,106
DA:80,21
DA:81,78
DA:82,28
DA:83,106
DA:84,84
DA:85,110
DA:86,96
DA:87,108
DA:88,108
DA:89,152
DA:90,9
DA:93,39
DA:94,42
DA:95,119
DA:96,93
DA:97,11
DA:98,52
DA:99,32
DA:100,3
DA:101,9
DA:104,37
DA:105,42
DA:106,61
DA:107,109
DA:108,11
DA:109,0
DA:110,0
DA:111,2
DA:112,14
DA:115,19
DA:116,27
DA:117,10
DA:118,148
DA:119,75
DA:120,74
DA:121,54
DA:122,126
DA:123,12
DA:124,9
DA:125,140
DA:126,58
DA:127,107
DA:128,69
DA:129,162
DA:130,9
DA:131,9
DA:133,56
DA:134,58
DA:135,83
DA:136,114
DA:137,155
DA:138,58
DA:139,52
DA:140,56
DA:141,64
DA:142,46
DA:143,22
DA:144,23
DA:145,13
DA:146,73
DA:147,166
DA:148,13
DA:149,105
DA:150,26
DA:151,354
DA:152,20
DA:153,23
DA:154,13
DA:155,62
DA:156,9
DA:158,74
DA:159,192
DA:160,28
DA:161,44
DA:162,118
DA:163,15
DA:166,44
DA:167,176
DA:168,80
DA:169,60
DA:170,68
DA:173,33
DA:174,90
DA:175,155
DA:176,86
DA:177,24
DA:178,466
DA:179,16
DA:180,18
DA:181,12
DA:182,65
DA:183,17
DA:184,9
DA:185,81
DA:186,86
DA:187,17
DA:188,9
DA:189,182
DA:190,165
DA:193,21
DA:194,10
DA:195,16
DA:196,15
DA:197,10
DA:198,22
DA:199,108
DA:200,72
DA:201,73
DA:202,42
DA:203,161
DA:207,23
DA:208,14
DA:209,15
DA:210,10
DA:211,22
DA:212,94
DA:213,113
DA:214,42
DA:215,187
DA:219,26
DA:220,10
DA:221,14
DA:222,16
DA:223,13
DA:224,10
DA:225,58
DA:226,78
DA:227,26
DA:228,298
DA:229,12
DA:230,0
DA:231,0
DA:232,0
DA:233,7
DA:234,12
DA:235,100
DA:236,222
DA:237,10
DA:238,10
DA:241,15
DA:242,20
DA:243,12
DA:244,10
DA:245,167
DA:246,27
DA:247,9
DA:248,102
DA:249,8
DA:250,76
DA:251,100
DA:252,104
DA:253,79
DA:254,7
DA:255,16
DA:256,9
DA:257,96
DA:258,72
DA:259,16
DA:260,9
DA:261,170
DA:262,133
DA:263,27
DA:264,9
DA:265,88
DA:266,46
DA:267,167
DA:268,138
DA:271,38
DA:272,115
DA:273,29
DA:274,9
DA:276,142
DA:277,160
DA:278,84
DA:279,107
DA:280,103
DA:281,76
DA:282,111
DA:283,82
DA:284,13
DA:285,9
DA:286,9
DA:288,64
DA:289,126
DA:290,12
DA:291,36
DA:292,38
DA:293,98
DA:294,156
DA:295,12
DA:296,72
DA:299,53
DA:300,174
DA:302,2
DA:304,54
DA:305,24
DA:306,40
DA:307,52
DA:308,54
DA:309,48
DA:310,50
DA:311,68
DA:312,72
DA:313,80
DA:314,145
DA:315,5
LF:231
LH:226
end_of_record
TN:
SF:src/application/services/MetricsRecorder.ts
FNF:97
FNH:86
DA:1,82
DA:2,76
DA:17,110
DA:18,94
DA:72,1
DA:74,51
DA:75,112
DA:76,120
DA:79,41
DA:80,91
DA:81,76
DA:82,17
DA:83,9
DA:84,68
DA:87,40
DA:88,42
DA:89,141
DA:90,102
DA:91,75
DA:92,56
DA:93,9
DA:94,9
DA:95,137
DA:96,98
DA:97,75
DA:98,56
DA:99,9
DA:100,9
DA:101,31
DA:104,28
DA:105,123
DA:108,0
DA:109,39
DA:112,31
DA:113,106
DA:116,50
DA:117,130
DA:118,74
DA:119,93
DA:122,47
DA:123,117
DA:124,56
DA:125,9
DA:126,115
DA:127,78
DA:128,17
DA:129,5
DA:130,38
DA:133,49
DA:134,125
DA:135,80
DA:136,26
DA:137,336
DA:138,16
DA:139,83
DA:140,64
DA:141,86
DA:142,19
DA:143,7
DA:144,65
DA:145,51
DA:146,38
DA:147,38
DA:148,7
DA:149,5
DA:150,9
DA:151,78
DA:154,32
DA:155,90
DA:156,67
DA:157,68
DA:158,9
DA:161,34
DA:162,123
DA:164,2
DA:173,64
DA:174,16
DA:175,38
DA:176,28
DA:177,40
DA:178,24
DA:179,34
DA:180,25
DA:182,13
DA:183,84
DA:184,102
DA:185,10
DA:186,92
DA:187,116
DA:188,96
DA:191,21
DA:192,66
DA:193,11
DA:194,9
DA:195,0
DA:196,31
DA:197,47
DA:200,25
DA:201,51
DA:202,17
DA:203,9
DA:204,86
DA:205,60
DA:208,28
DA:209,50
DA:210,22
DA:211,118
DA:212,80
DA:213,79
DA:214,30
DA:215,62
DA:216,25
DA:217,12
DA:218,103
DA:219,29
DA:220,22
DA:221,77
DA:223,13
DA:224,85
DA:225,14
DA:226,56
DA:227,81
DA:231,90
DA:232,42
DA:233,66
DA:234,149
DA:235,80
DA:236,31
DA:237,15
DA:238,13
DA:239,54
DA:240,9
DA:241,78
DA:242,27
DA:243,9
DA:244,66
DA:245,136
DA:246,40
DA:247,12
DA:248,146
DA:249,6
DA:250,10
DA:253,30
DA:254,167
DA:257,25
DA:258,73
DA:259,17
DA:260,9
DA:261,60
DA:262,59
DA:265,31
DA:266,100
DA:267,162
DA:268,143
DA:269,17
DA:270,5
DA:271,12
DA:272,153
DA:273,6
DA:274,0
DA:275,0
DA:276,0
DA:277,7
DA:278,8
DA:280,2
DA:282,78
DA:283,16
DA:284,50
DA:285,46
DA:286,50
DA:287,52
DA:288,86
DA:289,42
DA:290,24
DA:291,35
DA:293,13
DA:294,116
DA:295,92
DA:296,124
DA:297,10
DA:298,94
DA:299,116
DA:300,87
DA:301,19
DA:304,65
DA:305,76
DA:306,42
DA:307,60
DA:308,64
DA:309,88
DA:310,68
DA:311,92
DA:312,84
DA:313,68
DA:314,76
DA:315,32
DA:316,42
DA:317,14
DA:318,54
DA:319,56
DA:322,9
DA:323,44
DA:324,44
DA:325,23
DA:326,10
DA:327,51
DA:328,60
DA:329,9
DA:330,160
DA:333,46
DA:334,42
DA:335,11
DA:336,9
DA:337,98
DA:338,54
DA:341,53
DA:342,112
DA:343,66
DA:344,118
DA:345,48
DA:346,64
DA:347,60
DA:348,34
DA:349,64
DA:350,64
DA:351,70
DA:352,76
DA:353,72
DA:354,72
DA:355,74
DA:356,184
DA:357,76
DA:358,12
DA:359,120
DA:360,140
DA:361,12
DA:362,83
DA:363,72
DA:364,138
DA:365,52
DA:366,68
DA:367,64
DA:368,38
DA:369,84
DA:370,110
DA:371,118
DA:372,88
DA:373,16
DA:374,114
DA:375,158
DA:376,12
DA:377,14
DA:380,14
DA:381,20
DA:382,26
DA:383,14
DA:384,118
DA:385,10
DA:386,68
DA:387,146
DA:388,48
DA:389,64
DA:390,60
DA:391,74
DA:392,36
DA:393,80
DA:394,114
DA:395,36
DA:396,48
DA:397,70
DA:398,54
DA:399,46
DA:400,46
DA:401,62
DA:402,62
DA:403,58
DA:404,58
DA:405,118
DA:406,128
DA:407,128
DA:408,84
DA:409,10
DA:410,12
DA:411,110
DA:412,154
DA:413,12
DA:414,98
DA:415,48
DA:416,64
DA:417,30
DA:418,36
DA:419,24
DA:420,32
DA:421,21
DA:422,116
DA:423,118
DA:424,12
DA:425,14
DA:428,102
DA:429,94
DA:430,173
DA:431,54
DA:432,86
DA:433,24
DA:434,40
DA:435,16
DA:436,18
DA:437,20
DA:438,20
DA:439,6
DA:440,12
DA:441,118
DA:442,138
DA:443,12
DA:444,131
DA:445,98
DA:446,17
DA:447,9
DA:448,8
DA:449,52
DA:450,124
DA:451,130
DA:452,147
DA:453,7
DA:454,11
DA:455,9
DA:456,158
DA:457,118
DA:458,110
DA:459,12
DA:460,66
DA:463,17
DA:464,18
DA:465,60
DA:466,36
DA:467,10
DA:468,113
DA:469,75
DA:470,12
DA:471,101
DA:472,68
DA:473,28
DA:474,48
DA:475,64
DA:476,74
DA:477,94
DA:478,16
DA:479,122
DA:480,130
DA:481,16
DA:482,64
DA:483,136
DA:484,52
DA:485,68
DA:486,58
DA:487,50
DA:488,86
DA:489,82
DA:490,50
DA:491,58
DA:492,70
DA:493,64
DA:494,66
DA:495,78
DA:496,54
DA:497,74
DA:498,48
DA:499,94
DA:500,16
DA:501,122
DA:502,142
DA:503,16
DA:504,74
DA:505,9
DA:508,41
DA:509,120
DA:510,65
DA:511,17
DA:512,9
DA:513,99
DA:516,15
DA:517,18
DA:518,20
DA:519,10
DA:520,16
DA:521,20
DA:522,10
DA:523,40
DA:524,161
DA:525,80
DA:526,38
DA:527,163
DA:528,28
DA:529,98
DA:530,48
DA:531,64
DA:532,82
DA:533,164
DA:534,124
DA:535,16
DA:536,163
DA:537,52
DA:538,11
DA:539,21
DA:540,24
DA:541,56
DA:542,56
DA:543,55
DA:544,73
DA:545,18
DA:546,17
DA:547,100
DA:548,135
DA:549,52
DA:550,70
DA:551,70
DA:552,64
DA:553,9
DA:556,42
DA:557,82
DA:558,89
DA:559,112
DA:560,9
DA:561,8
DA:562,72
DA:563,72
DA:564,63
DA:565,14
DA:566,78
DA:567,17
DA:568,9
DA:569,82
DA:572,30
DA:573,194
DA:574,28
DA:575,84
DA:576,40
DA:577,78
DA:578,14
DA:581,35
DA:582,96
DA:583,82
DA:584,82
DA:585,160
DA:586,62
DA:587,42
DA:588,90
DA:589,12
DA:590,193
DA:591,50
DA:592,36
DA:593,48
DA:594,36
DA:595,57
DA:596,23
DA:597,121
DA:598,48
DA:599,52
DA:600,54
DA:601,66
DA:602,44
DA:603,48
DA:604,50
DA:605,40
DA:606,30
DA:607,94
DA:608,60
DA:609,104
DA:610,12
DA:611,108
DA:612,108
DA:613,17
DA:616,22
DA:617,14
DA:618,12
DA:619,18
DA:620,24
DA:621,10
DA:622,68
DA:623,42
DA:624,96
DA:625,48
DA:626,64
DA:627,68
DA:628,34
DA:629,24
DA:630,22
DA:631,28
DA:632,46
DA:633,12
DA:634,112
DA:635,118
DA:636,12
DA:639,39
DA:640,166
DA:641,127
DA:642,74
DA:643,88
DA:644,42
DA:646,161
DA:647,146
DA:648,120
DA:649,134
DA:650,176
DA:651,27
DA:652,156
DA:653,22
DA:654,37
DA:655,92
DA:656,57
DA:658,55
DA:659,56
DA:660,132
DA:661,74
DA:662,19
DA:665,54
DA:666,98
DA:667,77
DA:670,9
DA:671,12
DA:672,20
DA:673,10
DA:674,10
DA:675,0
DA:676,0
DA:677,0
DA:678,0
DA:679,0
DA:680,0
DA:681,0
DA:682,0
DA:683,0
DA:684,0
DA:685,0
DA:686,0
DA:687,0
DA:688,0
DA:689,0
DA:690,0
DA:691,0
DA:692,0
DA:693,0
DA:694,0
DA:695,0
DA:696,0
DA:697,0
DA:698,0
DA:699,0
DA:700,0
DA:701,0
DA:702,0
DA:703,0
DA:704,0
DA:705,0
DA:706,6
DA:708,2
DA:710,107
DA:712,44
DA:713,99
DA:716,45
DA:717,111
DA:720,55
DA:721,36
DA:722,11
DA:723,5
DA:724,75
DA:727,50
DA:728,87
DA:731,66
DA:732,61
DA:735,29
DA:736,14
DA:737,14
DA:738,16
DA:739,18
DA:740,20
DA:741,20
DA:742,24
DA:743,6
DA:744,170
DA:745,24
DA:746,126
DA:747,20
DA:748,20
DA:749,78
DA:750,54
DA:751,136
DA:752,120
DA:753,82
DA:754,94
DA:755,112
DA:756,98
DA:757,96
DA:758,124
DA:759,16
DA:760,165
DA:761,66
DA:762,30
DA:763,60
DA:764,5
DA:767,42
DA:774,6
DA:775,84
DA:776,14
DA:777,30
DA:778,54
DA:779,54
DA:780,70
DA:781,70
DA:782,78
DA:783,78
DA:784,110
DA:785,104
DA:786,6
DA:787,8
DA:788,90
DA:789,36
DA:790,46
DA:791,46
DA:792,68
DA:793,74
DA:794,74
DA:795,58
DA:796,62
DA:797,70
DA:798,78
DA:799,84
DA:800,80
DA:801,82
DA:802,44
DA:803,6
DA:804,142
DA:805,12
DA:806,22
DA:807,8
DA:808,75
DA:809,20
DA:810,22
DA:811,136
DA:812,36
DA:813,50
DA:814,102
DA:815,46
DA:816,60
DA:817,104
DA:818,177
DA:819,12
DA:820,20
DA:821,22
DA:822,138
DA:823,38
DA:824,50
DA:825,102
DA:826,46
DA:827,60
DA:828,104
DA:829,177
DA:830,6
DA:831,6
DA:834,51
DA:835,42
DA:836,65
DA:837,53
DA:838,49
DA:841,21
DA:842,18
DA:843,6
DA:844,118
DA:845,108
DA:846,94
DA:847,102
DA:848,102
DA:849,90
DA:850,73
DA:851,73
DA:852,67
DA:853,55
DA:856,30
DA:857,16
DA:858,6
DA:859,86
DA:860,50
DA:861,54
DA:862,60
DA:863,68
DA:864,10
DA:865,13
DA:866,22
DA:867,60
DA:868,50
DA:869,48
DA:870,66
DA:871,57
DA:872,5
DA:873,31
DA:874,4
DA:875,43
DA:878,72
DA:879,73
DA:880,53
DA:881,5
DA:882,159
DA:883,95
DA:884,3
DA:885,58
DA:888,51
DA:889,24
DA:890,68
DA:891,84
DA:892,92
DA:893,88
DA:894,96
DA:895,116
DA:896,124
DA:897,92
DA:898,96
DA:899,100
DA:900,76
DA:901,76
DA:902,68
DA:903,92
DA:904,28
DA:905,62
DA:906,62
DA:907,60
DA:908,64
DA:909,62
DA:910,5
LF:728
LH:692
end_of_record
TN:
SF:src/application/services/OrderIntentBuilder.ts
FNF:24
FNH:20
DA:1,74
DA:2,76
DA:6,138
DA:9,114
DA:10,124
DA:12,94
DA:13,86
DA:14,90
DA:15,90
DA:16,84
DA:17,96
DA:18,72
DA:19,66
DA:23,136
DA:24,113
DA:26,13
DA:27,18
DA:28,28
DA:29,10
DA:30,63
DA:32,1
DA:64,1
DA:66,51
DA:67,86
DA:70,31
DA:71,46
DA:72,46
DA:74,137
DA:75,60
DA:76,118
DA:77,58
DA:78,11
DA:79,92
DA:80,11
DA:81,2
DA:82,8
DA:83,13
DA:85,158
DA:86,67
DA:87,48
DA:88,28
DA:89,58
DA:90,72
DA:91,70
DA:92,22
DA:93,23
DA:94,13
DA:96,68
DA:97,48
DA:98,50
DA:99,38
DA:100,54
DA:101,54
DA:102,48
DA:103,50
DA:104,102
DA:105,122
DA:106,48
DA:107,80
DA:108,4
DA:109,16
DA:110,86
DA:111,24
DA:112,70
DA:113,36
DA:114,28
DA:115,54
DA:116,112
DA:117,86
DA:118,122
DA:119,86
DA:120,68
DA:121,72
DA:122,70
DA:123,102
DA:124,18
DA:125,48
DA:126,31
DA:127,13
DA:128,62
DA:129,9
DA:131,34
DA:132,76
DA:133,70
DA:134,11
DA:137,12
DA:138,10
DA:139,14
DA:140,20
DA:141,10
DA:142,40
DA:143,82
DA:144,42
DA:145,114
DA:146,24
DA:147,6
DA:148,174
DA:149,88
DA:150,10
DA:151,14
DA:152,36
DA:153,158
DA:154,5
DA:155,26
DA:156,4
DA:157,10
DA:158,14
DA:159,36
DA:160,156
DA:161,5
DA:162,24
DA:163,4
DA:164,46
DA:166,2
DA:168,32
DA:169,69
DA:172,41
DA:179,6
DA:180,144
DA:181,62
DA:182,62
DA:183,154
DA:184,156
DA:185,41
DA:186,130
DA:187,75
DA:188,67
DA:189,71
DA:190,44
DA:191,28
DA:192,184
DA:194,38
DA:195,49
DA:196,146
DA:197,110
DA:198,99
DA:199,61
DA:200,30
DA:201,4
DA:202,51
DA:203,146
DA:204,110
DA:205,97
DA:206,61
DA:207,30
DA:208,4
DA:209,28
DA:210,5
DA:213,70
DA:214,140
DA:215,148
DA:216,15
DA:217,5
DA:218,14
DA:219,84
DA:220,145
DA:224,0
DA:225,0
DA:226,0
DA:227,0
DA:228,0
DA:229,31
LF:162
LH:157
end_of_record
TN:
SF:src/application/services/OrderReconciler.ts
FNF:3
FNH:3
DA:21,1
DA:24,69
DA:25,55
DA:27,2
DA:29,148
DA:30,113
DA:32,37
DA:33,103
DA:35,2
DA:37,148
DA:38,115
DA:40,13
DA:41,83
DA:42,14
DA:43,10
DA:44,118
DA:46,1
LF:17
LH:17
end_of_record
TN:
SF:src/application/services/QuoteMetricsAdapter.ts
FNF:8
FNH:7
DA:10,24
DA:11,39
DA:12,24
DA:13,12
DA:14,37
DA:15,37
DA:16,31
DA:17,31
DA:18,30
DA:19,30
DA:20,46
DA:21,46
DA:22,11
DA:23,11
DA:24,31
DA:25,20
DA:26,1
DA:29,11
DA:30,31
DA:31,54
DA:32,30
DA:33,2
DA:35,25
DA:36,6
DA:37,19
DA:38,60
DA:39,60
DA:40,14
DA:41,12
DA:42,52
DA:43,41
DA:44,41
DA:45,30
DA:46,30
DA:47,35
DA:48,35
DA:49,65
DA:50,62
DA:51,1
DA:52,1
DA:55,9
DA:56,40
DA:59,21
DA:60,67
DA:61,0
DA:62,2
DA:63,58
LF:47
LH:46
end_of_record
TN:
SF:src/application/services/QuotingCycleService.ts
FNF:29
FNH:25
DA:1,82
DA:5,142
DA:11,164
DA:13,110
DA:14,94
DA:18,133
DA:33,1
DA:35,13
DA:36,90
DA:37,138
DA:38,78
DA:39,138
DA:40,120
DA:41,84
DA:42,72
DA:43,180
DA:44,161
DA:45,38
DA:46,46
DA:47,54
DA:48,6
DA:49,10
DA:51,23
DA:52,76
DA:53,108
DA:54,72
DA:55,66
DA:56,14
DA:57,76
DA:58,86
DA:59,74
DA:60,6
DA:61,118
DA:62,12
DA:63,78
DA:64,6
DA:65,122
DA:66,12
DA:67,88
DA:68,138
DA:69,120
DA:70,112
DA:71,60
DA:72,70
DA:73,86
DA:74,82
DA:75,14
DA:76,66
DA:77,31
DA:78,9
DA:79,26
DA:80,32
DA:81,9
DA:82,29
DA:83,1
DA:84,8
DA:85,11
DA:86,9
DA:88,90
DA:89,90
DA:90,30
DA:91,78
DA:92,44
DA:93,42
DA:94,14
DA:95,124
DA:97,41
DA:98,50
DA:99,96
DA:100,74
DA:101,84
DA:102,74
DA:103,46
DA:104,38
DA:105,72
DA:106,52
DA:107,50
DA:108,48
DA:109,50
DA:110,60
DA:111,64
DA:112,38
DA:113,34
DA:115,82
DA:116,82
DA:117,58
DA:118,36
DA:119,12
DA:120,25
DA:121,45
DA:122,0
DA:123,0
DA:124,0
DA:125,0
DA:126,21
DA:127,1
DA:128,10
DA:129,17
DA:130,62
DA:131,16
DA:132,42
DA:133,60
DA:134,22
DA:135,92
DA:136,2
DA:137,26
DA:139,6
DA:140,0
DA:141,91
DA:142,18
DA:145,35
DA:157,10
DA:158,24
DA:159,1052
DA:160,12
DA:161,202
DA:162,72
DA:163,78
DA:164,74
DA:165,78
DA:166,84
DA:167,14
DA:169,88
DA:170,64
DA:171,32
DA:172,38
DA:173,146
DA:174,36
DA:175,12
DA:176,120
DA:178,124
DA:179,98
DA:180,34
DA:181,141
DA:182,155
DA:183,11
DA:184,90
DA:186,88
DA:187,114
DA:188,50
DA:189,78
DA:190,64
DA:191,40
DA:192,34
DA:193,136
DA:194,10
DA:195,14
DA:196,120
DA:197,56
DA:198,31
DA:199,9
DA:200,29
DA:201,27
DA:202,17
DA:203,8
DA:204,11
DA:205,9
DA:207,110
DA:209,126
DA:210,80
DA:211,94
DA:212,84
DA:213,172
DA:214,43
DA:215,30
DA:216,70
DA:217,26
DA:218,62
DA:219,114
DA:220,106
DA:221,102
DA:222,108
DA:223,82
DA:224,86
DA:225,40
DA:226,40
DA:227,106
DA:228,114
DA:229,56
DA:230,6
DA:231,154
DA:232,16
DA:233,74
DA:234,32
DA:235,46
DA:236,49
DA:237,115
DA:238,14
DA:239,72
DA:240,6
DA:241,0
DA:242,89
DA:243,18
DA:246,22
DA:247,19
DA:248,10
DA:249,187
DA:250,23
DA:251,9
DA:252,22
DA:253,164
DA:254,64
DA:255,144
DA:256,107
DA:257,7
DA:258,84
DA:259,120
DA:260,12
DA:261,42
DA:262,24
DA:263,236
DA:264,16
DA:265,36
DA:269,26
DA:270,13
DA:271,10
DA:272,68
DA:273,113
DA:274,118
DA:275,114
DA:276,120
DA:277,9
DA:278,53
DA:281,58
DA:282,92
DA:283,77
DA:284,31
DA:285,13
DA:286,22
DA:287,39
DA:288,7
DA:289,6
DA:290,15
DA:293,38
DA:311,10
DA:312,62
DA:313,16
DA:314,50
DA:315,68
DA:316,14
DA:317,72
DA:318,82
DA:319,86
DA:320,82
DA:321,82
DA:322,74
DA:323,78
DA:324,106
DA:325,114
DA:326,98
DA:327,74
DA:328,66
DA:329,114
DA:330,94
DA:331,114
DA:332,78
DA:333,72
DA:334,2
DA:335,12
DA:336,94
DA:337,12
DA:338,142
DA:339,8
DA:340,31
DA:341,8
DA:342,36
DA:343,34
DA:344,70
DA:345,8
DA:346,11
DA:347,9
DA:349,182
DA:350,184
DA:351,24
DA:352,482
DA:353,18
DA:356,22
DA:357,14
DA:358,12
DA:359,18
DA:360,23
DA:361,10
DA:362,193
DA:363,17
DA:364,9
DA:365,22
DA:366,156
DA:367,21
DA:368,12
DA:369,105
DA:370,15
DA:373,2
DA:375,42
DA:376,24
DA:377,62
DA:378,82
DA:379,90
DA:380,46
DA:381,42
DA:382,42
DA:383,64
DA:384,5
DA:387,44
DA:388,99
LF:304
LH:298
end_of_record
TN:
SF:src/application/usecases/BufferedRecordOhlcvUseCase.ts
FNF:2
FNH:1
DA:9,13
DA:10,78
DA:11,0
DA:12,0
DA:13,0
DA:14,0
DA:15,0
DA:16,0
DA:17,0
DA:18,0
DA:19,0
DA:20,0
DA:21,8
DA:23,1
LF:14
LH:4
end_of_record
TN:
SF:src/application/usecases/ClosePositionUseCase.ts
FNF:34
FNH:27
DA:1,82
DA:2,70
DA:8,134
DA:9,110
DA:10,94
DA:12,56
DA:13,97
DA:22,49
DA:23,65
DA:26,53
DA:27,183
DA:30,92
DA:31,104
DA:32,38
DA:33,78
DA:34,124
DA:35,27
DA:39,1
DA:41,13
DA:42,102
DA:43,138
DA:44,90
DA:45,66
DA:46,188
DA:47,151
DA:48,10
DA:50,31
DA:51,0
DA:52,0
DA:53,0
DA:54,7
DA:55,12
DA:57,85
DA:58,89
DA:59,9
DA:61,0
DA:62,0
DA:63,0
DA:64,0
DA:65,48
DA:66,15
DA:69,31
DA:70,100
DA:71,96
DA:72,43
DA:75,35
DA:76,113
DA:77,42
DA:78,31
DA:79,13
DA:80,0
DA:81,0
DA:82,0
DA:83,9
DA:84,12
DA:85,10
DA:88,62
DA:89,28
DA:90,28
DA:91,60
DA:92,48
DA:93,48
DA:94,38
DA:95,62
DA:96,14
DA:99,23
DA:100,62
DA:101,58
DA:102,40
DA:103,56
DA:105,141
DA:106,104
DA:107,91
DA:108,19
DA:109,13
DA:111,128
DA:112,70
DA:113,66
DA:115,67
DA:116,159
DA:117,57
DA:118,20
DA:119,71
DA:120,86
DA:121,21
DA:122,17
DA:123,79
DA:124,78
DA:125,25
DA:126,13
DA:127,13
DA:129,0
DA:130,27
DA:131,16
DA:132,54
DA:133,67
DA:134,82
DA:135,19
DA:136,7
DA:137,33
DA:138,9
DA:140,32
DA:141,292
DA:142,15
DA:145,19
DA:146,28
DA:147,27
DA:148,10
DA:149,96
DA:150,24
DA:151,326
DA:152,12
DA:154,78
DA:155,26
DA:156,52
DA:157,22
DA:158,20
DA:159,46
DA:160,50
DA:161,68
DA:162,38
DA:163,6
DA:164,43
DA:165,80
DA:166,76
DA:167,111
DA:168,72
DA:169,41
DA:170,7
DA:171,12
DA:172,159
DA:173,8
DA:174,12
DA:175,12
DA:177,67
DA:178,39
DA:179,9
DA:180,145
DA:183,18
DA:184,28
DA:185,34
DA:186,27
DA:187,10
DA:188,96
DA:189,114
DA:190,118
DA:191,176
DA:193,24
DA:194,406
DA:195,12
DA:197,78
DA:198,26
DA:199,52
DA:200,22
DA:201,24
DA:202,20
DA:203,46
DA:204,50
DA:205,68
DA:206,38
DA:207,6
DA:208,0
DA:209,0
DA:210,0
DA:211,0
DA:212,0
DA:213,12
DA:214,12
DA:216,140
DA:219,20
DA:220,16
DA:221,28
DA:222,28
DA:223,10
DA:224,42
DA:225,84
DA:226,53
DA:227,57
DA:228,68
DA:229,24
DA:230,396
DA:231,16
DA:232,44
DA:233,14
DA:236,31
DA:237,70
DA:238,44
DA:239,9
DA:241,2
LF:189
LH:173
end_of_record
TN:
SF:src/application/usecases/GuardRiskUseCase.ts
FNF:10
FNH:10
DA:2,94
DA:27,56
DA:28,62
DA:29,64
DA:30,66
DA:31,85
DA:34,13
DA:35,90
DA:36,96
DA:37,10
DA:39,23
DA:40,114
DA:41,134
DA:42,146
DA:43,73
DA:44,24
DA:45,490
DA:46,16
DA:47,153
DA:48,9
DA:50,90
DA:52,58
DA:53,96
DA:54,43
DA:55,9
DA:56,96
DA:57,12
DA:58,136
DA:59,8
DA:60,83
DA:61,9
DA:62,96
DA:63,12
DA:64,135
DA:65,8
DA:66,82
DA:67,9
DA:68,26
DA:69,170
DA:70,12
DA:71,83
DA:73,2
DA:75,25
DA:76,20
DA:77,24
DA:78,6
DA:79,24
DA:80,56
DA:81,76
DA:82,72
DA:83,72
DA:84,70
DA:85,78
DA:86,82
DA:87,80
DA:88,5
DA:91,27
DA:92,20
DA:93,24
DA:94,6
DA:95,188
DA:96,24
DA:97,5
DA:98,167
DA:99,157
DA:100,43
DA:101,5
DA:102,5
DA:103,175
DA:104,169
DA:105,47
DA:106,5
DA:107,5
DA:108,175
DA:109,175
DA:110,49
DA:111,5
DA:112,5
DA:113,179
DA:114,181
DA:115,51
DA:116,3
DA:117,5
DA:118,25
DA:121,45
DA:122,91
DA:123,7
DA:124,99
DA:127,47
DA:128,95
DA:129,7
DA:130,103
DA:133,48
DA:134,173
DA:135,7
DA:136,105
DA:139,49
DA:140,177
DA:141,7
DA:142,107
DA:145,47
DA:146,83
LF:102
LH:102
end_of_record
TN:
SF:src/application/usecases/InitializePositionUseCase.ts
FNF:6
FNH:5
DA:3,110
DA:4,94
DA:5,131
DA:14,13
DA:15,102
DA:16,138
DA:17,88
DA:18,10
DA:20,23
DA:21,111
DA:22,17
DA:23,9
DA:25,83
DA:26,119
DA:27,14
DA:28,96
DA:29,98
DA:30,64
DA:31,95
DA:32,24
DA:33,232
DA:34,25
DA:36,2
DA:37,12
DA:38,96
DA:39,24
DA:40,270
DA:41,12
DA:43,2
DA:45,0
DA:46,72
LF:31
LH:30
end_of_record
TN:
SF:src/application/usecases/RecordOhlcvUseCase.ts
FNF:6
FNH:6
DA:3,93
DA:6,1
DA:8,13
DA:9,120
DA:10,98
DA:11,117
DA:12,10
DA:14,39
DA:15,90
DA:16,12
DA:17,119
DA:18,8
DA:19,11
DA:20,9
DA:22,83
DA:23,48
DA:24,64
DA:25,68
DA:26,62
DA:27,56
DA:28,56
DA:29,52
DA:30,60
DA:31,68
DA:32,16
DA:33,186
DA:34,104
DA:35,26
DA:36,306
DA:37,16
DA:38,17
DA:39,9
DA:41,83
DA:42,17
DA:43,9
DA:45,180
DA:46,134
DA:47,82
DA:48,142
DA:49,70
DA:50,50
DA:51,22
DA:52,104
DA:53,100
DA:54,64
DA:55,64
DA:56,12
DA:58,68
DA:59,100
DA:60,26
DA:61,306
DA:62,18
DA:65,64
DA:66,112
DA:67,34
DA:68,32
DA:69,20
DA:70,16
DA:71,12
DA:72,65
DA:73,31
DA:74,9
DA:76,28
DA:77,60
DA:78,64
DA:79,38
DA:80,62
DA:81,62
DA:82,60
DA:83,64
DA:84,26
DA:85,10
DA:88,16
DA:89,20
DA:91,10
DA:92,14
DA:93,62
DA:94,62
DA:95,60
DA:96,62
DA:99,2
LF:81
LH:81
end_of_record
TN:
SF:src/application/usecases/ReduceInventoryUseCase.ts
FNF:36
FNH:31
DA:1,82
DA:2,76
DA:8,110
DA:9,94
DA:11,70
DA:12,97
DA:24,1
DA:26,13
DA:27,102
DA:28,138
DA:29,90
DA:30,114
DA:31,66
DA:32,87
DA:33,10
DA:35,31
DA:36,110
DA:37,96
DA:38,164
DA:39,160
DA:40,160
DA:41,8
DA:42,76
DA:43,26
DA:44,91
DA:45,14
DA:46,29
DA:47,9
DA:49,114
DA:50,102
DA:51,80
DA:52,28
DA:53,38
DA:54,40
DA:55,24
DA:56,12
DA:57,151
DA:58,88
DA:59,29
DA:60,9
DA:62,112
DA:63,88
DA:64,152
DA:65,144
DA:66,44
DA:67,17
DA:68,9
DA:70,74
DA:71,48
DA:72,48
DA:73,34
DA:74,124
DA:75,34
DA:76,44
DA:77,17
DA:78,9
DA:79,8
DA:80,68
DA:81,22
DA:82,42
DA:83,84
DA:84,30
DA:85,30
DA:86,30
DA:87,7
DA:88,14
DA:89,24
DA:90,484
DA:91,16
DA:92,88
DA:93,29
DA:94,9
DA:96,80
DA:97,68
DA:98,52
DA:99,22
DA:100,20
DA:101,46
DA:102,50
DA:103,68
DA:104,40
DA:105,12
DA:107,166
DA:108,95
DA:109,82
DA:110,172
DA:111,88
DA:112,27
DA:113,9
DA:115,180
DA:116,67
DA:117,24
DA:118,334
DA:119,12
DA:120,9
DA:121,78
DA:122,50
DA:123,54
DA:124,62
DA:125,12
DA:126,178
DA:127,84
DA:128,71
DA:129,27
DA:130,9
DA:131,88
DA:132,194
DA:133,35
DA:136,51
DA:137,0
DA:138,0
DA:139,0
DA:140,7
DA:141,12
DA:142,85
DA:143,35
DA:144,5
DA:146,50
DA:147,0
DA:148,0
DA:149,23
DA:151,0
DA:152,0
DA:153,0
DA:154,0
DA:155,21
DA:157,14
DA:160,19
DA:161,28
DA:162,13
DA:163,10
DA:164,149
DA:165,26
DA:166,174
DA:167,41
DA:168,24
DA:169,332
DA:170,1
DA:171,4
DA:172,38
DA:173,28
DA:174,10
DA:177,42
DA:178,40
DA:179,150
DA:180,49
DA:183,44
DA:184,26
DA:185,153
DA:186,79
DA:187,4
DA:188,148
DA:191,20
DA:192,12
DA:193,10
DA:194,14
DA:195,36
DA:196,34
DA:197,10
DA:198,24
DA:199,444
DA:200,12
DA:203,63
DA:204,80
DA:205,142
DA:206,24
DA:207,370
DA:208,12
DA:209,115
DA:210,32
DA:211,196
DA:212,7
DA:213,9
DA:216,46
DA:217,70
DA:218,179
DA:219,21
DA:220,9
DA:221,163
DA:224,54
DA:225,105
DA:227,2
DA:229,86
DA:230,14
DA:231,187
DA:235,29
DA:236,26
DA:237,20
DA:238,22
DA:239,18
DA:240,6
DA:241,175
DA:242,27
DA:243,5
DA:245,78
DA:246,70
DA:247,116
DA:248,30
DA:249,89
DA:252,85
DA:253,94
DA:254,52
DA:255,84
DA:256,82
DA:257,30
DA:258,65
DA:261,50
DA:268,6
DA:269,185
DA:270,27
DA:271,5
DA:272,50
DA:273,148
DA:274,89
DA:275,27
DA:278,44
DA:279,99
LF:217
LH:208
end_of_record
TN:
SF:src/application/usecases/SyncPositionUseCase.ts
FNF:3
FNH:3
DA:4,93
DA:14,13
DA:15,102
DA:16,144
DA:17,10
DA:19,23
DA:20,114
DA:21,111
DA:22,137
DA:23,9
DA:25,116
DA:26,94
DA:27,96
DA:28,53
DA:29,24
DA:30,234
DA:31,12
DA:32,9
DA:33,111
DA:35,2
LF:20
LH:20
end_of_record
TN:
SF:src/application/usecases/UpdatePositionOnFillUseCase.ts
FNF:2
FNH:1
DA:3,93
DA:6,0
DA:7,0
DA:8,0
DA:9,0
DA:10,0
DA:11,0
DA:12,0
DA:13,0
DA:14,0
DA:15,7
DA:17,2
LF:12
LH:3
end_of_record
TN:
SF:src/config.ts
FNF:19
FNH:16
DA:2,70
DA:3,58
DA:4,84
DA:8,62
DA:9,144
DA:11,122
DA:12,124
DA:13,132
DA:14,158
DA:15,152
DA:16,128
DA:17,104
DA:19,120
DA:20,80
DA:21,62
DA:22,14
DA:23,6
DA:24,74
DA:25,74
DA:26,92
DA:27,114
DA:28,114
DA:29,116
DA:30,112
DA:31,6
DA:32,72
DA:33,76
DA:34,60
DA:35,6
DA:36,88
DA:37,24
DA:38,84
DA:39,100
DA:40,104
DA:41,112
DA:42,100
DA:43,188
DA:44,6
DA:45,6
DA:46,34
DA:47,52
DA:48,34
DA:49,42
DA:50,52
DA:52,6
DA:54,98
DA:55,120
DA:56,60
DA:57,110
DA:58,6
DA:60,68
DA:61,80
DA:62,76
DA:63,6
DA:65,66
DA:66,24
DA:67,168
DA:68,6
DA:69,66
DA:70,6
DA:72,60
DA:73,38
DA:74,54
DA:75,76
DA:76,86
DA:77,82
DA:78,82
DA:79,108
DA:80,96
DA:81,122
DA:82,60
DA:83,148
DA:84,86
DA:85,52
DA:86,10
DA:87,40
DA:88,74
DA:89,74
DA:90,82
DA:91,110
DA:92,114
DA:93,118
DA:94,112
DA:95,104
DA:96,108
DA:97,110
DA:98,106
DA:99,10
DA:100,38
DA:101,76
DA:102,98
DA:103,10
DA:104,54
DA:105,36
DA:106,28
DA:107,112
DA:108,8
DA:109,46
DA:110,8
DA:111,48
DA:112,66
DA:113,72
DA:114,62
DA:115,52
DA:116,6
DA:117,4
DA:119,90
DA:120,34
DA:121,48
DA:122,72
DA:123,58
DA:124,62
DA:125,62
DA:126,66
DA:127,74
DA:128,84
DA:129,88
DA:130,12
DA:131,8
DA:132,10
DA:133,34
DA:134,48
DA:135,58
DA:136,58
DA:137,48
DA:138,62
DA:139,66
DA:140,74
DA:141,152
DA:142,102
DA:143,106
DA:144,166
DA:145,136
DA:146,80
DA:147,12
DA:148,8
DA:149,6
DA:150,6
DA:162,82
DA:163,19
DA:165,13
DA:166,68
DA:167,18
DA:168,28
DA:169,10
DA:170,162
DA:171,60
DA:172,81
DA:174,2
DA:176,72
DA:177,74
DA:178,113
DA:180,42
DA:181,132
DA:184,34
DA:185,66
DA:188,73
DA:189,168
DA:190,73
DA:191,41
DA:192,5
DA:194,194
DA:195,30
DA:196,172
DA:197,84
DA:198,88
DA:199,79
DA:202,49
DA:203,58
DA:204,125
DA:207,67
DA:208,88
DA:209,55
DA:210,4
DA:213,49
DA:214,42
DA:215,97
DA:216,30
DA:217,92
DA:218,40
DA:219,36
DA:220,72
DA:221,176
DA:222,10
DA:223,6
DA:224,7
DA:225,125
DA:226,44
DA:227,106
DA:228,40
DA:229,50
DA:230,100
DA:231,176
DA:232,188
DA:233,22
DA:234,178
DA:235,32
DA:236,68
DA:237,124
DA:238,10
DA:239,6
DA:240,7
DA:241,27
DA:244,47
DA:245,30
DA:246,22
DA:247,16
DA:248,51
DA:249,65
DA:250,77
DA:251,5
DA:254,54
DA:255,96
DA:257,42
DA:258,57
DA:259,0
DA:260,0
DA:261,0
DA:262,0
DA:263,2
DA:264,39
DA:265,22
DA:266,17
DA:267,12
DA:268,32
DA:269,152
DA:270,4
DA:271,22
DA:272,134
DA:273,56
DA:274,28
DA:275,3
DA:276,2
DA:277,1
DA:278,5
DA:281,59
DA:282,44
DA:283,90
DA:284,53
DA:285,41
DA:286,9
DA:287,45
DA:289,2
LF:243
LH:239
end_of_record
TN:
SF:src/domain/errors/DomainError.ts
FNF:20
FNH:14
DA:5,1
DA:7,13
DA:8,18
DA:9,20
DA:12,8
DA:13,10
DA:14,171
DA:15,64
DA:16,96
DA:19,0
DA:20,48
DA:23,0
DA:24,37
DA:26,2
DA:28,106
DA:29,63
DA:31,95
DA:32,42
DA:33,54
DA:34,74
DA:35,13
DA:37,2
DA:39,112
DA:40,69
DA:42,95
DA:43,42
DA:44,54
DA:45,74
DA:46,13
DA:48,2
DA:50,118
DA:51,77
DA:53,95
DA:54,42
DA:55,54
DA:56,74
DA:57,13
DA:59,2
DA:61,106
DA:62,63
DA:64,67
DA:65,53
DA:67,2
DA:69,112
DA:70,69
DA:72,0
DA:73,28
DA:75,2
DA:77,118
DA:78,77
DA:80,67
DA:81,53
DA:83,2
DA:90,102
DA:91,13
DA:92,74
DA:93,18
DA:94,28
DA:95,10
DA:96,44
DA:97,54
DA:98,84
DA:99,14
DA:101,2
DA:103,134
DA:104,73
DA:106,83
DA:107,69
DA:109,2
DA:111,124
DA:112,85
DA:114,0
DA:115,36
DA:117,2
DA:119,128
DA:120,75
DA:122,69
DA:123,55
DA:125,2
DA:127,114
DA:128,85
DA:130,0
DA:131,0
DA:132,0
DA:133,0
DA:134,0
DA:135,0
DA:136,0
DA:137,7
DA:139,2
DA:143,106
DA:144,13
DA:145,98
DA:146,18
DA:147,28
DA:148,10
DA:149,44
DA:150,54
DA:151,90
DA:152,14
DA:154,2
DA:156,132
DA:157,65
DA:159,89
DA:160,75
DA:162,2
DA:164,134
DA:165,67
DA:167,0
DA:168,39
DA:170,2
DA:174,55
DA:175,74
DA:178,59
DA:179,92
DA:180,96
DA:181,24
DA:182,59
DA:183,39
DA:184,93
LF:120
LH:108
end_of_record
TN:
SF:src/domain/quote-models/AvellanedaStoikovQuoteModel.ts
FNF:6
FNH:5
DA:1,66
DA:2,186
DA:7,118
DA:8,94
DA:9,83
DA:18,1
DA:20,89
DA:22,33
DA:23,104
DA:24,79
DA:25,143
DA:26,9
DA:28,90
DA:29,100
DA:30,132
DA:31,138
DA:32,138
DA:33,44
DA:34,45
DA:35,14
DA:36,117
DA:38,64
DA:39,78
DA:40,78
DA:41,70
DA:42,70
DA:43,66
DA:44,120
DA:45,40
DA:46,44
DA:47,58
DA:48,94
DA:49,44
DA:50,66
DA:51,60
DA:52,10
DA:53,109
DA:56,39
DA:57,161
DA:58,169
DA:59,9
DA:60,88
DA:61,62
DA:62,9
DA:63,152
DA:64,81
DA:65,9
DA:66,150
DA:67,85
DA:68,9
DA:69,140
DA:70,69
DA:71,9
DA:72,138
DA:73,73
DA:74,9
DA:75,86
DA:76,54
DA:77,9
DA:78,19
DA:81,39
DA:82,82
DA:83,150
DA:84,36
DA:85,173
DA:87,47
DA:88,79
DA:89,9
DA:91,187
DA:94,37
DA:95,168
DA:96,14
DA:97,44
DA:98,38
DA:99,48
DA:100,68
DA:103,2
LF:77
LH:77
end_of_record
TN:
SF:src/domain/quote-models/QuoteModel.ts
FNF:1
FNH:1
DA:1,37
DA:2,58
DA:36,27
DA:37,13
DA:38,37
DA:39,0
DA:40,0
DA:41,0
DA:42,0
DA:43,0
DA:44,0
DA:45,4
DA:46,10
DA:47,24
DA:48,12
DA:49,56
DA:50,2
DA:51,2
DA:53,1
LF:19
LH:13
end_of_record
TN:
SF:src/domain/services/FairPriceCalculator.ts
FNF:3
FNH:3
DA:6,13
DA:7,90
DA:8,141
DA:9,10
DA:11,39
DA:12,36
DA:13,67
DA:14,87
DA:15,47
DA:16,164
DA:18,2
DA:20,67
DA:21,40
DA:22,44
DA:24,65
DA:25,8
DA:26,72
DA:27,72
DA:28,70
DA:29,70
DA:30,44
DA:31,39
DA:32,14
DA:33,26
DA:34,9
DA:35,162
DA:36,94
DA:37,5
DA:39,55
DA:40,15
DA:41,5
DA:42,63
LF:32
LH:32
end_of_record
TN:
SF:src/domain/services/MarketContextBuilder.ts
FNF:4
FNH:3
DA:47,20
DA:48,13
DA:49,40
DA:50,31
DA:51,63
DA:52,71
DA:53,75
DA:54,63
DA:55,77
DA:56,62
DA:57,24
DA:58,50
DA:59,12
DA:60,50
DA:62,17
DA:63,15
DA:64,15
DA:65,20
DA:66,22
DA:67,23
DA:68,24
DA:69,24
DA:70,43
DA:71,47
DA:72,81
DA:73,84
DA:74,84
DA:75,68
DA:76,69
DA:77,80
DA:78,63
DA:79,41
DA:80,2
DA:81,9
DA:82,42
DA:83,44
DA:84,67
DA:85,2
DA:86,9
DA:87,49
DA:88,40
DA:89,2
DA:90,9
DA:91,43
DA:92,39
DA:93,31
DA:94,2
DA:98,20
DA:99,35
DA:102,22
DA:103,17
DA:104,0
DA:105,2
DA:106,42
LF:54
LH:53
end_of_record
TN:
SF:src/domain/services/QuoteEngine.ts
FNF:21
FNH:20
DA:1,74
DA:2,192
DA:10,112
DA:11,100
DA:12,112
DA:13,124
DA:14,100
DA:15,144
DA:65,81
DA:68,13
DA:69,90
DA:70,78
DA:71,66
DA:72,67
DA:73,10
DA:75,33
DA:76,130
DA:77,128
DA:78,52
DA:79,32
DA:80,9
DA:82,168
DA:83,62
DA:84,37
DA:85,9
DA:87,178
DA:88,90
DA:89,11
DA:90,93
DA:91,24
DA:92,2
DA:93,6
DA:94,9
DA:96,182
DA:97,52
DA:98,32
DA:99,9
DA:101,42
DA:102,101
DA:103,188
DA:104,50
DA:105,32
DA:106,13
DA:107,66
DA:108,9
DA:110,100
DA:111,66
DA:112,58
DA:113,66
DA:114,98
DA:115,98
DA:116,98
DA:117,32
DA:118,14
DA:119,54
DA:120,82
DA:121,9
DA:123,82
DA:124,40
DA:125,38
DA:126,144
DA:127,10
DA:128,6
DA:129,10
DA:130,6
DA:131,10
DA:132,12
DA:133,40
DA:134,40
DA:136,69
DA:137,182
DA:138,184
DA:139,52
DA:140,14
DA:141,14
DA:142,26
DA:143,22
DA:144,30
DA:145,22
DA:146,10
DA:147,16
DA:148,42
DA:149,28
DA:150,13
DA:151,75
DA:152,54
DA:153,13
DA:155,52
DA:156,14
DA:157,16
DA:158,26
DA:159,22
DA:160,30
DA:161,22
DA:162,10
DA:163,16
DA:164,42
DA:165,28
DA:166,13
DA:167,75
DA:168,54
DA:169,9
DA:170,9
DA:172,54
DA:173,72
DA:174,22
DA:175,22
DA:176,86
DA:177,66
DA:178,116
DA:179,24
DA:180,44
DA:181,118
DA:182,148
DA:183,10
DA:184,11
DA:187,10
DA:188,22
DA:189,22
DA:190,14
DA:191,24
DA:192,22
DA:193,32
DA:194,14
DA:195,10
DA:196,159
DA:197,51
DA:198,45
DA:199,9
DA:200,165
DA:201,45
DA:202,9
DA:203,46
DA:204,25
DA:205,9
DA:207,150
DA:208,44
DA:209,28
DA:210,9
DA:211,150
DA:212,42
DA:213,27
DA:214,9
DA:216,60
DA:217,44
DA:218,50
DA:219,46
DA:220,24
DA:221,42
DA:222,62
DA:223,11
DA:226,37
DA:232,10
DA:233,89
DA:234,32
DA:235,22
DA:236,38
DA:237,70
DA:238,70
DA:239,84
DA:240,78
DA:241,14
DA:242,7
DA:243,5
DA:245,77
DA:246,65
DA:247,0
DA:248,0
DA:249,0
DA:250,0
DA:251,0
DA:252,0
DA:253,0
DA:254,0
DA:255,0
DA:256,0
DA:257,0
DA:258,7
DA:259,8
DA:262,57
DA:263,79
DA:264,24
DA:265,172
DA:266,172
DA:267,136
DA:268,130
DA:269,10
DA:271,91
DA:272,170
DA:273,47
DA:274,73
DA:275,80
DA:279,55
DA:280,174
DA:281,79
DA:282,24
DA:283,126
DA:284,126
DA:285,132
DA:286,126
DA:287,10
DA:289,75
DA:290,70
DA:291,47
DA:292,99
DA:293,106
DA:297,56
DA:298,160
DA:299,71
DA:300,182
DA:301,184
DA:302,68
DA:303,68
DA:305,91
DA:306,112
DA:307,72
DA:308,13
DA:309,82
DA:310,56
DA:311,36
DA:312,13
DA:314,38
DA:315,28
DA:316,32
DA:317,26
DA:318,8
DA:319,9
DA:322,22
DA:323,16
DA:324,14
DA:325,10
DA:326,120
DA:327,46
DA:328,23
DA:329,9
DA:331,38
DA:332,173
DA:333,46
DA:334,102
DA:335,92
DA:336,82
DA:337,79
DA:338,23
DA:339,18
DA:340,6
DA:341,72
DA:342,52
DA:343,60
DA:344,24
DA:345,78
DA:346,11
DA:347,130
DA:348,23
DA:349,9
DA:351,178
DA:352,180
DA:353,162
DA:354,162
DA:355,75
DA:356,125
DA:357,2
DA:358,12
DA:359,75
[...]
FNF:1
FNH:0
DA:1,0
LF:1
LH:0
end_of_record
TN:
SF:src/lib/hyperliquid/types.ts
FNF:1
FNH:1
DA:63,37
DA:64,7
DA:65,7
DA:66,7
DA:67,8
DA:68,8
DA:69,7
DA:70,7
DA:71,7
DA:72,7
DA:73,8
DA:74,7
DA:75,7
DA:76,7
DA:77,5
DA:78,1
LF:16
LH:16
end_of_record
TN:
SF:src/lib/reporting/metrics/adverseRate.ts
FNF:3
FNH:3
DA:9,27
DA:11,16
DA:12,58
DA:13,9
DA:14,17
DA:15,16
DA:16,5
DA:17,55
DA:18,30
DA:19,90
DA:20,14
DA:21,21
DA:22,41
DA:23,43
DA:24,55
DA:25,33
DA:26,42
DA:27,26
DA:28,73
DA:29,2
DA:30,40
DA:31,33
DA:32,42
DA:33,93
DA:34,2
DA:35,14
LF:26
LH:26
end_of_record
TN:
SF:src/lib/reporting/metrics/drawdown.ts
FNF:2
FNH:2
DA:8,22
DA:9,15
DA:10,38
DA:11,39
DA:12,67
DA:13,1
LF:6
LH:6
end_of_record
TN:
SF:src/lib/reporting/metrics/histogram.ts
FNF:2
FNH:2
DA:7,32
DA:8,55
DA:9,27
DA:10,27
DA:11,32
DA:12,36
DA:13,34
DA:14,2
DA:15,21
DA:16,57
DA:17,15
DA:18,13
DA:19,2
DA:20,25
DA:21,31
DA:22,65
DA:23,27
DA:24,33
DA:25,10
DA:26,5
DA:27,32
DA:28,54
DA:29,64
DA:30,28
DA:31,43
DA:32,2
DA:33,11
LF:27
LH:27
end_of_record
TN:
SF:src/lib/reporting/metrics/hourlyBucket.ts
FNF:6
FNH:6
DA:15,29
DA:17,6
DA:18,86
DA:21,6
DA:22,7
DA:23,16
DA:24,3
DA:25,40
DA:26,46
DA:27,30
DA:28,58
DA:29,85
DA:30,48
DA:31,14
DA:32,95
DA:33,51
DA:34,55
DA:35,33
DA:36,42
DA:37,26
DA:38,39
DA:39,2
DA:40,40
DA:41,33
DA:42,42
DA:43,86
DA:44,2
DA:45,15
DA:48,16
DA:49,58
DA:50,9
DA:51,11
DA:52,9
DA:53,5
DA:54,30
DA:55,55
DA:56,33
DA:57,42
DA:58,48
DA:59,28
DA:60,2
DA:61,14
LF:42
LH:42
end_of_record
TN:
SF:src/lib/reporting/metrics/marketVolume.ts
FNF:4
FNH:4
DA:9,16
DA:10,25
DA:11,30
DA:12,51
DA:13,26
DA:14,18
DA:15,16
DA:16,6
DA:17,47
DA:18,28
DA:19,36
DA:20,2
DA:21,73
DA:31,17
DA:33,16
DA:34,64
DA:35,9
DA:36,11
DA:37,16
DA:38,11
DA:39,5
DA:40,30
DA:41,55
DA:42,33
DA:43,42
DA:44,27
DA:45,37
DA:46,44
DA:47,2
DA:48,14
LF:30
LH:30
end_of_record
TN:
SF:src/lib/reporting/metrics/rollingSharpe.ts
FNF:4
FNH:4
DA:8,6
DA:9,7
DA:10,17
DA:11,17
DA:12,3
DA:13,44
DA:14,62
DA:15,20
DA:16,61
DA:17,35
DA:18,45
DA:19,77
DA:20,17
DA:21,84
DA:22,36
DA:23,64
DA:24,32
DA:25,32
DA:26,52
DA:27,2
DA:28,13
LF:21
LH:21
end_of_record
TN:
SF:src/lib/reporting/queries/MetricsFactQuery.ts
FNF:2
FNH:2
DA:29,9
DA:30,9
DA:31,8
DA:32,14
DA:33,12
DA:34,3
DA:35,70
DA:36,20
DA:37,6
DA:38,771
DA:65,64
DA:68,2
DA:69,83
DA:71,30
DA:72,15
DA:73,21
DA:74,23
DA:75,19
DA:76,21
DA:77,17
DA:78,17
DA:79,28
DA:80,28
DA:81,39
DA:82,57
DA:83,48
DA:84,50
DA:85,42
DA:86,2
LF:29
LH:29
end_of_record
TN:
SF:src/lib/reporting/report/generator.ts
FNF:47
FNH:46
DA:1,35
DA:3,53
DA:4,69
DA:5,57
DA:6,59
DA:7,94
DA:8,82
DA:9,67
DA:10,60
DA:11,61
DA:12,59
DA:13,73
DA:14,71
DA:15,61
DA:16,67
DA:17,40
DA:19,53
DA:21,134
DA:68,15
DA:69,53
DA:70,59
DA:72,29
DA:73,40
DA:74,32
DA:75,54
DA:76,89
DA:77,42
DA:78,20
DA:79,26
DA:80,29
DA:81,36
DA:82,6
DA:83,88
DA:84,49
DA:85,2
DA:87,24
DA:88,41
DA:89,40
DA:90,31
DA:91,17
DA:92,14
DA:93,18
DA:94,13
DA:95,8
DA:96,47
DA:97,30
DA:98,2
DA:99,2
DA:101,74
DA:102,57
DA:103,4
DA:104,72
DA:105,47
DA:106,4
DA:108,59
DA:110,43
DA:111,27
DA:112,21
DA:113,32
DA:114,12
DA:115,29
DA:116,20
DA:117,5
DA:118,41
DA:119,27
DA:120,21
DA:121,32
DA:122,12
DA:123,27
DA:124,20
DA:125,5
DA:127,48
DA:128,46
DA:130,12
DA:131,29
DA:132,30
DA:133,12
DA:134,1
DA:137,1
DA:138,17
DA:139,13
DA:140,3
DA:141,22
DA:142,41
DA:143,22
DA:144,12
DA:145,12
DA:146,9
DA:147,6
DA:148,40
DA:149,33
DA:150,52
DA:151,60
DA:152,7
DA:153,4
DA:154,32
DA:155,94
DA:156,4
DA:157,32
DA:158,99
DA:159,4
DA:160,32
DA:161,23
DA:162,69
DA:163,23
DA:164,7
DA:165,2
DA:166,2
DA:167,15
DA:176,10
DA:177,46
DA:178,17
DA:180,31
DA:181,56
DA:182,5
DA:183,44
DA:184,33
DA:185,18
DA:186,20
DA:187,1
DA:188,4
DA:189,81
DA:191,48
DA:192,38
DA:193,56
DA:194,5
DA:195,40
DA:196,25
DA:197,15
DA:198,1
DA:199,4
DA:200,86
DA:202,57
DA:203,88
DA:204,55
DA:205,17
DA:206,5
DA:207,14
DA:208,12
DA:209,31
DA:210,35
DA:211,25
DA:212,5
DA:214,59
DA:215,90
DA:216,56
DA:217,17
DA:218,5
DA:219,14
DA:220,12
DA:221,32
DA:222,36
DA:223,26
DA:224,5
DA:226,61
DA:227,42
DA:228,78
DA:229,5
DA:230,53
DA:231,41
DA:232,41
DA:233,10
DA:234,1
DA:235,4
DA:236,14
DA:237,12
DA:238,30
DA:239,36
DA:240,29
DA:241,5
DA:243,52
DA:244,86
DA:245,51
DA:246,5
DA:247,14
DA:248,12
DA:249,30
DA:250,34
DA:251,24
DA:252,5
DA:254,56
DA:255,36
DA:256,76
DA:257,5
DA:258,62
DA:259,45
DA:260,33
DA:261,10
DA:262,1
DA:263,4
DA:264,14
DA:265,12
DA:266,28
DA:267,34
DA:268,23
DA:269,5
DA:271,52
DA:272,45
DA:273,35
DA:274,5
DA:275,81
DA:276,81
DA:277,3
DA:278,5
DA:279,50
DA:280,31
DA:281,10
DA:282,1
DA:283,4
DA:284,14
DA:285,12
DA:286,26
DA:287,33
DA:288,25
DA:289,5
DA:291,42
DA:292,44
DA:293,33
DA:294,5
DA:295,89
DA:296,76
DA:297,3
DA:298,5
DA:299,56
DA:300,10
DA:301,1
DA:302,4
DA:303,14
DA:304,12
DA:305,26
DA:306,28
DA:307,24
DA:308,5
DA:310,47
DA:311,21
DA:312,88
DA:313,36
DA:314,52
DA:315,7
DA:316,48
DA:317,23
DA:318,20
DA:319,22
DA:320,1
DA:321,6
DA:322,14
DA:323,29
DA:324,11
DA:325,18
DA:326,36
DA:327,32
DA:328,28
DA:329,7
DA:330,8
DA:331,25
DA:332,1
DA:333,2
DA:334,22
DA:335,40
DA:336,6
DA:337,45
DA:338,55
DA:339,7
DA:340,51
DA:341,22
DA:342,1
DA:343,6
DA:344,14
DA:345,29
DA:346,28
DA:347,11
DA:348,18
DA:349,34
DA:350,35
DA:351,29
DA:352,7
DA:353,5
DA:354,1
DA:355,2
DA:356,0
DA:357,0
DA:358,0
DA:359,4
DA:360,55
DA:362,50
DA:363,41
DA:364,68
DA:365,5
DA:366,54
DA:367,38
DA:368,21
DA:369,29
DA:370,1
DA:371,4
DA:372,14
DA:373,12
DA:374,29
DA:375,25
DA:376,28
DA:377,5
DA:379,54
DA:381,10
DA:384,7
DA:385,33
DA:388,20
DA:389,20
DA:390,30
DA:391,52
DA:392,31
DA:393,28
DA:394,2
DA:395,2
DA:396,13
DA:399,8
DA:403,3
DA:404,21
DA:405,15
DA:406,22
DA:407,21
DA:408,32
DA:410,44
DA:411,41
DA:412,22
DA:413,38
DA:414,59
DA:415,22
DA:416,39
DA:417,31
DA:418,4
DA:419,54
DA:420,4
DA:422,18
DA:423,83
DA:424,17
DA:425,20
DA:426,86
DA:427,2
DA:428,82
DA:429,69
DA:430,78
DA:431,59
DA:432,80
DA:433,88
DA:434,90
DA:435,79
DA:437,12
DA:438,16
DA:439,18
DA:440,13
DA:441,15
DA:442,59
DA:443,54
DA:444,16
DA:445,17
DA:446,60
DA:447,62
DA:448,64
DA:449,64
DA:450,79
DA:451,36
DA:452,26
DA:453,27
DA:454,21
DA:455,18
DA:456,13
DA:457,32
DA:458,6
DA:459,21
DA:460,28
DA:461,27
DA:462,6
DA:463,13
DA:464,1
DA:467,19
DA:468,70
DA:469,93
DA:470,0
DA:471,2
DA:472,97
DA:473,41
DA:476,10
DA:477,63
DA:480,1
DA:481,7
DA:482,9
DA:483,3
DA:484,26
DA:485,19
DA:486,30
DA:487,52
DA:488,31
DA:489,13
DA:490,4
DA:491,47
DA:492,49
DA:493,27
DA:494,2
DA:495,47
DA:498,24
DA:499,24
DA:500,0
DA:501,2
DA:502,71
DA:503,28
DA:506,11
DA:507,23
DA:508,0
DA:509,2
DA:510,79
DA:513,33
DA:514,53
DA:515,50
DA:516,1
LF:413
LH:407
end_of_record
TN:
SF:src/lib/reporting/report/kpiTable.ts
FNF:29
FNH:29
DA:9,31
DA:10,33
DA:11,36
DA:14,31
DA:15,33
DA:16,50
DA:19,31
DA:20,86
DA:21,36
DA:24,31
DA:25,86
DA:26,50
DA:29,11
DA:30,86
DA:31,31
DA:34,14
DA:35,83
DA:38,18
DA:39,39
DA:40,59
DA:41,17
DA:44,5
DA:45,7
DA:46,27
DA:47,15
DA:48,74
DA:49,60
DA:50,64
DA:51,73
DA:52,75
DA:53,70
DA:54,56
DA:55,5
DA:56,6
DA:57,7
DA:58,28
DA:59,15
DA:60,82
DA:61,84
DA:62,84
DA:63,84
DA:64,80
DA:65,62
DA:66,58
DA:67,72
DA:68,5
DA:69,6
DA:70,7
DA:71,30
DA:72,15
DA:73,70
DA:74,81
DA:75,85
DA:76,63
DA:77,5
DA:78,3
DA:79,4
DA:81,19
DA:82,36
DA:83,39
DA:84,19
DA:85,45
DA:86,60
DA:87,50
DA:88,76
DA:89,4
DA:90,17
DA:91,2
DA:92,31
LF:69
LH:69
end_of_record
TN:
SF:src/lib/reporting/report/markdown.ts
FNF:1
FNH:1
DA:2,47
DA:23,16
DA:24,19
DA:25,60
DA:26,41
DA:27,17
DA:28,44
DA:29,42
DA:30,44
DA:31,17
DA:32,31
DA:33,17
DA:34,44
DA:35,17
DA:36,42
DA:37,38
DA:38,19
DA:39,42
DA:40,37
DA:41,21
DA:42,59
DA:43,19
DA:44,2
DA:45,2
DA:46,47
DA:47,27
DA:48,19
DA:49,38
DA:50,28
DA:51,4
DA:52,17
DA:53,2
DA:54,21
LF:33
LH:33
end_of_record
TN:
SF:src/lib/reporting/report/paths.ts
FNF:5
FNH:5
DA:1,33
DA:11,32
DA:12,46
DA:13,12
DA:14,18
DA:15,12
DA:16,39
DA:17,41
DA:18,38
DA:19,2
DA:22,22
DA:23,56
DA:26,6
DA:27,9
DA:28,14
DA:29,11
DA:30,9
DA:31,3
DA:32,74
DA:38,29
DA:39,46
DA:45,6
DA:46,14
DA:47,11
DA:48,9
DA:49,3
DA:50,61
LF:27
LH:27
end_of_record
TN:
SF:src/lib/reporting/svg/axis.ts
FNF:7
FNH:7
DA:1,48
DA:3,35
DA:33,15
DA:34,60
DA:35,88
DA:36,34
DA:37,11
DA:38,95
DA:39,47
DA:40,30
DA:41,39
DA:42,39
DA:43,27
DA:44,4
DA:45,1
DA:46,4
DA:47,36
DA:50,15
DA:51,76
DA:52,88
DA:53,38
DA:54,29
DA:55,13
DA:56,46
DA:57,40
DA:58,32
DA:59,24
DA:60,29
DA:61,4
DA:62,6
DA:63,20
DA:64,11
DA:65,83
DA:66,45
DA:67,29
DA:68,41
DA:69,41
DA:70,29
DA:71,6
DA:72,2
DA:73,4
DA:74,35
DA:77,15
DA:78,47
DA:79,88
DA:80,28
DA:81,24
DA:82,42
DA:83,47
DA:84,35
DA:85,30
DA:86,39
DA:87,39
DA:88,27
DA:89,2
DA:90,2
DA:91,36
DA:92,35
LF:58
LH:58
end_of_record
TN:
SF:src/lib/reporting/svg/charts/areaChart.ts
FNF:1
FNH:1
DA:1,49
DA:3,36
DA:5,6
DA:6,6
DA:7,11
DA:8,3
DA:9,37
DA:10,9
DA:11,44
DA:12,28
DA:13,47
DA:14,52
DA:15,2
LF:13
LH:13
end_of_record
TN:
SF:src/lib/reporting/svg/charts/barChart.ts
FNF:12
FNH:12
DA:1,51
DA:2,52
DA:3,58
DA:4,64
DA:5,36
DA:7,57
DA:26,6
DA:27,6
DA:28,11
DA:29,3
DA:30,68
DA:31,41
DA:34,12
DA:35,35
DA:36,35
DA:37,21
DA:38,21
DA:39,12
DA:40,0
DA:41,0
DA:42,0
DA:43,2
DA:45,2
DA:46,19
DA:49,1
DA:50,6
DA:51,6
DA:52,3
DA:53,49
DA:54,52
DA:55,39
DA:56,26
DA:57,35
DA:58,25
DA:59,37
DA:61,61
DA:63,70
DA:65,47
DA:66,40
DA:67,39
DA:68,68
DA:69,62
DA:70,29
DA:72,33
DA:73,33
DA:74,41
DA:75,40
DA:76,42
DA:77,81
DA:78,4
DA:80,39
DA:81,63
DA:83,40
DA:84,65
DA:85,14
DA:86,13
DA:87,20
DA:88,20
DA:89,12
DA:90,9
DA:91,9
DA:92,17
DA:93,17
DA:94,19
DA:95,7
DA:96,71
DA:97,13
DA:98,5
DA:100,29
DA:103,1
DA:104,6
DA:105,6
DA:106,3
DA:107,49
DA:108,52
DA:109,56
DA:110,26
DA:111,35
DA:112,25
DA:113,37
DA:115,61
DA:117,27
DA:119,47
DA:120,40
DA:121,39
DA:122,62
DA:123,69
DA:124,29
DA:126,51
DA:127,33
DA:128,33
DA:129,42
DA:130,40
DA:131,89
DA:132,4
DA:134,30
DA:135,77
DA:136,25
DA:137,37
DA:138,37
DA:139,25
DA:140,1
DA:141,4
DA:143,39
DA:144,63
DA:146,40
DA:147,65
DA:148,14
DA:149,13
DA:150,69
DA:151,16
DA:152,12
DA:153,9
DA:154,6
DA:155,7
DA:156,76
DA:157,16
DA:158,15
DA:159,5
DA:161,29
DA:164,17
DA:165,67
DA:166,66
DA:167,41
LF:124
LH:121
end_of_record
TN:
SF:src/lib/reporting/svg/charts/groupedBarChart.ts
FNF:4
FNH:4
DA:1,51
DA:2,45
DA:3,58
DA:4,64
DA:5,36
DA:7,57
DA:23,6
DA:24,12
DA:25,8
DA:26,11
DA:27,3
DA:28,49
DA:29,52
DA:30,39
DA:31,26
DA:32,35
DA:33,30
DA:34,37
DA:36,61
DA:38,62
DA:39,59
DA:40,43
DA:41,2
DA:43,41
DA:44,41
DA:45,22
DA:46,0
DA:47,0
DA:48,0
DA:49,0
DA:50,0
DA:52,2
DA:53,47
DA:55,72
DA:56,27
DA:57,25
DA:58,41
DA:59,4
DA:60,4
DA:61,62
DA:62,29
DA:64,18
DA:65,28
DA:66,52
DA:67,37
DA:68,48
DA:69,37
DA:70,33
DA:71,43
DA:72,42
DA:73,56
DA:74,84
DA:75,2
DA:76,2
DA:78,39
DA:79,75
DA:80,43
DA:81,27
DA:82,39
DA:83,39
DA:84,27
DA:85,4
DA:86,1
DA:87,4
DA:89,39
DA:90,63
DA:92,40
DA:93,65
DA:94,14
DA:95,18
DA:96,13
DA:97,20
DA:98,20
DA:99,12
DA:100,9
DA:101,9
DA:102,17
DA:103,17
DA:104,19
DA:105,7
DA:106,75
DA:107,13
DA:108,5
DA:110,29
LF:84
LH:79
end_of_record
TN:
SF:src/lib/reporting/svg/charts/histogramChart.ts
FNF:4
FNH:4
DA:2,51
DA:3,42
DA:4,52
DA:5,53
DA:6,36
DA:8,57
DA:19,6
DA:20,6
DA:21,11
DA:22,3
DA:23,49
DA:24,52
DA:25,39
DA:26,26
DA:27,35
DA:28,25
DA:29,37
DA:31,61
DA:33,70
DA:35,30
DA:36,34
DA:37,39
DA:38,72
DA:39,62
DA:40,47
DA:41,82
DA:43,51
DA:45,35
DA:46,30
DA:47,30
DA:48,33
DA:49,39
DA:50,35
DA:51,57
DA:52,4
DA:54,39
DA:55,59
DA:56,83
DA:58,40
DA:59,65
DA:60,14
DA:61,13
DA:62,20
DA:63,20
DA:64,12
DA:65,9
DA:66,9
DA:67,17
DA:68,17
DA:69,46
DA:70,7
DA:71,76
DA:72,13
DA:73,5
DA:75,29
LF:55
LH:55
end_of_record
TN:
SF:src/lib/reporting/svg/charts/lineChart.ts
FNF:8
FNH:8
DA:1,85
DA:2,42
DA:3,88
DA:4,61
DA:5,36
DA:32,6
DA:33,6
DA:34,11
DA:35,3
DA:36,49
DA:37,52
DA:38,39
DA:39,26
DA:40,35
DA:41,25
DA:42,37
DA:44,61
DA:46,70
DA:48,40
DA:49,40
DA:50,29
DA:51,32
DA:52,35
DA:53,72
DA:54,12
DA:56,62
DA:57,62
DA:59,71
DA:61,51
DA:62,35
DA:64,26
DA:65,45
DA:66,31
DA:67,28
DA:68,31
DA:69,25
DA:70,19
DA:71,63
DA:72,74
DA:73,62
DA:74,9
DA:75,18
DA:76,89
DA:77,2
DA:78,2
DA:79,18
DA:80,22
DA:81,17
DA:82,18
DA:83,24
DA:84,28
DA:85,2
DA:86,4
DA:88,39
DA:89,88
DA:90,63
DA:91,16
DA:92,17
DA:93,82
DA:95,78
DA:97,40
DA:98,65
DA:99,14
DA:100,15
DA:101,13
DA:102,20
DA:103,20
DA:104,12
DA:105,9
DA:106,9
DA:107,17
DA:108,17
DA:109,19
DA:110,7
DA:111,76
DA:112,21
DA:113,5
DA:115,30
DA:118,24
DA:119,25
DA:120,37
DA:121,38
DA:122,37
DA:123,28
DA:124,22
DA:125,3
DA:128,35
DA:129,12
DA:130,35
DA:131,67
DA:132,16
DA:133,48
DA:134,32
DA:135,41
DA:136,41
DA:137,29
DA:138,6
DA:139,7
DA:140,10
DA:141,8
DA:142,1
DA:145,19
DA:146,27
DA:147,20
DA:148,28
DA:149,28
DA:150,37
DA:151,37
DA:152,28
DA:153,35
DA:154,2
LF:111
LH:111
end_of_record
TN:
SF:src/lib/reporting/svg/charts/scatterChart.ts
FNF:5
FNH:5
DA:1,51
DA:2,42
DA:3,66
DA:4,61
DA:5,36
DA:7,57
DA:24,6
DA:25,6
DA:26,11
DA:27,3
DA:28,49
DA:29,52
DA:30,39
DA:31,26
DA:32,35
DA:33,25
DA:34,37
DA:36,61
DA:38,70
DA:40,32
DA:41,32
DA:42,29
DA:43,29
DA:44,62
DA:45,62
DA:47,51
DA:48,30
DA:49,75
DA:50,4
DA:52,86
DA:54,39
DA:55,39
DA:56,63
DA:57,63
DA:59,40
DA:60,65
DA:61,14
DA:62,13
DA:63,20
DA:64,20
DA:65,12
DA:66,9
DA:67,9
DA:68,17
DA:69,17
DA:70,19
DA:71,7
DA:72,76
DA:73,13
DA:74,15
DA:75,5
DA:77,29
DA:80,1
DA:81,9
DA:82,9
DA:83,8
DA:84,8
DA:85,3
DA:86,48
DA:87,48
DA:88,18
DA:89,65
DA:90,30
DA:91,22
DA:92,27
DA:93,2
LF:66
LH:66
end_of_record
TN:
SF:src/lib/reporting/svg/format.ts
FNF:9
FNH:9
DA:3,24
DA:4,8
DA:5,9
DA:6,9
DA:7,10
DA:8,10
DA:9,10
DA:10,11
DA:11,11
DA:12,11
DA:13,11
DA:14,12
DA:15,10
DA:16,2
DA:18,24
DA:19,45
DA:20,38
DA:21,37
DA:22,2
DA:23,59
DA:26,28
DA:27,35
DA:28,60
DA:29,52
DA:30,19
DA:31,81
DA:32,20
DA:33,2
DA:34,13
DA:37,17
DA:38,41
DA:39,37
DA:40,27
DA:41,19
DA:42,30
DA:43,47
DA:44,40
DA:45,42
DA:46,46
DA:47,74
DA:51,17
DA:52,49
DA:53,46
DA:54,26
DA:55,50
DA:56,42
DA:59,30
DA:60,39
DA:61,54
DA:64,16
DA:65,30
DA:66,58
DA:67,60
DA:68,29
DA:71,7
DA:72,33
LF:56
LH:56
end_of_record
TN:
SF:src/lib/reporting/svg/primitives.ts
FNF:12
FNH:12
DA:3,16
DA:4,13
DA:5,23
DA:6,22
DA:7,22
DA:8,24
DA:9,23
DA:12,11
DA:13,19
DA:14,52
DA:15,39
DA:16,76
DA:17,34
DA:18,2
DA:19,51
DA:22,16
DA:23,43
DA:24,53
DA:25,43
DA:28,34
DA:29,12
DA:30,172
DA:31,22
DA:32,10
DA:33,11
DA:36,26
DA:37,58
DA:40,6
DA:41,3
DA:42,3
DA:43,7
DA:44,8
DA:45,12
DA:46,3
DA:47,67
DA:50,37
DA:51,62
DA:54,36
DA:55,78
DA:58,24
DA:59,49
DA:62,32
DA:63,59
DA:66,6
DA:67,8
DA:68,12
DA:69,3
DA:70,89
DA:71,65
LF:49
LH:49
end_of_record
TN:
SF:src/lib/reporting/svg/scale.ts
FNF:8
FNH:8
DA:17,24
DA:18,39
DA:19,38
DA:20,26
DA:21,46
DA:22,53
DA:24,39
DA:25,10
DA:35,39
DA:36,39
DA:37,54
DA:38,54
DA:39,40
DA:40,25
DA:41,46
DA:42,26
DA:43,39
DA:44,51
DA:45,2
DA:46,24
DA:47,34
DA:48,31
DA:49,48
DA:50,4
DA:51,15
DA:53,50
DA:54,10
DA:57,28
DA:58,20
DA:59,54
DA:60,39
DA:61,31
DA:62,68
DA:63,40
DA:64,23
DA:65,40
DA:66,44
DA:67,35
DA:68,5
DA:69,2
DA:70,2
DA:71,52
DA:72,19
DA:73,84
DA:74,39
DA:75,2
DA:76,12
DA:79,17
DA:80,76
DA:81,57
DA:84,17
DA:85,29
DA:86,27
DA:87,27
DA:88,32
DA:89,36
DA:90,34
DA:91,2
DA:92,21
DA:93,55
DA:94,41
DA:95,2
DA:96,20
DA:99,17
DA:100,30
DA:101,69
DA:102,42
LF:67
LH:67
end_of_record
TN:
SF:src/lib/reporting/svg/theme.ts
FNF:1
FNH:1
DA:1,23
DA:2,13
DA:3,20
DA:4,20
DA:5,20
DA:6,23
DA:7,24
DA:8,24
DA:9,24
DA:10,19
DA:11,20
DA:12,19
DA:13,19
DA:14,23
DA:15,23
DA:16,4
DA:17,11
DA:18,69
DA:19,17
DA:20,15
DA:21,4
DA:22,13
DA:23,15
DA:24,16
DA:25,55
DA:26,2
DA:27,1
LF:27
LH:27
end_of_record
TN:
SF:src/lib/slack/SlackWebhook.ts
FNF:4
FNH:3
DA:16,13
DA:17,18
DA:18,66
DA:19,103
DA:20,10
DA:21,38
DA:22,71
DA:24,2
DA:26,44
DA:27,24
DA:28,17
DA:29,6
DA:30,82
DA:31,38
DA:32,134
DA:33,62
DA:34,10
DA:36,35
DA:37,91
DA:38,56
DA:39,106
DA:40,24
DA:41,8
DA:42,5
DA:43,4
LF:25
LH:25
end_of_record
TN:
SF:src/lib/slack/errorLevels.ts
FNF:1
FNH:1
DA:3,38
DA:4,22
DA:5,2
DA:7,44
DA:8,17
DA:9,2
DA:11,17
DA:12,14
LF:8
LH:8
end_of_record
TN:
SF:src/lib/slack/index.ts
FNF:1
FNH:1
DA:1,33
DA:2,33
LF:2
LH:2
end_of_record
TN:
SF:src/utils/args.ts
FNF:1
FNH:1
DA:1,15
DA:2,21
DA:4,56
DA:5,30
DA:6,45
DA:7,13
DA:8,4
DA:10,60
DA:11,16
DA:12,13
DA:13,4
DA:15,30
DA:16,0
DA:17,0
DA:18,4
DA:20,33
DA:21,42
DA:22,26
DA:23,17
DA:24,8
DA:25,0
DA:27,0
DA:28,2
DA:30,14
LF:24
LH:20
end_of_record
TN:
SF:src/utils/databaseUrl.ts
FNF:17
FNH:17
DA:1,38
DA:3,54
DA:9,22
DA:10,60
DA:12,20
DA:13,5
DA:14,86
DA:15,35
DA:16,2
DA:17,5
DA:18,43
DA:19,15
DA:20,19
DA:21,34
DA:22,1
DA:23,2
DA:24,20
DA:25,85
DA:26,2
DA:29,22
DA:30,51
DA:31,23
DA:32,52
DA:33,37
DA:34,85
DA:35,2
DA:36,12
DA:39,17
DA:40,68
DA:42,19
DA:43,5
DA:44,39
DA:45,28
DA:46,2
DA:47,5
DA:48,38
DA:49,11
DA:50,84
DA:52,2
DA:53,23
DA:56,11
DA:57,40
DA:58,39
DA:59,70
DA:60,53
DA:61,31
LF:46
LH:46
end_of_record
TN:
SF:src/utils/errors.ts
FNF:9
FNH:9
DA:12,16
DA:13,32
DA:14,53
DA:15,34
DA:16,23
DA:17,0
DA:18,4
DA:19,81
DA:20,2
DA:22,35
DA:23,12
DA:24,2
DA:25,89
DA:26,20
DA:27,2
DA:29,9
DA:30,28
DA:31,0
DA:32,1
DA:36,16
DA:37,53
DA:40,16
DA:41,36
DA:44,16
DA:45,32
DA:46,34
DA:47,36
DA:48,58
DA:49,55
DA:50,63
DA:51,14
DA:52,11
DA:53,32
DA:54,13
DA:55,66
DA:56,35
DA:57,31
DA:58,14
DA:59,43
DA:60,1
DA:61,2
DA:63,39
DA:64,12
DA:65,19
DA:66,11
DA:67,17
DA:68,1
DA:71,18
DA:72,32
DA:73,86
DA:74,69
DA:77,11
DA:78,26
DA:79,48
DA:82,11
DA:83,32
DA:84,83
DA:85,6
DA:86,2
DA:87,14
DA:90,11
DA:91,18
DA:94,11
DA:95,19
DA:96,22
DA:98,37
DA:99,11
DA:100,42
DA:101,39
DA:102,15
DA:103,5
DA:104,32
DA:105,2
DA:107,26
DA:108,0
DA:109,2
DA:111,12
LF:77
LH:74
end_of_record
TN:
SF:src/utils/fs.ts
FNF:4
FNH:2
DA:1,52
DA:2,36
DA:4,0
DA:5,1
DA:8,23
DA:9,50
DA:10,33
DA:13,0
LF:8
LH:6
end_of_record
TN:
SF:src/utils/logger.ts
FNF:12
FNH:9
DA:1,32
DA:3,19
DA:4,17
DA:5,15
DA:6,15
DA:7,17
DA:8,11
DA:9,2
DA:13,96
DA:16,30
DA:17,22
DA:18,21
DA:19,20
DA:20,21
DA:21,19
DA:22,2
DA:24,28
DA:25,33
DA:28,34
DA:29,33
DA:30,39
DA:31,15
DA:32,0
DA:34,2
DA:38,30
DA:39,44
DA:40,70
DA:43,38
DA:44,21
DA:45,33
DA:46,32
DA:47,32
DA:48,33
DA:49,21
DA:50,4
DA:52,26
DA:53,30
DA:55,19
DA:56,0
DA:57,2
DA:59,36
DA:62,33
DA:63,42
DA:64,32
DA:65,52
DA:69,52
DA:72,51
DA:74,24
DA:75,0
DA:76,0
DA:77,0
DA:78,3
DA:80,23
DA:81,39
DA:82,47
DA:83,35
DA:85,24
DA:86,40
DA:87,48
DA:88,34
DA:90,23
DA:91,39
DA:92,47
DA:93,35
DA:95,24
DA:96,40
DA:97,48
DA:98,36
DA:103,19
DA:107,11
DA:108,1
LF:71
LH:66
end_of_record
TN:
SF:src/utils/result.ts
FNF:7
FNH:7
DA:1,50
DA:4,23
DA:5,9
DA:6,16
DA:7,19
DA:8,28
DA:12,6
DA:13,9
DA:14,10
DA:15,3
DA:16,50
DA:19,17
DA:20,84
DA:23,18
DA:24,22
DA:26,34
DA:27,26
DA:28,24
DA:29,4
DA:30,30
DA:31,2
DA:33,20
DA:36,18
DA:37,24
DA:40,11
DA:42,3
DA:43,32
DA:44,20
DA:46,28
DA:47,28
DA:48,26
DA:49,24
DA:50,4
DA:51,29
DA:52,2
DA:54,17
LF:36
LH:36
end_of_record
TN:
SF:src/utils/slackNotification.ts
FNF:10
FNH:9
DA:1,125
DA:8,60
DA:9,37
DA:18,22
DA:19,22
DA:21,11
DA:22,85
DA:25,16
DA:26,39
DA:27,0
DA:30,13
DA:31,73
DA:32,37
DA:33,4
DA:36,12
DA:37,66
DA:40,8
DA:45,3
DA:46,61
DA:47,19
DA:48,33
DA:49,59
DA:50,44
DA:51,3
DA:52,0
DA:53,0
DA:54,2
DA:55,19
DA:56,79
DA:57,32
DA:58,4
DA:60,30
DA:61,0
DA:62,2
DA:64,37
DA:65,0
DA:66,2
DA:68,37
DA:69,0
DA:70,0
DA:71,0
DA:72,0
DA:73,0
DA:74,0
DA:75,2
DA:77,67
DA:79,45
DA:82,1
DA:83,7
DA:84,9
DA:85,3
DA:86,37
DA:87,44
DA:88,50
DA:89,38
DA:91,12
DA:92,20
DA:93,9
DA:94,14
DA:95,49
DA:96,66
DA:97,5
DA:98,3
DA:99,2
DA:102,6
DA:103,7
DA:104,13
DA:105,3
DA:106,47
DA:107,34
DA:109,9
DA:110,82
DA:111,0
DA:112,1
LF:74
LH:62
end_of_record
TN:
SF:src/utils/transientBulk.ts
FNF:16
FNH:13
DA:1,38
DA:2,45
DA:18,16
DA:19,41
DA:20,40
DA:21,65
DA:22,36
DA:23,32
DA:24,19
DA:25,2
DA:26,13
DA:28,29
DA:29,11
DA:30,2
DA:32,40
DA:33,87
DA:36,11
DA:37,50
DA:40,15
DA:41,35
DA:42,64
DA:43,12
DA:44,4
DA:45,57
DA:46,0
DA:47,0
DA:48,4
DA:49,9
DA:52,44
DA:53,5
DA:54,39
DA:55,17
DA:56,2
DA:57,15
DA:58,26
DA:59,27
DA:60,26
DA:61,2
DA:64,6
DA:65,11
DA:66,8
DA:67,3
DA:68,49
DA:69,43
DA:70,16
DA:72,60
DA:73,11
DA:74,25
DA:75,21
DA:76,24
DA:77,66
DA:78,11
DA:79,6
DA:80,50
DA:81,35
DA:83,0
DA:85,0
LF:57
LH:53
end_of_record
TN:
SF:tests/unit/reporting/fixtures.ts
FNF:2
FNH:2
DA:3,35
DA:5,22
DA:6,11
DA:7,23
DA:8,20
DA:9,14
DA:10,13
DA:11,9
DA:12,12
DA:13,14
DA:14,42
DA:15,23
DA:16,19
DA:17,18
DA:18,2
DA:20,25
DA:21,40
DA:24,11
DA:25,46
DA:26,19
DA:27,35
DA:28,43
DA:29,11
DA:30,17
DA:31,18
DA:32,11
DA:33,21
DA:34,13
DA:35,16
DA:36,38
DA:37,22
DA:38,31
DA:39,53
DA:40,51
DA:41,2
DA:42,4
DA:43,2
DA:44,12
LF:38
LH:38
end_of_record
